<?xml version="1.0" encoding="UTF-8"?>
<testsuite xmlns:xsi="http://www.w3.org/2001/XMLSchema-instance" xsi:noNamespaceSchemaLocation="https://maven.apache.org/surefire/maven-surefire-plugin/xsd/surefire-test-report-3.0.xsd" version="3.0" name="com.example.mypack.controller.PersonControllerTest" time="5.365" tests="8" errors="0" skipped="0" failures="1">
  <properties>
    <property name="java.specification.version" value="17"/>
    <property name="sun.cpu.isalist" value="amd64"/>
    <property name="sun.jnu.encoding" value="Cp1252"/>
    <property name="java.class.path" value="E:\NewLearningServices\gym-user-service\target\test-classes;E:\NewLearningServices\gym-user-service\target\classes;C:\Users\LENOVO\.m2\repository\org\springframework\boot\spring-boot-starter-data-mongodb\3.2.5\spring-boot-starter-data-mongodb-3.2.5.jar;C:\Users\LENOVO\.m2\repository\org\springframework\boot\spring-boot-starter\3.2.5\spring-boot-starter-3.2.5.jar;C:\Users\LENOVO\.m2\repository\org\springframework\boot\spring-boot-starter-logging\3.2.5\spring-boot-starter-logging-3.2.5.jar;C:\Users\LENOVO\.m2\repository\ch\qos\logback\logback-classic\1.4.14\logback-classic-1.4.14.jar;C:\Users\LENOVO\.m2\repository\ch\qos\logback\logback-core\1.4.14\logback-core-1.4.14.jar;C:\Users\LENOVO\.m2\repository\org\apache\logging\log4j\log4j-to-slf4j\2.21.1\log4j-to-slf4j-2.21.1.jar;C:\Users\LENOVO\.m2\repository\org\apache\logging\log4j\log4j-api\2.21.1\log4j-api-2.21.1.jar;C:\Users\LENOVO\.m2\repository\org\slf4j\jul-to-slf4j\2.0.13\jul-to-slf4j-2.0.13.jar;C:\Users\LENOVO\.m2\repository\jakarta\annotation\jakarta.annotation-api\2.1.1\jakarta.annotation-api-2.1.1.jar;C:\Users\LENOVO\.m2\repository\org\yaml\snakeyaml\2.2\snakeyaml-2.2.jar;C:\Users\LENOVO\.m2\repository\org\mongodb\mongodb-driver-sync\4.11.2\mongodb-driver-sync-4.11.2.jar;C:\Users\LENOVO\.m2\repository\org\mongodb\bson\4.11.2\bson-4.11.2.jar;C:\Users\LENOVO\.m2\repository\org\mongodb\mongodb-driver-core\4.11.2\mongodb-driver-core-4.11.2.jar;C:\Users\LENOVO\.m2\repository\org\mongodb\bson-record-codec\4.11.2\bson-record-codec-4.11.2.jar;C:\Users\LENOVO\.m2\repository\org\springframework\data\spring-data-mongodb\4.2.5\spring-data-mongodb-4.2.5.jar;C:\Users\LENOVO\.m2\repository\org\springframework\spring-tx\6.1.6\spring-tx-6.1.6.jar;C:\Users\LENOVO\.m2\repository\org\springframework\spring-context\6.1.6\spring-context-6.1.6.jar;C:\Users\LENOVO\.m2\repository\org\springframework\spring-beans\6.1.6\spring-beans-6.1.6.jar;C:\Users\LENOVO\.m2\repository\org\springframework\spring-expression\6.1.6\spring-expression-6.1.6.jar;C:\Users\LENOVO\.m2\repository\org\springframework\data\spring-data-commons\3.2.5\spring-data-commons-3.2.5.jar;C:\Users\LENOVO\.m2\repository\org\slf4j\slf4j-api\2.0.13\slf4j-api-2.0.13.jar;C:\Users\LENOVO\.m2\repository\org\springframework\boot\spring-boot-starter-validation\3.2.5\spring-boot-starter-validation-3.2.5.jar;C:\Users\LENOVO\.m2\repository\org\apache\tomcat\embed\tomcat-embed-el\10.1.20\tomcat-embed-el-10.1.20.jar;C:\Users\LENOVO\.m2\repository\org\hibernate\validator\hibernate-validator\8.0.1.Final\hibernate-validator-8.0.1.Final.jar;C:\Users\LENOVO\.m2\repository\jakarta\validation\jakarta.validation-api\3.0.2\jakarta.validation-api-3.0.2.jar;C:\Users\LENOVO\.m2\repository\org\jboss\logging\jboss-logging\3.5.3.Final\jboss-logging-3.5.3.Final.jar;C:\Users\LENOVO\.m2\repository\com\fasterxml\classmate\1.6.0\classmate-1.6.0.jar;C:\Users\LENOVO\.m2\repository\org\springframework\boot\spring-boot-starter-web\3.2.5\spring-boot-starter-web-3.2.5.jar;C:\Users\LENOVO\.m2\repository\org\springframework\boot\spring-boot-starter-json\3.2.5\spring-boot-starter-json-3.2.5.jar;C:\Users\LENOVO\.m2\repository\com\fasterxml\jackson\core\jackson-databind\2.15.4\jackson-databind-2.15.4.jar;C:\Users\LENOVO\.m2\repository\com\fasterxml\jackson\core\jackson-annotations\2.15.4\jackson-annotations-2.15.4.jar;C:\Users\LENOVO\.m2\repository\com\fasterxml\jackson\core\jackson-core\2.15.4\jackson-core-2.15.4.jar;C:\Users\LENOVO\.m2\repository\com\fasterxml\jackson\datatype\jackson-datatype-jdk8\2.15.4\jackson-datatype-jdk8-2.15.4.jar;C:\Users\LENOVO\.m2\repository\com\fasterxml\jackson\datatype\jackson-datatype-jsr310\2.15.4\jackson-datatype-jsr310-2.15.4.jar;C:\Users\LENOVO\.m2\repository\com\fasterxml\jackson\module\jackson-module-parameter-names\2.15.4\jackson-module-parameter-names-2.15.4.jar;C:\Users\LENOVO\.m2\repository\org\springframework\boot\spring-boot-starter-tomcat\3.2.5\spring-boot-starter-tomcat-3.2.5.jar;C:\Users\LENOVO\.m2\repository\org\apache\tomcat\embed\tomcat-embed-core\10.1.20\tomcat-embed-core-10.1.20.jar;C:\Users\LENOVO\.m2\repository\org\apache\tomcat\embed\tomcat-embed-websocket\10.1.20\tomcat-embed-websocket-10.1.20.jar;C:\Users\LENOVO\.m2\repository\org\springframework\spring-web\6.1.6\spring-web-6.1.6.jar;C:\Users\LENOVO\.m2\repository\io\micrometer\micrometer-observation\1.12.5\micrometer-observation-1.12.5.jar;C:\Users\LENOVO\.m2\repository\io\micrometer\micrometer-commons\1.12.5\micrometer-commons-1.12.5.jar;C:\Users\LENOVO\.m2\repository\org\springframework\spring-webmvc\6.1.6\spring-webmvc-6.1.6.jar;C:\Users\LENOVO\.m2\repository\org\springframework\spring-aop\6.1.6\spring-aop-6.1.6.jar;C:\Users\LENOVO\.m2\repository\org\springframework\boot\spring-boot-devtools\3.2.5\spring-boot-devtools-3.2.5.jar;C:\Users\LENOVO\.m2\repository\org\springframework\boot\spring-boot\3.2.5\spring-boot-3.2.5.jar;C:\Users\LENOVO\.m2\repository\org\springframework\boot\spring-boot-autoconfigure\3.2.5\spring-boot-autoconfigure-3.2.5.jar;C:\Users\LENOVO\.m2\repository\org\projectlombok\lombok\1.18.32\lombok-1.18.32.jar;C:\Users\LENOVO\.m2\repository\org\springframework\boot\spring-boot-starter-test\3.2.5\spring-boot-starter-test-3.2.5.jar;C:\Users\LENOVO\.m2\repository\org\springframework\boot\spring-boot-test\3.2.5\spring-boot-test-3.2.5.jar;C:\Users\LENOVO\.m2\repository\org\springframework\boot\spring-boot-test-autoconfigure\3.2.5\spring-boot-test-autoconfigure-3.2.5.jar;C:\Users\LENOVO\.m2\repository\com\jayway\jsonpath\json-path\2.9.0\json-path-2.9.0.jar;C:\Users\LENOVO\.m2\repository\jakarta\xml\bind\jakarta.xml.bind-api\4.0.2\jakarta.xml.bind-api-4.0.2.jar;C:\Users\LENOVO\.m2\repository\jakarta\activation\jakarta.activation-api\2.1.3\jakarta.activation-api-2.1.3.jar;C:\Users\LENOVO\.m2\repository\net\minidev\json-smart\2.5.1\json-smart-2.5.1.jar;C:\Users\LENOVO\.m2\repository\net\minidev\accessors-smart\2.5.1\accessors-smart-2.5.1.jar;C:\Users\LENOVO\.m2\repository\org\ow2\asm\asm\9.6\asm-9.6.jar;C:\Users\LENOVO\.m2\repository\org\assertj\assertj-core\3.24.2\assertj-core-3.24.2.jar;C:\Users\LENOVO\.m2\repository\net\bytebuddy\byte-buddy\1.14.13\byte-buddy-1.14.13.jar;C:\Users\LENOVO\.m2\repository\org\awaitility\awaitility\4.2.1\awaitility-4.2.1.jar;C:\Users\LENOVO\.m2\repository\org\hamcrest\hamcrest\2.2\hamcrest-2.2.jar;C:\Users\LENOVO\.m2\repository\org\junit\jupiter\junit-jupiter\5.10.2\junit-jupiter-5.10.2.jar;C:\Users\LENOVO\.m2\repository\org\junit\jupiter\junit-jupiter-api\5.10.2\junit-jupiter-api-5.10.2.jar;C:\Users\LENOVO\.m2\repository\org\opentest4j\opentest4j\1.3.0\opentest4j-1.3.0.jar;C:\Users\LENOVO\.m2\repository\org\junit\platform\junit-platform-commons\1.10.2\junit-platform-commons-1.10.2.jar;C:\Users\LENOVO\.m2\repository\org\apiguardian\apiguardian-api\1.1.2\apiguardian-api-1.1.2.jar;C:\Users\LENOVO\.m2\repository\org\junit\jupiter\junit-jupiter-params\5.10.2\junit-jupiter-params-5.10.2.jar;C:\Users\LENOVO\.m2\repository\org\junit\jupiter\junit-jupiter-engine\5.10.2\junit-jupiter-engine-5.10.2.jar;C:\Users\LENOVO\.m2\repository\org\junit\platform\junit-platform-engine\1.10.2\junit-platform-engine-1.10.2.jar;C:\Users\LENOVO\.m2\repository\org\mockito\mockito-core\5.7.0\mockito-core-5.7.0.jar;C:\Users\LENOVO\.m2\repository\net\bytebuddy\byte-buddy-agent\1.14.13\byte-buddy-agent-1.14.13.jar;C:\Users\LENOVO\.m2\repository\org\objenesis\objenesis\3.3\objenesis-3.3.jar;C:\Users\LENOVO\.m2\repository\org\mockito\mockito-junit-jupiter\5.7.0\mockito-junit-jupiter-5.7.0.jar;C:\Users\LENOVO\.m2\repository\org\skyscreamer\jsonassert\1.5.1\jsonassert-1.5.1.jar;C:\Users\LENOVO\.m2\repository\com\vaadin\external\google\android-json\0.0.20131108.vaadin1\android-json-0.0.20131108.vaadin1.jar;C:\Users\LENOVO\.m2\repository\org\springframework\spring-core\6.1.6\spring-core-6.1.6.jar;C:\Users\LENOVO\.m2\repository\org\springframework\spring-jcl\6.1.6\spring-jcl-6.1.6.jar;C:\Users\LENOVO\.m2\repository\org\springframework\spring-test\6.1.6\spring-test-6.1.6.jar;C:\Users\LENOVO\.m2\repository\org\xmlunit\xmlunit-core\2.9.1\xmlunit-core-2.9.1.jar;"/>
    <property name="java.vm.vendor" value="Eclipse Adoptium"/>
    <property name="sun.arch.data.model" value="64"/>
    <property name="user.variant" value=""/>
    <property name="java.vendor.url" value="https://adoptium.net/"/>
    <property name="user.timezone" value="Asia/Calcutta"/>
    <property name="org.jboss.logging.provider" value="slf4j"/>
    <property name="os.name" value="Windows 10"/>
    <property name="java.vm.specification.version" value="17"/>
    <property name="sun.java.launcher" value="SUN_STANDARD"/>
    <property name="user.country" value="US"/>
    <property name="sun.boot.library.path" value="E:\Softwares\sts-4.20.0.RELEASE\plugins\org.eclipse.justj.openjdk.hotspot.jre.full.win32.x86_64_17.0.8.v20230831-1047\jre\bin"/>
    <property name="sun.java.command" value="C:\Users\LENOVO\AppData\Local\Temp\surefire12368753016546441407\surefirebooter-20240521072739340_3.jar C:\Users\LENOVO\AppData\Local\Temp\surefire12368753016546441407 2024-05-21T07-27-38_963-jvmRun1 surefire-20240521072739340_1tmp surefire_0-20240521072739340_2tmp"/>
    <property name="jdk.debug" value="release"/>
    <property name="surefire.test.class.path" value="E:\NewLearningServices\gym-user-service\target\test-classes;E:\NewLearningServices\gym-user-service\target\classes;C:\Users\LENOVO\.m2\repository\org\springframework\boot\spring-boot-starter-data-mongodb\3.2.5\spring-boot-starter-data-mongodb-3.2.5.jar;C:\Users\LENOVO\.m2\repository\org\springframework\boot\spring-boot-starter\3.2.5\spring-boot-starter-3.2.5.jar;C:\Users\LENOVO\.m2\repository\org\springframework\boot\spring-boot-starter-logging\3.2.5\spring-boot-starter-logging-3.2.5.jar;C:\Users\LENOVO\.m2\repository\ch\qos\logback\logback-classic\1.4.14\logback-classic-1.4.14.jar;C:\Users\LENOVO\.m2\repository\ch\qos\logback\logback-core\1.4.14\logback-core-1.4.14.jar;C:\Users\LENOVO\.m2\repository\org\apache\logging\log4j\log4j-to-slf4j\2.21.1\log4j-to-slf4j-2.21.1.jar;C:\Users\LENOVO\.m2\repository\org\apache\logging\log4j\log4j-api\2.21.1\log4j-api-2.21.1.jar;C:\Users\LENOVO\.m2\repository\org\slf4j\jul-to-slf4j\2.0.13\jul-to-slf4j-2.0.13.jar;C:\Users\LENOVO\.m2\repository\jakarta\annotation\jakarta.annotation-api\2.1.1\jakarta.annotation-api-2.1.1.jar;C:\Users\LENOVO\.m2\repository\org\yaml\snakeyaml\2.2\snakeyaml-2.2.jar;C:\Users\LENOVO\.m2\repository\org\mongodb\mongodb-driver-sync\4.11.2\mongodb-driver-sync-4.11.2.jar;C:\Users\LENOVO\.m2\repository\org\mongodb\bson\4.11.2\bson-4.11.2.jar;C:\Users\LENOVO\.m2\repository\org\mongodb\mongodb-driver-core\4.11.2\mongodb-driver-core-4.11.2.jar;C:\Users\LENOVO\.m2\repository\org\mongodb\bson-record-codec\4.11.2\bson-record-codec-4.11.2.jar;C:\Users\LENOVO\.m2\repository\org\springframework\data\spring-data-mongodb\4.2.5\spring-data-mongodb-4.2.5.jar;C:\Users\LENOVO\.m2\repository\org\springframework\spring-tx\6.1.6\spring-tx-6.1.6.jar;C:\Users\LENOVO\.m2\repository\org\springframework\spring-context\6.1.6\spring-context-6.1.6.jar;C:\Users\LENOVO\.m2\repository\org\springframework\spring-beans\6.1.6\spring-beans-6.1.6.jar;C:\Users\LENOVO\.m2\repository\org\springframework\spring-expression\6.1.6\spring-expression-6.1.6.jar;C:\Users\LENOVO\.m2\repository\org\springframework\data\spring-data-commons\3.2.5\spring-data-commons-3.2.5.jar;C:\Users\LENOVO\.m2\repository\org\slf4j\slf4j-api\2.0.13\slf4j-api-2.0.13.jar;C:\Users\LENOVO\.m2\repository\org\springframework\boot\spring-boot-starter-validation\3.2.5\spring-boot-starter-validation-3.2.5.jar;C:\Users\LENOVO\.m2\repository\org\apache\tomcat\embed\tomcat-embed-el\10.1.20\tomcat-embed-el-10.1.20.jar;C:\Users\LENOVO\.m2\repository\org\hibernate\validator\hibernate-validator\8.0.1.Final\hibernate-validator-8.0.1.Final.jar;C:\Users\LENOVO\.m2\repository\jakarta\validation\jakarta.validation-api\3.0.2\jakarta.validation-api-3.0.2.jar;C:\Users\LENOVO\.m2\repository\org\jboss\logging\jboss-logging\3.5.3.Final\jboss-logging-3.5.3.Final.jar;C:\Users\LENOVO\.m2\repository\com\fasterxml\classmate\1.6.0\classmate-1.6.0.jar;C:\Users\LENOVO\.m2\repository\org\springframework\boot\spring-boot-starter-web\3.2.5\spring-boot-starter-web-3.2.5.jar;C:\Users\LENOVO\.m2\repository\org\springframework\boot\spring-boot-starter-json\3.2.5\spring-boot-starter-json-3.2.5.jar;C:\Users\LENOVO\.m2\repository\com\fasterxml\jackson\core\jackson-databind\2.15.4\jackson-databind-2.15.4.jar;C:\Users\LENOVO\.m2\repository\com\fasterxml\jackson\core\jackson-annotations\2.15.4\jackson-annotations-2.15.4.jar;C:\Users\LENOVO\.m2\repository\com\fasterxml\jackson\core\jackson-core\2.15.4\jackson-core-2.15.4.jar;C:\Users\LENOVO\.m2\repository\com\fasterxml\jackson\datatype\jackson-datatype-jdk8\2.15.4\jackson-datatype-jdk8-2.15.4.jar;C:\Users\LENOVO\.m2\repository\com\fasterxml\jackson\datatype\jackson-datatype-jsr310\2.15.4\jackson-datatype-jsr310-2.15.4.jar;C:\Users\LENOVO\.m2\repository\com\fasterxml\jackson\module\jackson-module-parameter-names\2.15.4\jackson-module-parameter-names-2.15.4.jar;C:\Users\LENOVO\.m2\repository\org\springframework\boot\spring-boot-starter-tomcat\3.2.5\spring-boot-starter-tomcat-3.2.5.jar;C:\Users\LENOVO\.m2\repository\org\apache\tomcat\embed\tomcat-embed-core\10.1.20\tomcat-embed-core-10.1.20.jar;C:\Users\LENOVO\.m2\repository\org\apache\tomcat\embed\tomcat-embed-websocket\10.1.20\tomcat-embed-websocket-10.1.20.jar;C:\Users\LENOVO\.m2\repository\org\springframework\spring-web\6.1.6\spring-web-6.1.6.jar;C:\Users\LENOVO\.m2\repository\io\micrometer\micrometer-observation\1.12.5\micrometer-observation-1.12.5.jar;C:\Users\LENOVO\.m2\repository\io\micrometer\micrometer-commons\1.12.5\micrometer-commons-1.12.5.jar;C:\Users\LENOVO\.m2\repository\org\springframework\spring-webmvc\6.1.6\spring-webmvc-6.1.6.jar;C:\Users\LENOVO\.m2\repository\org\springframework\spring-aop\6.1.6\spring-aop-6.1.6.jar;C:\Users\LENOVO\.m2\repository\org\springframework\boot\spring-boot-devtools\3.2.5\spring-boot-devtools-3.2.5.jar;C:\Users\LENOVO\.m2\repository\org\springframework\boot\spring-boot\3.2.5\spring-boot-3.2.5.jar;C:\Users\LENOVO\.m2\repository\org\springframework\boot\spring-boot-autoconfigure\3.2.5\spring-boot-autoconfigure-3.2.5.jar;C:\Users\LENOVO\.m2\repository\org\projectlombok\lombok\1.18.32\lombok-1.18.32.jar;C:\Users\LENOVO\.m2\repository\org\springframework\boot\spring-boot-starter-test\3.2.5\spring-boot-starter-test-3.2.5.jar;C:\Users\LENOVO\.m2\repository\org\springframework\boot\spring-boot-test\3.2.5\spring-boot-test-3.2.5.jar;C:\Users\LENOVO\.m2\repository\org\springframework\boot\spring-boot-test-autoconfigure\3.2.5\spring-boot-test-autoconfigure-3.2.5.jar;C:\Users\LENOVO\.m2\repository\com\jayway\jsonpath\json-path\2.9.0\json-path-2.9.0.jar;C:\Users\LENOVO\.m2\repository\jakarta\xml\bind\jakarta.xml.bind-api\4.0.2\jakarta.xml.bind-api-4.0.2.jar;C:\Users\LENOVO\.m2\repository\jakarta\activation\jakarta.activation-api\2.1.3\jakarta.activation-api-2.1.3.jar;C:\Users\LENOVO\.m2\repository\net\minidev\json-smart\2.5.1\json-smart-2.5.1.jar;C:\Users\LENOVO\.m2\repository\net\minidev\accessors-smart\2.5.1\accessors-smart-2.5.1.jar;C:\Users\LENOVO\.m2\repository\org\ow2\asm\asm\9.6\asm-9.6.jar;C:\Users\LENOVO\.m2\repository\org\assertj\assertj-core\3.24.2\assertj-core-3.24.2.jar;C:\Users\LENOVO\.m2\repository\net\bytebuddy\byte-buddy\1.14.13\byte-buddy-1.14.13.jar;C:\Users\LENOVO\.m2\repository\org\awaitility\awaitility\4.2.1\awaitility-4.2.1.jar;C:\Users\LENOVO\.m2\repository\org\hamcrest\hamcrest\2.2\hamcrest-2.2.jar;C:\Users\LENOVO\.m2\repository\org\junit\jupiter\junit-jupiter\5.10.2\junit-jupiter-5.10.2.jar;C:\Users\LENOVO\.m2\repository\org\junit\jupiter\junit-jupiter-api\5.10.2\junit-jupiter-api-5.10.2.jar;C:\Users\LENOVO\.m2\repository\org\opentest4j\opentest4j\1.3.0\opentest4j-1.3.0.jar;C:\Users\LENOVO\.m2\repository\org\junit\platform\junit-platform-commons\1.10.2\junit-platform-commons-1.10.2.jar;C:\Users\LENOVO\.m2\repository\org\apiguardian\apiguardian-api\1.1.2\apiguardian-api-1.1.2.jar;C:\Users\LENOVO\.m2\repository\org\junit\jupiter\junit-jupiter-params\5.10.2\junit-jupiter-params-5.10.2.jar;C:\Users\LENOVO\.m2\repository\org\junit\jupiter\junit-jupiter-engine\5.10.2\junit-jupiter-engine-5.10.2.jar;C:\Users\LENOVO\.m2\repository\org\junit\platform\junit-platform-engine\1.10.2\junit-platform-engine-1.10.2.jar;C:\Users\LENOVO\.m2\repository\org\mockito\mockito-core\5.7.0\mockito-core-5.7.0.jar;C:\Users\LENOVO\.m2\repository\net\bytebuddy\byte-buddy-agent\1.14.13\byte-buddy-agent-1.14.13.jar;C:\Users\LENOVO\.m2\repository\org\objenesis\objenesis\3.3\objenesis-3.3.jar;C:\Users\LENOVO\.m2\repository\org\mockito\mockito-junit-jupiter\5.7.0\mockito-junit-jupiter-5.7.0.jar;C:\Users\LENOVO\.m2\repository\org\skyscreamer\jsonassert\1.5.1\jsonassert-1.5.1.jar;C:\Users\LENOVO\.m2\repository\com\vaadin\external\google\android-json\0.0.20131108.vaadin1\android-json-0.0.20131108.vaadin1.jar;C:\Users\LENOVO\.m2\repository\org\springframework\spring-core\6.1.6\spring-core-6.1.6.jar;C:\Users\LENOVO\.m2\repository\org\springframework\spring-jcl\6.1.6\spring-jcl-6.1.6.jar;C:\Users\LENOVO\.m2\repository\org\springframework\spring-test\6.1.6\spring-test-6.1.6.jar;C:\Users\LENOVO\.m2\repository\org\xmlunit\xmlunit-core\2.9.1\xmlunit-core-2.9.1.jar;"/>
    <property name="sun.cpu.endian" value="little"/>
    <property name="user.home" value="C:\Users\LENOVO"/>
    <property name="user.language" value="en"/>
    <property name="java.specification.vendor" value="Oracle Corporation"/>
    <property name="java.version.date" value="2023-08-24"/>
    <property name="java.home" value="E:\Softwares\sts-4.20.0.RELEASE\plugins\org.eclipse.justj.openjdk.hotspot.jre.full.win32.x86_64_17.0.8.v20230831-1047\jre"/>
    <property name="file.separator" value="\"/>
    <property name="style.color" value="always"/>
    <property name="basedir" value="E:\NewLearningServices\gym-user-service"/>
    <property name="java.vm.compressedOopsMode" value="32-bit"/>
    <property name="line.separator" value="&#10;"/>
    <property name="java.vm.specification.vendor" value="Oracle Corporation"/>
    <property name="java.specification.name" value="Java Platform API Specification"/>
    <property name="FILE_LOG_CHARSET" value="windows-1252"/>
    <property name="java.awt.headless" value="true"/>
    <property name="surefire.real.class.path" value="C:\Users\LENOVO\AppData\Local\Temp\surefire12368753016546441407\surefirebooter-20240521072739340_3.jar"/>
    <property name="user.script" value=""/>
    <property name="sun.management.compiler" value="HotSpot 64-Bit Tiered Compilers"/>
    <property name="java.runtime.version" value="17.0.8.1+1"/>
    <property name="user.name" value="LENOVO"/>
    <property name="path.separator" value=";"/>
    <property name="os.version" value="10.0"/>
    <property name="java.runtime.name" value="OpenJDK Runtime Environment"/>
    <property name="file.encoding" value="Cp1252"/>
    <property name="java.vm.name" value="OpenJDK 64-Bit Server VM"/>
    <property name="java.vendor.version" value="Temurin-17.0.8.1+1"/>
    <property name="localRepository" value="C:\Users\LENOVO\.m2\repository"/>
    <property name="java.vendor.url.bug" value="https://github.com/adoptium/adoptium-support/issues"/>
    <property name="java.io.tmpdir" value="C:\Users\LENOVO\AppData\Local\Temp\"/>
    <property name="java.version" value="17.0.8.1"/>
    <property name="user.dir" value="E:\NewLearningServices\gym-user-service"/>
    <property name="os.arch" value="amd64"/>
    <property name="java.vm.specification.name" value="Java Virtual Machine Specification"/>
    <property name="PID" value="17752"/>
    <property name="sun.os.patch.level" value=""/>
    <property name="CONSOLE_LOG_CHARSET" value="windows-1252"/>
    <property name="native.encoding" value="Cp1252"/>
    <property name="java.library.path" value="E:\Softwares\sts-4.20.0.RELEASE\plugins\org.eclipse.justj.openjdk.hotspot.jre.full.win32.x86_64_17.0.8.v20230831-1047\jre\bin;C:\Windows\Sun\Java\bin;C:\Windows\system32;C:\Windows;E:/Softwares/sts-4.20.0.RELEASE//plugins/org.eclipse.justj.openjdk.hotspot.jre.full.win32.x86_64_17.0.8.v20230831-1047/jre/bin/server;E:/Softwares/sts-4.20.0.RELEASE//plugins/org.eclipse.justj.openjdk.hotspot.jre.full.win32.x86_64_17.0.8.v20230831-1047/jre/bin;C:\Program Files\Common Files\Oracle\Java\javapath;C:\Program Files (x86)\Common Files\Oracle\Java\javapath;C:\Windows\system32;C:\Windows;C:\Windows\System32\Wbem;C:\Windows\System32\WindowsPowerShell\v1.0\;C:\Windows\System32\OpenSSH\;C:\Program Files\nodejs\;C:\Program Files\Git\cmd;C:\Program Files\Maven\apache-maven-3.6.2-bin\apache-maven-3.6.2\bin;C:\Program Files\Kubernetes\Minikube;C:\Windows\System32\WindowsPowerShell\v1.0;C:\Program Files\Docker Toolbox;;C:\Program Files\Docker\Docker\resources\bin;C:\Program Files\PuTTY\;C:\Program Files\Java\jdk-17\bin;C:\Program Files\Maven\apache-maven-3.6.2-bin\apache-maven-3.6\bin\bin;C:\Users\LENOVO\AppData\Roaming\npm;C:\Users\LENOVO\AppData\Local\Programs\Microsoft VS Code\bin;C:\Program Files\Docker Toolbox;D:\minikube;;C:\Program Files\Docker Toolbox;E:\Softwares\sts-4.20.0.RELEASE;;."/>
    <property name="java.vm.info" value="mixed mode"/>
    <property name="java.vendor" value="Eclipse Adoptium"/>
    <property name="java.vm.version" value="17.0.8.1+1"/>
    <property name="sun.io.unicode.encoding" value="UnicodeLittle"/>
    <property name="java.class.version" value="61.0"/>
  </properties>
  <testcase name="getPersonByIdObjectNotFoundTest" classname="com.example.mypack.controller.PersonControllerTest" time="0.201">
    <system-out><![CDATA[07:27:44.596 [main] INFO org.springframework.test.context.support.AnnotationConfigContextLoaderUtils -- Could not detect default configuration classes for test class [com.example.mypack.controller.PersonControllerTest]: PersonControllerTest does not declare any static, non-private, non-final, nested classes annotated with @Configuration.
07:27:44.929 [main] INFO org.springframework.boot.test.context.SpringBootTestContextBootstrapper -- Found @SpringBootConfiguration com.example.mypack.GymUserServiceApplication for test class com.example.mypack.controller.PersonControllerTest
07:27:45.419 [main] INFO org.springframework.boot.devtools.restart.RestartApplicationListener -- Restart disabled due to context in which it is running

  .   ____          _            __ _ _
 /\\ / ___'_ __ _ _(_)_ __  __ _ \ \ \ \
( ( )\___ | '_ | '_| | '_ \/ _` | \ \ \ \
 \\/  ___)| |_)| | | | | || (_| |  ) ) ) )
  '  |____| .__|_| |_|_| |_\__, | / / / /
 =========|_|==============|___/=/_/_/_/
 :: Spring Boot ::                (v3.2.5)

2024-05-21T07:27:46.254+05:30  INFO 17752 --- [           main] c.e.m.controller.PersonControllerTest    : Starting PersonControllerTest using Java 17.0.8.1 with PID 17752 (started by LENOVO in E:\NewLearningServices\gym-user-service)
2024-05-21T07:27:46.259+05:30  INFO 17752 --- [           main] c.e.m.controller.PersonControllerTest    : No active profile set, falling back to 1 default profile: "default"
2024-05-21T07:27:48.168+05:30  INFO 17752 --- [           main] o.s.b.t.m.w.SpringBootMockServletContext : Initializing Spring TestDispatcherServlet ''
2024-05-21T07:27:48.169+05:30  INFO 17752 --- [           main] o.s.t.web.servlet.TestDispatcherServlet  : Initializing Servlet ''
2024-05-21T07:27:48.174+05:30  INFO 17752 --- [           main] o.s.t.web.servlet.TestDispatcherServlet  : Completed initialization in 2 ms
2024-05-21T07:27:48.218+05:30  INFO 17752 --- [           main] c.e.m.controller.PersonControllerTest    : Started PersonControllerTest in 2.821 seconds (process running for 8.599)

MockHttpServletRequest:
      HTTP Method = GET
      Request URI = /v1/person/FF1345
       Parameters = {}
          Headers = []
             Body = null
    Session Attrs = {}

Handler:
             Type = com.example.mypack.controller.PersonController
           Method = com.example.mypack.controller.PersonController#getPersonById(String)

Async:
    Async started = false
     Async result = null

Resolved Exception:
             Type = com.example.mypack.exception.ObjectNotFoundException

ModelAndView:
        View name = null
             View = null
            Model = null

FlashMap:
       Attributes = null

MockHttpServletResponse:
           Status = 404
    Error message = null
          Headers = [Vary:"Origin", "Access-Control-Request-Method", "Access-Control-Request-Headers", Content-Type:"application/json"]
     Content type = application/json
             Body = {"error":"Object Not Found for given Id : FF1345"}
    Forwarded URL = null
   Redirected URL = null
          Cookies = []
]]></system-out>
  </testcase>
  <testcase name="getAllPersonTest" classname="com.example.mypack.controller.PersonControllerTest" time="0.254">
    <system-out><![CDATA[
MockHttpServletRequest:
      HTTP Method = GET
      Request URI = /v1/person
       Parameters = {}
          Headers = []
             Body = null
    Session Attrs = {}

Handler:
             Type = com.example.mypack.controller.PersonController
           Method = com.example.mypack.controller.PersonController#getAllPerson()

Async:
    Async started = false
     Async result = null

Resolved Exception:
             Type = null

ModelAndView:
        View name = null
             View = null
            Model = null

FlashMap:
       Attributes = null

MockHttpServletResponse:
           Status = 200
    Error message = null
          Headers = [Vary:"Origin", "Access-Control-Request-Method", "Access-Control-Request-Headers", Content-Type:"application/json"]
     Content type = application/json
             Body = [{"personId":"FF-38","firstName":"Amanpreet","lastName":"singh","email":"abc@gmail.com","mobile":"+919335302631","weight":0.1,"height":0.1,"bmi":0.1,"bmiResult":"Not Good","gender":"Male","isTrainerRequire":"Yes","trainingPackage":"Monthly","motivations":["Burn Fat","Reduce weight"],"hasBeenToGym":"Yes","enquiryDate":"2024-05-02","age":20,"imageData":{"name":"Iphone.jpg","type":"image/jpeg","imageData":"eNqtenVUVd3W/qalRUTpg4B0SDcHQUBAWkBauqQ7j4CCtLSC0p3S3Q3S3d0hh85zfgfv+9547/3GuN83fpsx/1hr7b04c65nPvNZa2/4FHwJuC8rJSMFICEhAW8RfwB8FpAAsDAwMDHQsTDvYWJjY+Hgk9zHx8PDp3z0+AEJLRXdUxoqGmoGVoFnDEy8zNQ0nC84eYVExMTE6J5JyUmKygqAxUTuJkHCxsbGx8WnuH+fQoSRhlHkf33BmwGCe0g0SDQoSNQAMgESCgESvB0AAQASGtLvC/jjQkJGQUVDx7iHiYWNuKHiPoCMhIKCjIqChoaKihj1RowDqARoD55wPEcnVDbAoLZ/yOkbmXqPRrykhUhl+JCWy9DBDxPr0WNiEtKndPQMjEzcPLx8/AKCEi8kpaRfysiqvlZT13ijqWVkbGJqZm5h6ejk7OLq5u7h/+FjQOCnoOCo6JjYuPgvXxPS0jMys7JzcvNKy8orKquqa2pb29o7Oru6e3pHRsfGJyanpmeWV1bX1jc2t7Z3oEfHJ6dn5xeXV3d+IQEoSH9e/9EvAoRfyKioKKgYd34hIbve3UCAivaEA/3Bc2UMA3tCak7few/FI1NLWjBpuFQOiQwdhrEe0XIvP4Xeufbbs//OMb//k2d/d+wffs0AOChIiMVDIQDAwJksQ9p7rP8fxmiegpoWzAD8m4UOi6E9VEaYYTDAkP7QEHF7x0NAWZI4BTmYQxJ4qBwsqIQk+fDfDHlY5m70X43Id2WRqGXZE4lGyqw2/tNbvVt0xcqX5A4ygPqtW1e7iPykUlMjBqd2Vh/kTPP7irhocNSz888JQM84jM6yVF+Yj4xUDcxtjuOLfy6+aSrd+OtVQl6jyHgzIGEf3mJtAMqa6S0rk+MXz7ns7ivZkbfFpuDy8M+936jF0epYHRk5So6T0DarO02zlRqZiborM38iu27R+MQybovS7SBSppkVVQyyxYNxwzIbcWUFB3wM4MCKBY8QeB9XVM58zga3BnPrJRwg0Ek09/hsKNrBccVm9ab3OsmFjz2J0sXP2oPC9Yal5/YpHGhSggNQ7uTD0g3YXvL5BghGVwPak3/pXFKNGDONsZiJwvGOeotxy5Uv0xCOKdnl5Nx0WLr+570RF5oOcMBF8foYHw4Q6vhrLvoGVMXDLrJC5DpCs6fXZuZ9tIrNRH8OJokMNN/IJo78caeC4qd4hyjqcHWaItZl8DWrPdigBg4kPfBRq0uxCO74OL/36O1S2UuScBEAJfpSvTxH1qG8/MVAWnDt3Cwc+HCuvI8KB8IK6OGASbYEFN3EgHyiUjs57Fjr07T3UTooIcHPyptTyDMdd+9oIDrm/Tsk41eHXU0KjRcrBbtaUh8S7Hi1hseemgLt1loi6eTfO2tN/MIaJn5tORbI7YT0FO3YkNHNkyhMSJWFMNl/czppwUglD84EB2dV1rZUVsZO5r8gRceYSu3auJd1oWvcUMHr/hPKNZ1PeSnlpri09dpTgKjfZo7vgYzwsQ6u5vR3i3mdUwimW+mkxldWZ2ZztUzrz3P3JtEGD/m7cDwpA6dOd2clKzSF+5x5R/Gimjt5b/Hwh/z1aJa/aly/mu2FOAouB45Wn3dC7jPPnfQFsTlNGX/beEf0+ao0qgDyTF6O+BpXb2fkSIhChxkzfNazA2AJu+0CtcK+R5SsVO0+8HzRVB43oYAS6ieYj9JCuVq8rKVl3ae7ffgKDnjHb3adB2Kcor9nGZa8y5V/WDkiCZ7+Tqd/Mjf28MEr4VVYknUMHFhkgXzl+SWarHWoSC7YYzwQyDQ680M0JTUlx+tlT6dMJspCht8Tlp3AVOGE7f36x7nz4qWz2+urb++JWkYMJUzifnCmXluLOnYR7eIcyFmiJ3UMiba8Yr9gWB+L3bJ0OyCxj+yw3IGBakYM4YCcf4/NS7I2p05p1OPuzEOfMLya4szMiVWszqNSlLCLLa7ZKGaPGCLWGavuZzWZOHqUaisJysPZjZO/NtSCDRi6PMJNiuWi27Rw69+NmiulRCBNF53llexHzbnsDvKErYLwp6Yt7i9qzogkknxgJfDubc59Ekg/WiFPWqJSKkzu7aE2vlR47hN63DOZUNDsqxvxoVwXrJqsXDOe7l5YQKUpHGud2kOf271kXdgnwtU6WSX5WLLiTbwfzk9FhboqI6Lh4H4GA+48rxPOnYrLPGljd9WEUNJ9H5oLV8WhzdED7pyfSnpSax3VP1Sq1wiT6mo9X/vgjAiLXklOFK5wBvDUPIIWhLcgzeBLrkVHnyDXPWJKTMtn/frBXNRHIlJd9OTQaoi1SJRS51X3jJX2C6KvNmyGkdR2eJwZHCJHnMwJ0PBYs/TdLFbu5NI+LEVi1jpzgyHK1dCIQib+HLV4JqxqVzQHMFpjv8dy0BP1s/5w8AIc2J3k5icuim+GA0fP5OGAfqX+FYWjRKY7UVMQu7rHw0a0LXNzI5cK5M0cezgQTnqui77MdhKTwBOpIkNL9fIjsddmXpKkm/pHOPDkC3g+Gg6I8RzMcOezZqRq24evvLY1JMve1eTs5w/QiThTPMo9ccHN6uzNfG5GReAn6qgkfR5xHXj5OoG2hyfk06xrvD23dZfUg2fUn0n/ytOsCFhi/pXU9TBWXR9oPlaNtSi8J7qgWexVjAptY4mz2XEotLd8TtHZ9lzpIlJVUX7mA3Nk30qDel87r8vZYT5Z9drLOJr1tFXAqGbt+qyYdo1DBM+tUFteVjo05LuC2xtyNkI3mpuNutwjBod+rsVBh28KbOVWBhuxsQkW50c1YxdtSv5Ko0TW7X78RDWf396027mvQScbTG+43zay6URGo773TMJ1nKwq0xF6UhP35vklHzTZS5Vl45luB3Xv4f5br+4enMal8THlGHejkiLtWPW2tzsqhbTrfN6EpcNPLynrhC0y5/RkHn2vrmj1/vKJJPJNO8rL2ef8O5g7iiQbpTdmOLwL90b3l12NNZUYI2VLkLSjsiNP9nVyoCJn43AgOOrafke4wPcmr+H0ZPIoXT5HR29f1f8ZjdkP0ERNqnynzLeYo6BOmf7tY+4bQkub5YmVUEKGAEYCDKFP7LPVG3ktKfqzO3T32jKs2b8Y3X+/tn8967F/tr3/BqrTb+QV/dyRpwzFn5Ye53EjuLWIL7iC8iWULi3wh3kLzY6k03hrXn9ldM3x6W5vjElgQ7TJYhC0/BEpqqpX2ZcNV4kb2pj92UzHGe+Cq2S/7NJyrBFs6BOcFrfp8KYws53J6J3HI/KOrjyzm+YJKg6vnVarRvK3z20thGLrE8Y4T0OTFDwPveHA1byV84f1NiaOLQfVvIZsjlzn5X11NzNsZNtkNH+dXDUasOvxDcbDX8QCgoWlHGRppQG8XYZoXNe6VQRwAJPogBPdZ3DMLHpypCQzMjNJ2p1U3ZS2e157bqR12UTBqz9BIy+TjMaqefEIlAhregcHTgQ3AmW3vXARML9s2j0bhAMSReYa37UvSk/N5MG+HqSkj28CUu5K5C1S/pywYEFlvGfse6vprw6CYfPSFW4+/ognq/9IkF+Crz6dvZFSZ6RJf3vy1gPkY0WnmQpaAB8krytfWFCw2FTls+1ex+m2kaCrU0UYqdxlSeFN3kA8tYzZdRV+yTwZBv/bdoILFeT5vxA39p3MUf4Lw+NVLMFEBKogV/tmcCAtfwFD69CW4pmneK8DzoQbf9dNWSoRftBD6/21utrwexpOpdUvUFejdVmr3h/YsD+t4huikWSPUeik+p5afbPL3CZL1l4JbN662jTgOl/x5j9dvwn7pFb0cD6S8IH1lIELX2ozBpSnwX0ghp67PFgROnkoGiH402o5bzRb8teao0fXB7Zyt6ex2cHGQT+uX+ei8GMkpWdv6uwdd1lhy7O5sOto5LpFq1c0HU6kNNV5xn7C7YbMaB1/53kSrT2KNiTxeGYo8skTGSAWg3zph9ZrZlmnuUSeFqPdQUyVAhjDwox25inrmwtb7UZf0wg5Y5yXrxOcpcFsB8+v6x2PDfNnBvq8ecL6yyeq7ELrVcLtd68iityKTUeNa+lYI6NNqOM0vn/64sfJvykCCcGYqbYFdb0TVjWE7vOxWj9zrI6bIeH4doIU4hsuOExaGl0mvEOSRZ35ptNm+5K8/PDrm1WUsYScGe0a2pdNsTbbdY9OjePAHDQmpnrtxnAgubWB6Veblk+qeT4tVU9VyAcAXIwxOtNAFPLa5J4sbke2q3d9gdeCgfxE+2tlj3yLHTf50/SZHzjPcbupw4Qkq8e/1kflBc8+Z3pT5tyMUmjjNtDBwq6+IICaS1YbSAENnrrQBX115X7LaERe54ry/qXybNJtvpeJmUIyj2glDVM2VgVpXlGU7YHA4MXzU6Rw/ST/vVJ1kfnQysfyqFNz9WtO1I0fh/bWRw2jGItwrqddODDsACQ/mU0Kru3QyU9u0RsTa/TXTWOTlPhE6s4CpleUAbzhFEox21JzhVauhb/mhPHvUgNRT8767nLD4eUMiR49sZNhgUhLh1MjJgiqrIioLhP6V8QFuHIw8XjI6Twiq2h0nJtC2NVN5Jb0PpUg0qfbBv8cEawhXM/AwKbVhV+wJlpY7PIM/k3APhz4o7qIgtQfTRrnAvPdz2lylow97RHl5VMjFA44wQEmswA4sNq7C2uyAZ8YZHcgEif7UsXNWfOdDTYz227PlLERzU9+sKyY5X8jgzAyETpIApt34TlEdCgKg4Qj+tZq4aMbOAKyOo3wtCIZFpxVxQR+wDg932MCwR3jP35it5sUSLQosWrkbE4Jxquj8SsafvVsM3WwL1nrOKyNRRG5uCPbMt2qw8gHaY1TbMnHrehqbHTuWkedNIB6ILN4Ew7ghYloayIvaPPvbVRZPETZ7CaJ5MQbB/Cqyb8lbBRZd4yh0xnWUPkJEWiwsbLtVybWWX0qa/2abjL4ozuL2iQQNcoOIKG9QtLkrbDNzQJhBqY/H8mKZ57bZhGWW8l5p8LHW/UNUhT3iKU5R3/B2o5svUv5cuK1epWD5STfVebo3EL1URBzObX/udgeuiAkTFAIV+ytd/g5YHQrBwc+6rx8+tGeW0Wq3cmZCaK1EZrany48/fbwxHvrqfMGHPgZvmBBXTOLI+rI39lspyCwNB43ZjNKc029iRJx+t5Hx3HMqWC2A6vgp3jOTvsSfmfJRgJX69yTLrGnd0KkQso2blIUxN2mkqs2ZqUyUOfOM9+aUbmx2ENMEB3FNaC4/WroNKSBbdUk/uuGrF2j9t67pOmTJTWu45uWKrOLsoQ37zZr4/sq/CzWOl3aP3ZTViNX5t4bC8vOE7CLXf+Y4FQumCususLvXx6Um5Yy99OUH7kmd93zOp05lMuF4qNsLWVx3XculS7Fi7Po7HX1dyyz7ngf35ATGfiJpv3IFI+l76e4VajXM/jU3qEatxDk81LxXqcRVLI3afIO1kWuynDg8/fFW1fI7b1JzZSu9YuFSxH2AsjJE52PY2meNZlKLj00zwZ1CBOOmIQGFH/uZhSi1od4/Au2PcgLWQta/Hwpfn6qPhlwP9+o53qOmHW+aUTxFpisdoPARIoQoTpQ3Fbq46W+7rodvcmdebgvElMXKx3vyG1E6SeFAs36G+xVvQTgAKUG+PQaodzSST+Tjv1Xkgp3NarfsuWH9mA5BgqwwimoUT/pf7F4t/qT48UwP4vCziq6w/k8cLBTe6TEk1odP37+Hphhg8LZ2dHOkZwbReEESg/GhtHU5ujscTHniFl4m05ZXQyIDbOtEl1BELSpF8gzEC/ys4rAzW/kCSNulQO0+bygzEQrTTZicOishPMs9mFGrUW6x1x+8VxfzgWX+rUhDTdLIokUIKCXdAsRXPMiMK3Sow/Dtp7FCS0MXToE5xbF6485zerj6E0/z+lwt3da8n2EJ6CzSYGO5uhzf4xqpF4at2P00q7clsTLLmMVFaZfaCbF6fSQ2eZc8HA4qlVNSV7v7DpyGzxND/NZhF0UKD6yaMVlY8TpVN1EI9Exotq8VN+C4kV5WE6YgU/Greg7SMMK9z+on40W7G9gPBUAAGn9zqw4bHwFS/uwhFNh/t7SqI2aNVFu9Tes/ELYjW6r/MQw0x+FJzUz6yrGRxIvjJ8e8oZl4GxmvewCa+17KRt5nQ3JG5AXDZfZvono90PHb1KcqLG3zie6N/G4Q+AdcSLJbCgckP31fS5cK/wclGUxOpuR/wxr08rd2yXUPno0qd6lwyOiLSzOQ4Iv4UmU51HgWs9nVB02Tzx5uwT0RJcfiqxr7AQOqUSwM2BH2vIEH31hdmpGpGAycuZH9XHEF3RalRQj+mzq2qxfH9ct4MCrYxi5RJTQHEjichJtJZFHlN7sNVDPoD13xHWFtRtQkZkUfxYIm8XadBZIHXN2TUCp5RHzrSP38HHul4VGm6lpy2iSE/m5Q+6f8nTJ7YI2mP0pmIfSiC++5uPLXYM2KjbTM03PTfONpJ9valf91kzAZM2Wvbt6NO/eZTxnk8K3VVCmm6kvoqLUQX7XA9KGRWk4EEEDB3QzEM1+Oi4pmmO+O5CfMHglkuCtLJj8HHEQNJVa+fr4t45S3QZBl8C7BU1XHLlILsEMKcj/ZGhpwQxIDGnBwD8bc6uwLSwTkVw7k3DgOc/B6TIlLxxQWTw9tYIDKQlWdvQmlxETSaUfxLIWMLrEt6OV9QfPhMjyP6eGMgwgbSek4oWsYlcbJfFWTVMH6vSTfiOI7ORfmojVfnf6JDwzMPisYOhLEIiaf5UY5Z0Ryq5SbJ4phaPsGOuTCeG48L3arC51qpyeNTzB4PGqjybV2HQugEwXUX8PPQ9anUiwZixGQNwTL44GmERKtUp31sTUamjM2qQqWlOvqFLKGQWaqZaFnRxax09D2kcpXOis0UlfbiQtLfhsHYVerJHTLUFAsAZnRRT1bzqJWjZe/V5wADckhnE0NPZ69maaoRLwDw8UHoLiQZwfQeYzJ2wySvzY6ZHWDPmM+FFGjwvgQPkOaxYP9Gt9Kl/0OYaOmQgYyym3V1mFLwBdzTDTqXjO6aw5ysU3+hueXwrBpblS28P33252o9VPttfqw5X5WD44hlJ65zmVRW3sWy+JjTzrRl0yzGt8YpDunn/lnuR0yOX8nZWtcVX0Pt+xtY1b11xhyGskxwppUCuHHKW/j0mkOtpPtx62Z26DlOW7dJwS1aeo/joxx8Qa8fTMIce6Vew7nGk1NdEn/Ijli0rOhwNT4l2Xhe5T23qfwGs5lnDgFA4Y3UzU7znlk3I74V/iacOBOnrY+/GDK/CNO+jqFzsswKqV+y8DblW3rvEILcP9hZTDG1Hc7JtiFTMg3cKQSU3IidFrgn/qA8Nm+u449j3bf3e6ohjWNFZ1660FB7boGmbq6TubdhJhjYWQE0J5G6RCultCJeUkQwMN7ibKbZlsCZwFL3wcC0oSV5vW9y9n8Mldc2WNf1Ddl0ElzUqiGJ6OSDQjNSPPS9aXrY1ei+3Pe2sUEvq69iGP4v1Zq9qzeKKUmML60mSOThR05SFnGCWsIgM/zpV8NZvCovJK7Xt0fEVFMJ2wjfKACJfqpeXeI6mZQAEqs5MitZBKah59Kc+HnAevcA57bmRgdEsTJ/0CNH4TZEGRMlHidGgmbNVMiwjwUxmRjyVIT4OXaZNYBaWjZvgx8fbrXGmS/EGKRppXvIlGoilGnwu21x9dfwBckW7yC0pG91mUP2ZwdNWvVxZxXUxmqz5LZXJ4PVY0XiFqsa7GoBYhpGWFWMzXpm5x0n5CAkYsRUXrmgr3+Imykhg/OkHNbZ43HHGdffbvO7b/BjmFBidZudkYHG1KOoFb+yIROZxn9mJUCjyc3nWdVZauFVGmlJP0vcADNpLoFzo6WhKf0n2O68pSMLDXq/llLdp/bHzrV/pIRc4BrYbJ/R8zDTI8NkJu1mlHS2qSg/NqXavK/ba4LcqC6Mpz4ZJG4YoEELOs3OLIkHaJXbyM+NrxJuSVi9Z+ECSag5Og2v7orRG0oJ+xvk/KplOqg2GUpS4NDizSFUrlkxsQiOeFAhjI1VvLu1Jp3zXprfY3iPKVnOYYJfNnITT+oKPXzpArOFACs9JzEdRIi7hkIu26hUxBeIoFKZhz1v8du3x/gyjPMilCRiz9sf2cP7G9gEJ+o9riGXfaziKCD1W24MARQqJXliIw15lj+LtT1Xzxd9/IXV8K9n+nDwhX9U/vDorUk68wi12KMaHFV1lwoDhf8RZ1VNu3BIdTR4f2WdE2rXeeiExRsCLqXLtvVmPZpwfo2vyDWVZgMcWLpKnkK1sYz9RFslT8m9FY1gxMe0JbsUXn6i1v0Qq1Eeu53bZx+xijfuOrAwfBwIDskjLP2OqqmiAyqy+Kc/v9jjMfx0itv8VrsLyw8D06pT1BrvvELRRG08oHB95Fam2sWgmm9qagvkWZu0pY4anmTPC42lFvy4KE18/ErA4+rE1q52Dj3uHvvakDR37PdDvrbd3qPnscjmXd+llo0no5gmR7gT7ByvNNdlV1kHDbw2avvm/GBFsvbzrexLedt6q9/qorI/QlVbcpwD2Pt1LRBEo6wUgs9J1Uau6x7U0VuWuhwcNyZasDOMDVmatXqOn42urqkkIdUDc1kZRk+bmJJLYWpfhc06xdSxO8WyRcWFcPB0qb4quupztd4EBFqOe4Lak8rSC3DDGqHD9OAScZEKO6g+OLRHHlWvTIosi0LsB9AfLEQWXdEO+VGG4pd4ZfqRnV26iX2KF2HlSxoSb0npRpLS75zOnp73t3HIgpP5B+Oi2wxX6lr1gdSrguaddHzPQYeP8G4AcE7H2bt2cqiSdyp+LJ8oOk3IRHZTL6hb5WGAWowoHHEhpw4MfHiGOt49oTfjiwlr3zm0cNEDx6lJIufSdL50AHPYjayONZGYZQmnf7uwcIJJnW0//rYAhikP3PwWgUBbZC2DZMjQ3xDBUcuLbmg4VaBvxT3zGiyCMQNRwm9njrLzVai/FfC/lv+02fs7DGffAJod6+HtGq4qnZ31ryNjg7LLr7RelJwrZh5ziTeklPXdVoFD5vVntFrOtk1hrD6Iq7HklDmscna03Lx4wruJ11TbX7pCofdd6/mNMs+4xv21sjbyRJWvntrFM9qIoliPpUSvWzVZo2pFCE1cFDI1FZpu/LCaPsff8IKXslN7IOwrDFwzjdIncQdzb44tZJlOjQujMwpz9nx6NgJva4bY25cU/qK2rElyh3lJuE7ZT31L6Dm6ofO5zo6Sr4adOSa013SbUsJ5JefDCKDNBt9h8j0PnZiPL551NvKVPmUELiBY7RzeuF6d1fumWvH7wXIEF1nMj/moHFpKhKozBqNLJf/6EZBQDqxH2HkNSJh/Z7sh6ncfI67RUwcs+PjdyoYk+UuArkMZMbm4EJ/0407nr+SIPtDdqwpj1IwmSykvjU8BBkjQ/juhSyhau3mwY6YQTvbtje4kx+NAcfkfnfToNP0Iudhu722fpXl4l3FfIZz98IRcW86QgffLpge0s6/lDfvWke3JsxDF4jh+wiUH7Fk4uU+p9eyZGkcyuLoZv3I7oSuBA10zR0WBIgWtbjvg78Y1V371a1FrJ7MIqQZtwTSwO9w1yXE+UcZuRq2LSDm9q80JNCK1bxb+WUn6GqtBIjmW8ucpF9deqzilLGXym1fpd37OB0pTZSy/ZizF0TViPLfcbMKETxMN1F1XVtzOQyZ3474NWEfeQswwOuUexV4TGTHV6finGZ+SSXJ5rkDek2F5F5IO075dqs4fnWEUqoCj65UxQddmrpc5vapKQEnRV/xisVDnTFIEQj352kKGe/xH0O20u+QtGo3YJA1/luvRHUmZrwyrRAV/tu73ZFf+OPqPz0CLgXvgrJh9RCYsESiORxhEy230VsGyn1HyH5R5yQNxDAR02L6IzofI/FcGN+Yw78S6MYC5qNmEbf5Y6jnRGt5D9bWVXorpUoEZ1VrIHUJXtSYMGZqsK8AzNFw25yleEE2U3THMycOagiD3ZkuAKTNhuDn3ozT7Q7H13xgmDRnqiYsP3ED3b6tWOdWGOPN1quBBk9WV+ZqhJ/yXPha3VyCm0qirdEpVsIjqG/FQo2iObZMqgwiwgJD+D94gjFUPkdNIT7WMvM1cMDXp45iC3lbQTsA3NgYdLesva/HKHOO7FfHCEik3Wn9v/2eiHnz9cLCffhgHjy38ZyORJKnG3PFY9yucGXGHy3XggWStdLj8iHVC/2JiMWo1ugaXcDckt68n74f4wXknnGjfl/IBbmTv1rd4s79X+uL3tYTGLGeveC5MuVNT8ijB5SScElJPoHfh5nRBbOIc5wIM6BYAr6Ws7dg3Z/1LLk1jJtgTc7U8LaJniSN+P7e68R+ryr1eqcTvUYsz7Krlh9ApUH6/4Tk6eCzLoqCzsGDwI0RPiMEurT7QFnnq7t1pVZ/YqADfqgPlBsl37MyWlRvGrcS6fEGuqB00+fpZWEkvt44khV8jOqGsJDH1E7M8qqPcp5N1MYSuhu7ZBZ5l8hgwLNNWF6q6k8vuoTmu2vZyvgXH68/pUmcgr1U2iN3n54sAjX5Lbu448HGdFytSoyYbTimDAobvIQ1gnU7alC9De9xQm/5lVLtUJieVZPmwZ57JpYdxF82YHoc38H36rrdvvLsSpCcWfsp7VU4iPL505dTZX2up/VOJYYZqTF+Dvc7LJ2qnK3xttXjPSUsmmjquROapob7y99BMvWZFtEW2r/pOZ5zc9yy7XFFJ7OApqJZ7Zsbi0++ux23lXpqEv/YV1txCxKCiuE4+mXJSRfZXHy0XWzTGkidTciLfWNhvoq8wInRppIFbnEZ3t2eQqYoq0lFQ3s3ZoS1BlQ3Gm9UGa9kT6ZqkTFZDu+c5Ugmqd9DzgdxLZDX+uxeun+BG/PXpGeGuCbTgRgpRXyYS8qdH0zNxMVaPo7RFesSofkQCT6sZ2r3iblSV/nmMNSDwboCvb0hy4mqP7Ys9aZ60PXwbfe/YgnND5sfcA1RG6jwuiGA+9Jz9lxC/oyu9mS+L7pyjek6+YpHA9R+kUTlIHU4YAdHGByQUCa6hwhnBIjEOCc+vP8Uhhcd83yq/NXuWIdBddGpf1LXMG/fBfx6Hfq/+WbiGKCC18U8atgqYwe23UFJDiQ5fAMfLHa7hOmN6/D146PNb+4N17uNiGXIzVd2Lum8KVltaaFKnyVeF39PYtF6ewuKeelgylZdRUz+7l2kkgLTC0pCbdeE6Urpx3rW8DRFPnVoVsxZ8kkTxO6bJtiUFMZrXUrdgc7+TuPnEgPUDtICdeJwMtwzMX3NjIzei5kBFwob2lXaPY0t18DUzZfwcpoqMCJrHxspWGsgtDl0I+G7OWeNO2tvC069rgEIzHVOdFa+gosC7KBjxD9SxA4oPcdDmDbqoGP7400Hb4Fd2ZxXz6utZWNYWSWzp1auOCTT9jqjdIRL3AwUsnwQY2A5i/oNoQnxbnYXdozzsmRl/Hl8mwWQhXV7BFB/k4LmXsBgapp6X/yKF88xhvFGFUC3aipeUwllKxF1/K1jbapJIsUDJSpV11rAWQWKi+7uwXyCGVy6n1UF3sNm1USv7BhEHfJrmVDXfJ5IcPlp1eW2HCgQw2TZ17tyGU6IhNRSaFqm8I8CGneIsRk4FD/Yl62fx4OBPlIW9/nQMbs4SnM2r3fYmRv5GlxligzoOn6djPikGh9U3NcqDAZhlEMB4jkYQtjgYczkCWHu8kKmdQY69KHPhz1Oj2i5DzXiBbJYyd60xnJ4mGhjLUfEXuJkcLjW7xLd7qeIFZSHrSeZpZyCs7td/8KpUtpkEQQa9UwjOdBX/6Fn5E1Vpk4ZNI7DCeDvc4JFIQyURudc85x9gWLL5ZVf/CUz0vA/cGi7s4gLPVX/Rp97XMyXsivdOKrCgcJfpLdhfJis++Gj+y0+sgJckJpzQ+Ing/wGW08bTSl8RPbQ3uOHp2ra9yWrVsaXjQUI3lV9hZ/oEJYU9R02qoNoWbNJ9JR3weHvkl6T8kJQVZc1ltcHjEeNqg2YbL5eoCc1DKH2IysZmgkXAi1nGsc+IyThCiYoq+ofrYRQ5CpMhwom06s7qawmsiME3J7VRob/HSn/ygHpNpBR61Ma5cR/arFMAxbiLCZYnA9QZi3iJvMLFa2fjabySOCI2QVoTkLTAjdcicWiDMCJTRwhQd4Kw4E7vkXxycVLqbsyDtX/xvh/8djoTvLFI0wchRIknMmpMQJijG9ivSDkIZeQOSM4kp8I/Kp6I950iUBUzjQKnR3OCU6C7tlv1CFLJOOOCJ+hVJEGtZY2nvOpmWSEchmL/v1GsKzewOIUiaqDFmkrjBPwSm+kHJKvjwKgV0+hLRyIOYYjNE/7y7UYkBhhhGE0cO8VuBAoyToMHRb/3gTdHvErB4M9FGSjrR0l4eClNAkwR+5+6Jw0vZWUx6XMUWk4KG9GxYjTj4M3NZH0Bkc8CeLgLGliqIOkUpGyQmYOAuox+1Y3BOd/TYpIQmYgHAtFudr4UBzT9NFLesNe4a24iZrQg+bm/t0Fs2Wzjcfovx//2rqf9we/h8N+e7cJEb5P/+j/63d/TAQfPr/AQCW8b4="},"referFrom":"Advertisment"}]
    Forwarded URL = null
   Redirected URL = null
          Cookies = []
]]></system-out>
  </testcase>
  <testcase name="deletePersonTest" classname="com.example.mypack.controller.PersonControllerTest" time="0.054">
    <system-out><![CDATA[
MockHttpServletRequest:
      HTTP Method = DELETE
      Request URI = /v1/person
       Parameters = {}
          Headers = [Content-Type:"application/json;charset=UTF-8", Content-Length:"13028"]
             Body = {"personId":"FF-38","firstName":"Amanpreet","lastName":"singh","email":"abc@gmail.com","mobile":"+919335302631","weight":0.1,"height":0.1,"bmi":0.1,"bmiResult":"Not Good","gender":"Male","isTrainerRequire":"Yes","trainingPackage":"Monthly","motivations":["Burn Fat","Reduce weight"],"hasBeenToGym":"Yes","enquiryDate":"2024-05-02","age":20,"imageData":{"name":"Iphone.jpg","type":"image/jpeg","imageData":"eNqtenVUVd3W/qalRUTpg4B0SDcHQUBAWkBauqQ7j4CCtLSC0p3S3Q3S3d0hh85zfgfv+9547/3GuN83fpsx/1hr7b04c65nPvNZa2/4FHwJuC8rJSMFICEhAW8RfwB8FpAAsDAwMDHQsTDvYWJjY+Hgk9zHx8PDp3z0+AEJLRXdUxoqGmoGVoFnDEy8zNQ0nC84eYVExMTE6J5JyUmKygqAxUTuJkHCxsbGx8WnuH+fQoSRhlHkf33BmwGCe0g0SDQoSNQAMgESCgESvB0AAQASGtLvC/jjQkJGQUVDx7iHiYWNuKHiPoCMhIKCjIqChoaKihj1RowDqARoD55wPEcnVDbAoLZ/yOkbmXqPRrykhUhl+JCWy9DBDxPr0WNiEtKndPQMjEzcPLx8/AKCEi8kpaRfysiqvlZT13ijqWVkbGJqZm5h6ejk7OLq5u7h/+FjQOCnoOCo6JjYuPgvXxPS0jMys7JzcvNKy8orKquqa2pb29o7Oru6e3pHRsfGJyanpmeWV1bX1jc2t7Z3oEfHJ6dn5xeXV3d+IQEoSH9e/9EvAoRfyKioKKgYd34hIbve3UCAivaEA/3Bc2UMA3tCak7few/FI1NLWjBpuFQOiQwdhrEe0XIvP4Xeufbbs//OMb//k2d/d+wffs0AOChIiMVDIQDAwJksQ9p7rP8fxmiegpoWzAD8m4UOi6E9VEaYYTDAkP7QEHF7x0NAWZI4BTmYQxJ4qBwsqIQk+fDfDHlY5m70X43Id2WRqGXZE4lGyqw2/tNbvVt0xcqX5A4ygPqtW1e7iPykUlMjBqd2Vh/kTPP7irhocNSz888JQM84jM6yVF+Yj4xUDcxtjuOLfy6+aSrd+OtVQl6jyHgzIGEf3mJtAMqa6S0rk+MXz7ns7ivZkbfFpuDy8M+936jF0epYHRk5So6T0DarO02zlRqZiborM38iu27R+MQybovS7SBSppkVVQyyxYNxwzIbcWUFB3wM4MCKBY8QeB9XVM58zga3BnPrJRwg0Ek09/hsKNrBccVm9ab3OsmFjz2J0sXP2oPC9Yal5/YpHGhSggNQ7uTD0g3YXvL5BghGVwPak3/pXFKNGDONsZiJwvGOeotxy5Uv0xCOKdnl5Nx0WLr+570RF5oOcMBF8foYHw4Q6vhrLvoGVMXDLrJC5DpCs6fXZuZ9tIrNRH8OJokMNN/IJo78caeC4qd4hyjqcHWaItZl8DWrPdigBg4kPfBRq0uxCO74OL/36O1S2UuScBEAJfpSvTxH1qG8/MVAWnDt3Cwc+HCuvI8KB8IK6OGASbYEFN3EgHyiUjs57Fjr07T3UTooIcHPyptTyDMdd+9oIDrm/Tsk41eHXU0KjRcrBbtaUh8S7Hi1hseemgLt1loi6eTfO2tN/MIaJn5tORbI7YT0FO3YkNHNkyhMSJWFMNl/czppwUglD84EB2dV1rZUVsZO5r8gRceYSu3auJd1oWvcUMHr/hPKNZ1PeSnlpri09dpTgKjfZo7vgYzwsQ6u5vR3i3mdUwimW+mkxldWZ2ZztUzrz3P3JtEGD/m7cDwpA6dOd2clKzSF+5x5R/Gimjt5b/Hwh/z1aJa/aly/mu2FOAouB45Wn3dC7jPPnfQFsTlNGX/beEf0+ao0qgDyTF6O+BpXb2fkSIhChxkzfNazA2AJu+0CtcK+R5SsVO0+8HzRVB43oYAS6ieYj9JCuVq8rKVl3ae7ffgKDnjHb3adB2Kcor9nGZa8y5V/WDkiCZ7+Tqd/Mjf28MEr4VVYknUMHFhkgXzl+SWarHWoSC7YYzwQyDQ680M0JTUlx+tlT6dMJspCht8Tlp3AVOGE7f36x7nz4qWz2+urb++JWkYMJUzifnCmXluLOnYR7eIcyFmiJ3UMiba8Yr9gWB+L3bJ0OyCxj+yw3IGBakYM4YCcf4/NS7I2p05p1OPuzEOfMLya4szMiVWszqNSlLCLLa7ZKGaPGCLWGavuZzWZOHqUaisJysPZjZO/NtSCDRi6PMJNiuWi27Rw69+NmiulRCBNF53llexHzbnsDvKErYLwp6Yt7i9qzogkknxgJfDubc59Ekg/WiFPWqJSKkzu7aE2vlR47hN63DOZUNDsqxvxoVwXrJqsXDOe7l5YQKUpHGud2kOf271kXdgnwtU6WSX5WLLiTbwfzk9FhboqI6Lh4H4GA+48rxPOnYrLPGljd9WEUNJ9H5oLV8WhzdED7pyfSnpSax3VP1Sq1wiT6mo9X/vgjAiLXklOFK5wBvDUPIIWhLcgzeBLrkVHnyDXPWJKTMtn/frBXNRHIlJd9OTQaoi1SJRS51X3jJX2C6KvNmyGkdR2eJwZHCJHnMwJ0PBYs/TdLFbu5NI+LEVi1jpzgyHK1dCIQib+HLV4JqxqVzQHMFpjv8dy0BP1s/5w8AIc2J3k5icuim+GA0fP5OGAfqX+FYWjRKY7UVMQu7rHw0a0LXNzI5cK5M0cezgQTnqui77MdhKTwBOpIkNL9fIjsddmXpKkm/pHOPDkC3g+Gg6I8RzMcOezZqRq24evvLY1JMve1eTs5w/QiThTPMo9ccHN6uzNfG5GReAn6qgkfR5xHXj5OoG2hyfk06xrvD23dZfUg2fUn0n/ytOsCFhi/pXU9TBWXR9oPlaNtSi8J7qgWexVjAptY4mz2XEotLd8TtHZ9lzpIlJVUX7mA3Nk30qDel87r8vZYT5Z9drLOJr1tFXAqGbt+qyYdo1DBM+tUFteVjo05LuC2xtyNkI3mpuNutwjBod+rsVBh28KbOVWBhuxsQkW50c1YxdtSv5Ko0TW7X78RDWf396027mvQScbTG+43zay6URGo773TMJ1nKwq0xF6UhP35vklHzTZS5Vl45luB3Xv4f5br+4enMal8THlGHejkiLtWPW2tzsqhbTrfN6EpcNPLynrhC0y5/RkHn2vrmj1/vKJJPJNO8rL2ef8O5g7iiQbpTdmOLwL90b3l12NNZUYI2VLkLSjsiNP9nVyoCJn43AgOOrafke4wPcmr+H0ZPIoXT5HR29f1f8ZjdkP0ERNqnynzLeYo6BOmf7tY+4bQkub5YmVUEKGAEYCDKFP7LPVG3ktKfqzO3T32jKs2b8Y3X+/tn8967F/tr3/BqrTb+QV/dyRpwzFn5Ye53EjuLWIL7iC8iWULi3wh3kLzY6k03hrXn9ldM3x6W5vjElgQ7TJYhC0/BEpqqpX2ZcNV4kb2pj92UzHGe+Cq2S/7NJyrBFs6BOcFrfp8KYws53J6J3HI/KOrjyzm+YJKg6vnVarRvK3z20thGLrE8Y4T0OTFDwPveHA1byV84f1NiaOLQfVvIZsjlzn5X11NzNsZNtkNH+dXDUasOvxDcbDX8QCgoWlHGRppQG8XYZoXNe6VQRwAJPogBPdZ3DMLHpypCQzMjNJ2p1U3ZS2e157bqR12UTBqz9BIy+TjMaqefEIlAhregcHTgQ3AmW3vXARML9s2j0bhAMSReYa37UvSk/N5MG+HqSkj28CUu5K5C1S/pywYEFlvGfse6vprw6CYfPSFW4+/ognq/9IkF+Crz6dvZFSZ6RJf3vy1gPkY0WnmQpaAB8krytfWFCw2FTls+1ex+m2kaCrU0UYqdxlSeFN3kA8tYzZdRV+yTwZBv/bdoILFeT5vxA39p3MUf4Lw+NVLMFEBKogV/tmcCAtfwFD69CW4pmneK8DzoQbf9dNWSoRftBD6/21utrwexpOpdUvUFejdVmr3h/YsD+t4huikWSPUeik+p5afbPL3CZL1l4JbN662jTgOl/x5j9dvwn7pFb0cD6S8IH1lIELX2ozBpSnwX0ghp67PFgROnkoGiH402o5bzRb8teao0fXB7Zyt6ex2cHGQT+uX+ei8GMkpWdv6uwdd1lhy7O5sOto5LpFq1c0HU6kNNV5xn7C7YbMaB1/53kSrT2KNiTxeGYo8skTGSAWg3zph9ZrZlmnuUSeFqPdQUyVAhjDwox25inrmwtb7UZf0wg5Y5yXrxOcpcFsB8+v6x2PDfNnBvq8ecL6yyeq7ELrVcLtd68iityKTUeNa+lYI6NNqOM0vn/64sfJvykCCcGYqbYFdb0TVjWE7vOxWj9zrI6bIeH4doIU4hsuOExaGl0mvEOSRZ35ptNm+5K8/PDrm1WUsYScGe0a2pdNsTbbdY9OjePAHDQmpnrtxnAgubWB6Veblk+qeT4tVU9VyAcAXIwxOtNAFPLa5J4sbke2q3d9gdeCgfxE+2tlj3yLHTf50/SZHzjPcbupw4Qkq8e/1kflBc8+Z3pT5tyMUmjjNtDBwq6+IICaS1YbSAENnrrQBX115X7LaERe54ry/qXybNJtvpeJmUIyj2glDVM2VgVpXlGU7YHA4MXzU6Rw/ST/vVJ1kfnQysfyqFNz9WtO1I0fh/bWRw2jGItwrqddODDsACQ/mU0Kru3QyU9u0RsTa/TXTWOTlPhE6s4CpleUAbzhFEox21JzhVauhb/mhPHvUgNRT8767nLD4eUMiR49sZNhgUhLh1MjJgiqrIioLhP6V8QFuHIw8XjI6Twiq2h0nJtC2NVN5Jb0PpUg0qfbBv8cEawhXM/AwKbVhV+wJlpY7PIM/k3APhz4o7qIgtQfTRrnAvPdz2lylow97RHl5VMjFA44wQEmswA4sNq7C2uyAZ8YZHcgEif7UsXNWfOdDTYz227PlLERzU9+sKyY5X8jgzAyETpIApt34TlEdCgKg4Qj+tZq4aMbOAKyOo3wtCIZFpxVxQR+wDg932MCwR3jP35it5sUSLQosWrkbE4Jxquj8SsafvVsM3WwL1nrOKyNRRG5uCPbMt2qw8gHaY1TbMnHrehqbHTuWkedNIB6ILN4Ew7ghYloayIvaPPvbVRZPETZ7CaJ5MQbB/Cqyb8lbBRZd4yh0xnWUPkJEWiwsbLtVybWWX0qa/2abjL4ozuL2iQQNcoOIKG9QtLkrbDNzQJhBqY/H8mKZ57bZhGWW8l5p8LHW/UNUhT3iKU5R3/B2o5svUv5cuK1epWD5STfVebo3EL1URBzObX/udgeuiAkTFAIV+ytd/g5YHQrBwc+6rx8+tGeW0Wq3cmZCaK1EZrany48/fbwxHvrqfMGHPgZvmBBXTOLI+rI39lspyCwNB43ZjNKc029iRJx+t5Hx3HMqWC2A6vgp3jOTvsSfmfJRgJX69yTLrGnd0KkQso2blIUxN2mkqs2ZqUyUOfOM9+aUbmx2ENMEB3FNaC4/WroNKSBbdUk/uuGrF2j9t67pOmTJTWu45uWKrOLsoQ37zZr4/sq/CzWOl3aP3ZTViNX5t4bC8vOE7CLXf+Y4FQumCususLvXx6Um5Yy99OUH7kmd93zOp05lMuF4qNsLWVx3XculS7Fi7Po7HX1dyyz7ngf35ATGfiJpv3IFI+l76e4VajXM/jU3qEatxDk81LxXqcRVLI3afIO1kWuynDg8/fFW1fI7b1JzZSu9YuFSxH2AsjJE52PY2meNZlKLj00zwZ1CBOOmIQGFH/uZhSi1od4/Au2PcgLWQta/Hwpfn6qPhlwP9+o53qOmHW+aUTxFpisdoPARIoQoTpQ3Fbq46W+7rodvcmdebgvElMXKx3vyG1E6SeFAs36G+xVvQTgAKUG+PQaodzSST+Tjv1Xkgp3NarfsuWH9mA5BgqwwimoUT/pf7F4t/qT48UwP4vCziq6w/k8cLBTe6TEk1odP37+Hphhg8LZ2dHOkZwbReEESg/GhtHU5ujscTHniFl4m05ZXQyIDbOtEl1BELSpF8gzEC/ys4rAzW/kCSNulQO0+bygzEQrTTZicOishPMs9mFGrUW6x1x+8VxfzgWX+rUhDTdLIokUIKCXdAsRXPMiMK3Sow/Dtp7FCS0MXToE5xbF6485zerj6E0/z+lwt3da8n2EJ6CzSYGO5uhzf4xqpF4at2P00q7clsTLLmMVFaZfaCbF6fSQ2eZc8HA4qlVNSV7v7DpyGzxND/NZhF0UKD6yaMVlY8TpVN1EI9Exotq8VN+C4kV5WE6YgU/Greg7SMMK9z+on40W7G9gPBUAAGn9zqw4bHwFS/uwhFNh/t7SqI2aNVFu9Tes/ELYjW6r/MQw0x+FJzUz6yrGRxIvjJ8e8oZl4GxmvewCa+17KRt5nQ3JG5AXDZfZvono90PHb1KcqLG3zie6N/G4Q+AdcSLJbCgckP31fS5cK/wclGUxOpuR/wxr08rd2yXUPno0qd6lwyOiLSzOQ4Iv4UmU51HgWs9nVB02Tzx5uwT0RJcfiqxr7AQOqUSwM2BH2vIEH31hdmpGpGAycuZH9XHEF3RalRQj+mzq2qxfH9ct4MCrYxi5RJTQHEjichJtJZFHlN7sNVDPoD13xHWFtRtQkZkUfxYIm8XadBZIHXN2TUCp5RHzrSP38HHul4VGm6lpy2iSE/m5Q+6f8nTJ7YI2mP0pmIfSiC++5uPLXYM2KjbTM03PTfONpJ9valf91kzAZM2Wvbt6NO/eZTxnk8K3VVCmm6kvoqLUQX7XA9KGRWk4EEEDB3QzEM1+Oi4pmmO+O5CfMHglkuCtLJj8HHEQNJVa+fr4t45S3QZBl8C7BU1XHLlILsEMKcj/ZGhpwQxIDGnBwD8bc6uwLSwTkVw7k3DgOc/B6TIlLxxQWTw9tYIDKQlWdvQmlxETSaUfxLIWMLrEt6OV9QfPhMjyP6eGMgwgbSek4oWsYlcbJfFWTVMH6vSTfiOI7ORfmojVfnf6JDwzMPisYOhLEIiaf5UY5Z0Ryq5SbJ4phaPsGOuTCeG48L3arC51qpyeNTzB4PGqjybV2HQugEwXUX8PPQ9anUiwZixGQNwTL44GmERKtUp31sTUamjM2qQqWlOvqFLKGQWaqZaFnRxax09D2kcpXOis0UlfbiQtLfhsHYVerJHTLUFAsAZnRRT1bzqJWjZe/V5wADckhnE0NPZ69maaoRLwDw8UHoLiQZwfQeYzJ2wySvzY6ZHWDPmM+FFGjwvgQPkOaxYP9Gt9Kl/0OYaOmQgYyym3V1mFLwBdzTDTqXjO6aw5ysU3+hueXwrBpblS28P33252o9VPttfqw5X5WD44hlJ65zmVRW3sWy+JjTzrRl0yzGt8YpDunn/lnuR0yOX8nZWtcVX0Pt+xtY1b11xhyGskxwppUCuHHKW/j0mkOtpPtx62Z26DlOW7dJwS1aeo/joxx8Qa8fTMIce6Vew7nGk1NdEn/Ijli0rOhwNT4l2Xhe5T23qfwGs5lnDgFA4Y3UzU7znlk3I74V/iacOBOnrY+/GDK/CNO+jqFzsswKqV+y8DblW3rvEILcP9hZTDG1Hc7JtiFTMg3cKQSU3IidFrgn/qA8Nm+u449j3bf3e6ohjWNFZ1660FB7boGmbq6TubdhJhjYWQE0J5G6RCultCJeUkQwMN7ibKbZlsCZwFL3wcC0oSV5vW9y9n8Mldc2WNf1Ddl0ElzUqiGJ6OSDQjNSPPS9aXrY1ei+3Pe2sUEvq69iGP4v1Zq9qzeKKUmML60mSOThR05SFnGCWsIgM/zpV8NZvCovJK7Xt0fEVFMJ2wjfKACJfqpeXeI6mZQAEqs5MitZBKah59Kc+HnAevcA57bmRgdEsTJ/0CNH4TZEGRMlHidGgmbNVMiwjwUxmRjyVIT4OXaZNYBaWjZvgx8fbrXGmS/EGKRppXvIlGoilGnwu21x9dfwBckW7yC0pG91mUP2ZwdNWvVxZxXUxmqz5LZXJ4PVY0XiFqsa7GoBYhpGWFWMzXpm5x0n5CAkYsRUXrmgr3+Imykhg/OkHNbZ43HHGdffbvO7b/BjmFBidZudkYHG1KOoFb+yIROZxn9mJUCjyc3nWdVZauFVGmlJP0vcADNpLoFzo6WhKf0n2O68pSMLDXq/llLdp/bHzrV/pIRc4BrYbJ/R8zDTI8NkJu1mlHS2qSg/NqXavK/ba4LcqC6Mpz4ZJG4YoEELOs3OLIkHaJXbyM+NrxJuSVi9Z+ECSag5Og2v7orRG0oJ+xvk/KplOqg2GUpS4NDizSFUrlkxsQiOeFAhjI1VvLu1Jp3zXprfY3iPKVnOYYJfNnITT+oKPXzpArOFACs9JzEdRIi7hkIu26hUxBeIoFKZhz1v8du3x/gyjPMilCRiz9sf2cP7G9gEJ+o9riGXfaziKCD1W24MARQqJXliIw15lj+LtT1Xzxd9/IXV8K9n+nDwhX9U/vDorUk68wi12KMaHFV1lwoDhf8RZ1VNu3BIdTR4f2WdE2rXeeiExRsCLqXLtvVmPZpwfo2vyDWVZgMcWLpKnkK1sYz9RFslT8m9FY1gxMe0JbsUXn6i1v0Qq1Eeu53bZx+xijfuOrAwfBwIDskjLP2OqqmiAyqy+Kc/v9jjMfx0itv8VrsLyw8D06pT1BrvvELRRG08oHB95Fam2sWgmm9qagvkWZu0pY4anmTPC42lFvy4KE18/ErA4+rE1q52Dj3uHvvakDR37PdDvrbd3qPnscjmXd+llo0no5gmR7gT7ByvNNdlV1kHDbw2avvm/GBFsvbzrexLedt6q9/qorI/QlVbcpwD2Pt1LRBEo6wUgs9J1Uau6x7U0VuWuhwcNyZasDOMDVmatXqOn42urqkkIdUDc1kZRk+bmJJLYWpfhc06xdSxO8WyRcWFcPB0qb4quupztd4EBFqOe4Lak8rSC3DDGqHD9OAScZEKO6g+OLRHHlWvTIosi0LsB9AfLEQWXdEO+VGG4pd4ZfqRnV26iX2KF2HlSxoSb0npRpLS75zOnp73t3HIgpP5B+Oi2wxX6lr1gdSrguaddHzPQYeP8G4AcE7H2bt2cqiSdyp+LJ8oOk3IRHZTL6hb5WGAWowoHHEhpw4MfHiGOt49oTfjiwlr3zm0cNEDx6lJIufSdL50AHPYjayONZGYZQmnf7uwcIJJnW0//rYAhikP3PwWgUBbZC2DZMjQ3xDBUcuLbmg4VaBvxT3zGiyCMQNRwm9njrLzVai/FfC/lv+02fs7DGffAJod6+HtGq4qnZ31ryNjg7LLr7RelJwrZh5ziTeklPXdVoFD5vVntFrOtk1hrD6Iq7HklDmscna03Lx4wruJ11TbX7pCofdd6/mNMs+4xv21sjbyRJWvntrFM9qIoliPpUSvWzVZo2pFCE1cFDI1FZpu/LCaPsff8IKXslN7IOwrDFwzjdIncQdzb44tZJlOjQujMwpz9nx6NgJva4bY25cU/qK2rElyh3lJuE7ZT31L6Dm6ofO5zo6Sr4adOSa013SbUsJ5JefDCKDNBt9h8j0PnZiPL551NvKVPmUELiBY7RzeuF6d1fumWvH7wXIEF1nMj/moHFpKhKozBqNLJf/6EZBQDqxH2HkNSJh/Z7sh6ncfI67RUwcs+PjdyoYk+UuArkMZMbm4EJ/0407nr+SIPtDdqwpj1IwmSykvjU8BBkjQ/juhSyhau3mwY6YQTvbtje4kx+NAcfkfnfToNP0Iudhu722fpXl4l3FfIZz98IRcW86QgffLpge0s6/lDfvWke3JsxDF4jh+wiUH7Fk4uU+p9eyZGkcyuLoZv3I7oSuBA10zR0WBIgWtbjvg78Y1V371a1FrJ7MIqQZtwTSwO9w1yXE+UcZuRq2LSDm9q80JNCK1bxb+WUn6GqtBIjmW8ucpF9deqzilLGXym1fpd37OB0pTZSy/ZizF0TViPLfcbMKETxMN1F1XVtzOQyZ3474NWEfeQswwOuUexV4TGTHV6finGZ+SSXJ5rkDek2F5F5IO075dqs4fnWEUqoCj65UxQddmrpc5vapKQEnRV/xisVDnTFIEQj352kKGe/xH0O20u+QtGo3YJA1/luvRHUmZrwyrRAV/tu73ZFf+OPqPz0CLgXvgrJh9RCYsESiORxhEy230VsGyn1HyH5R5yQNxDAR02L6IzofI/FcGN+Yw78S6MYC5qNmEbf5Y6jnRGt5D9bWVXorpUoEZ1VrIHUJXtSYMGZqsK8AzNFw25yleEE2U3THMycOagiD3ZkuAKTNhuDn3ozT7Q7H13xgmDRnqiYsP3ED3b6tWOdWGOPN1quBBk9WV+ZqhJ/yXPha3VyCm0qirdEpVsIjqG/FQo2iObZMqgwiwgJD+D94gjFUPkdNIT7WMvM1cMDXp45iC3lbQTsA3NgYdLesva/HKHOO7FfHCEik3Wn9v/2eiHnz9cLCffhgHjy38ZyORJKnG3PFY9yucGXGHy3XggWStdLj8iHVC/2JiMWo1ugaXcDckt68n74f4wXknnGjfl/IBbmTv1rd4s79X+uL3tYTGLGeveC5MuVNT8ijB5SScElJPoHfh5nRBbOIc5wIM6BYAr6Ws7dg3Z/1LLk1jJtgTc7U8LaJniSN+P7e68R+ryr1eqcTvUYsz7Krlh9ApUH6/4Tk6eCzLoqCzsGDwI0RPiMEurT7QFnnq7t1pVZ/YqADfqgPlBsl37MyWlRvGrcS6fEGuqB00+fpZWEkvt44khV8jOqGsJDH1E7M8qqPcp5N1MYSuhu7ZBZ5l8hgwLNNWF6q6k8vuoTmu2vZyvgXH68/pUmcgr1U2iN3n54sAjX5Lbu448HGdFytSoyYbTimDAobvIQ1gnU7alC9De9xQm/5lVLtUJieVZPmwZ57JpYdxF82YHoc38H36rrdvvLsSpCcWfsp7VU4iPL505dTZX2up/VOJYYZqTF+Dvc7LJ2qnK3xttXjPSUsmmjquROapob7y99BMvWZFtEW2r/pOZ5zc9yy7XFFJ7OApqJZ7Zsbi0++ux23lXpqEv/YV1txCxKCiuE4+mXJSRfZXHy0XWzTGkidTciLfWNhvoq8wInRppIFbnEZ3t2eQqYoq0lFQ3s3ZoS1BlQ3Gm9UGa9kT6ZqkTFZDu+c5Ugmqd9DzgdxLZDX+uxeun+BG/PXpGeGuCbTgRgpRXyYS8qdH0zNxMVaPo7RFesSofkQCT6sZ2r3iblSV/nmMNSDwboCvb0hy4mqP7Ys9aZ60PXwbfe/YgnND5sfcA1RG6jwuiGA+9Jz9lxC/oyu9mS+L7pyjek6+YpHA9R+kUTlIHU4YAdHGByQUCa6hwhnBIjEOCc+vP8Uhhcd83yq/NXuWIdBddGpf1LXMG/fBfx6Hfq/+WbiGKCC18U8atgqYwe23UFJDiQ5fAMfLHa7hOmN6/D146PNb+4N17uNiGXIzVd2Lum8KVltaaFKnyVeF39PYtF6ewuKeelgylZdRUz+7l2kkgLTC0pCbdeE6Urpx3rW8DRFPnVoVsxZ8kkTxO6bJtiUFMZrXUrdgc7+TuPnEgPUDtICdeJwMtwzMX3NjIzei5kBFwob2lXaPY0t18DUzZfwcpoqMCJrHxspWGsgtDl0I+G7OWeNO2tvC069rgEIzHVOdFa+gosC7KBjxD9SxA4oPcdDmDbqoGP7400Hb4Fd2ZxXz6utZWNYWSWzp1auOCTT9jqjdIRL3AwUsnwQY2A5i/oNoQnxbnYXdozzsmRl/Hl8mwWQhXV7BFB/k4LmXsBgapp6X/yKF88xhvFGFUC3aipeUwllKxF1/K1jbapJIsUDJSpV11rAWQWKi+7uwXyCGVy6n1UF3sNm1USv7BhEHfJrmVDXfJ5IcPlp1eW2HCgQw2TZ17tyGU6IhNRSaFqm8I8CGneIsRk4FD/Yl62fx4OBPlIW9/nQMbs4SnM2r3fYmRv5GlxligzoOn6djPikGh9U3NcqDAZhlEMB4jkYQtjgYczkCWHu8kKmdQY69KHPhz1Oj2i5DzXiBbJYyd60xnJ4mGhjLUfEXuJkcLjW7xLd7qeIFZSHrSeZpZyCs7td/8KpUtpkEQQa9UwjOdBX/6Fn5E1Vpk4ZNI7DCeDvc4JFIQyURudc85x9gWLL5ZVf/CUz0vA/cGi7s4gLPVX/Rp97XMyXsivdOKrCgcJfpLdhfJis++Gj+y0+sgJckJpzQ+Ing/wGW08bTSl8RPbQ3uOHp2ra9yWrVsaXjQUI3lV9hZ/oEJYU9R02qoNoWbNJ9JR3weHvkl6T8kJQVZc1ltcHjEeNqg2YbL5eoCc1DKH2IysZmgkXAi1nGsc+IyThCiYoq+ofrYRQ5CpMhwom06s7qawmsiME3J7VRob/HSn/ygHpNpBR61Ma5cR/arFMAxbiLCZYnA9QZi3iJvMLFa2fjabySOCI2QVoTkLTAjdcicWiDMCJTRwhQd4Kw4E7vkXxycVLqbsyDtX/xvh/8djoTvLFI0wchRIknMmpMQJijG9ivSDkIZeQOSM4kp8I/Kp6I950iUBUzjQKnR3OCU6C7tlv1CFLJOOOCJ+hVJEGtZY2nvOpmWSEchmL/v1GsKzewOIUiaqDFmkrjBPwSm+kHJKvjwKgV0+hLRyIOYYjNE/7y7UYkBhhhGE0cO8VuBAoyToMHRb/3gTdHvErB4M9FGSjrR0l4eClNAkwR+5+6Jw0vZWUx6XMUWk4KG9GxYjTj4M3NZH0Bkc8CeLgLGliqIOkUpGyQmYOAuox+1Y3BOd/TYpIQmYgHAtFudr4UBzT9NFLesNe4a24iZrQg+bm/t0Fs2Wzjcfovx//2rqf9we/h8N+e7cJEb5P/+j/63d/TAQfPr/AQCW8b4="},"referFrom":"Advertisment"}
    Session Attrs = {}

Handler:
             Type = com.example.mypack.controller.PersonController
           Method = com.example.mypack.controller.PersonController#deletePerson(Person)

Async:
    Async started = false
     Async result = null

Resolved Exception:
             Type = null

ModelAndView:
        View name = null
             View = null
            Model = null

FlashMap:
       Attributes = null

MockHttpServletResponse:
           Status = 200
    Error message = null
          Headers = [Vary:"Origin", "Access-Control-Request-Method", "Access-Control-Request-Headers"]
     Content type = null
             Body = 
    Forwarded URL = null
   Redirected URL = null
          Cookies = []
]]></system-out>
  </testcase>
  <testcase name="updatePersonTest" classname="com.example.mypack.controller.PersonControllerTest" time="0.07">
    <system-out><![CDATA[
MockHttpServletRequest:
      HTTP Method = PUT
      Request URI = /v1/person
       Parameters = {}
          Headers = [Content-Type:"application/json;charset=UTF-8", Content-Length:"13028"]
             Body = {"personId":"FF-38","firstName":"Amanpreet","lastName":"singh","email":"abc@gmail.com","mobile":"+919335302631","weight":0.1,"height":0.1,"bmi":0.1,"bmiResult":"Not Good","gender":"Male","isTrainerRequire":"Yes","trainingPackage":"Monthly","motivations":["Burn Fat","Reduce weight"],"hasBeenToGym":"Yes","enquiryDate":"2024-05-02","age":20,"imageData":{"name":"Iphone.jpg","type":"image/jpeg","imageData":"eNqtenVUVd3W/qalRUTpg4B0SDcHQUBAWkBauqQ7j4CCtLSC0p3S3Q3S3d0hh85zfgfv+9547/3GuN83fpsx/1hr7b04c65nPvNZa2/4FHwJuC8rJSMFICEhAW8RfwB8FpAAsDAwMDHQsTDvYWJjY+Hgk9zHx8PDp3z0+AEJLRXdUxoqGmoGVoFnDEy8zNQ0nC84eYVExMTE6J5JyUmKygqAxUTuJkHCxsbGx8WnuH+fQoSRhlHkf33BmwGCe0g0SDQoSNQAMgESCgESvB0AAQASGtLvC/jjQkJGQUVDx7iHiYWNuKHiPoCMhIKCjIqChoaKihj1RowDqARoD55wPEcnVDbAoLZ/yOkbmXqPRrykhUhl+JCWy9DBDxPr0WNiEtKndPQMjEzcPLx8/AKCEi8kpaRfysiqvlZT13ijqWVkbGJqZm5h6ejk7OLq5u7h/+FjQOCnoOCo6JjYuPgvXxPS0jMys7JzcvNKy8orKquqa2pb29o7Oru6e3pHRsfGJyanpmeWV1bX1jc2t7Z3oEfHJ6dn5xeXV3d+IQEoSH9e/9EvAoRfyKioKKgYd34hIbve3UCAivaEA/3Bc2UMA3tCak7few/FI1NLWjBpuFQOiQwdhrEe0XIvP4Xeufbbs//OMb//k2d/d+wffs0AOChIiMVDIQDAwJksQ9p7rP8fxmiegpoWzAD8m4UOi6E9VEaYYTDAkP7QEHF7x0NAWZI4BTmYQxJ4qBwsqIQk+fDfDHlY5m70X43Id2WRqGXZE4lGyqw2/tNbvVt0xcqX5A4ygPqtW1e7iPykUlMjBqd2Vh/kTPP7irhocNSz888JQM84jM6yVF+Yj4xUDcxtjuOLfy6+aSrd+OtVQl6jyHgzIGEf3mJtAMqa6S0rk+MXz7ns7ivZkbfFpuDy8M+936jF0epYHRk5So6T0DarO02zlRqZiborM38iu27R+MQybovS7SBSppkVVQyyxYNxwzIbcWUFB3wM4MCKBY8QeB9XVM58zga3BnPrJRwg0Ek09/hsKNrBccVm9ab3OsmFjz2J0sXP2oPC9Yal5/YpHGhSggNQ7uTD0g3YXvL5BghGVwPak3/pXFKNGDONsZiJwvGOeotxy5Uv0xCOKdnl5Nx0WLr+570RF5oOcMBF8foYHw4Q6vhrLvoGVMXDLrJC5DpCs6fXZuZ9tIrNRH8OJokMNN/IJo78caeC4qd4hyjqcHWaItZl8DWrPdigBg4kPfBRq0uxCO74OL/36O1S2UuScBEAJfpSvTxH1qG8/MVAWnDt3Cwc+HCuvI8KB8IK6OGASbYEFN3EgHyiUjs57Fjr07T3UTooIcHPyptTyDMdd+9oIDrm/Tsk41eHXU0KjRcrBbtaUh8S7Hi1hseemgLt1loi6eTfO2tN/MIaJn5tORbI7YT0FO3YkNHNkyhMSJWFMNl/czppwUglD84EB2dV1rZUVsZO5r8gRceYSu3auJd1oWvcUMHr/hPKNZ1PeSnlpri09dpTgKjfZo7vgYzwsQ6u5vR3i3mdUwimW+mkxldWZ2ZztUzrz3P3JtEGD/m7cDwpA6dOd2clKzSF+5x5R/Gimjt5b/Hwh/z1aJa/aly/mu2FOAouB45Wn3dC7jPPnfQFsTlNGX/beEf0+ao0qgDyTF6O+BpXb2fkSIhChxkzfNazA2AJu+0CtcK+R5SsVO0+8HzRVB43oYAS6ieYj9JCuVq8rKVl3ae7ffgKDnjHb3adB2Kcor9nGZa8y5V/WDkiCZ7+Tqd/Mjf28MEr4VVYknUMHFhkgXzl+SWarHWoSC7YYzwQyDQ680M0JTUlx+tlT6dMJspCht8Tlp3AVOGE7f36x7nz4qWz2+urb++JWkYMJUzifnCmXluLOnYR7eIcyFmiJ3UMiba8Yr9gWB+L3bJ0OyCxj+yw3IGBakYM4YCcf4/NS7I2p05p1OPuzEOfMLya4szMiVWszqNSlLCLLa7ZKGaPGCLWGavuZzWZOHqUaisJysPZjZO/NtSCDRi6PMJNiuWi27Rw69+NmiulRCBNF53llexHzbnsDvKErYLwp6Yt7i9qzogkknxgJfDubc59Ekg/WiFPWqJSKkzu7aE2vlR47hN63DOZUNDsqxvxoVwXrJqsXDOe7l5YQKUpHGud2kOf271kXdgnwtU6WSX5WLLiTbwfzk9FhboqI6Lh4H4GA+48rxPOnYrLPGljd9WEUNJ9H5oLV8WhzdED7pyfSnpSax3VP1Sq1wiT6mo9X/vgjAiLXklOFK5wBvDUPIIWhLcgzeBLrkVHnyDXPWJKTMtn/frBXNRHIlJd9OTQaoi1SJRS51X3jJX2C6KvNmyGkdR2eJwZHCJHnMwJ0PBYs/TdLFbu5NI+LEVi1jpzgyHK1dCIQib+HLV4JqxqVzQHMFpjv8dy0BP1s/5w8AIc2J3k5icuim+GA0fP5OGAfqX+FYWjRKY7UVMQu7rHw0a0LXNzI5cK5M0cezgQTnqui77MdhKTwBOpIkNL9fIjsddmXpKkm/pHOPDkC3g+Gg6I8RzMcOezZqRq24evvLY1JMve1eTs5w/QiThTPMo9ccHN6uzNfG5GReAn6qgkfR5xHXj5OoG2hyfk06xrvD23dZfUg2fUn0n/ytOsCFhi/pXU9TBWXR9oPlaNtSi8J7qgWexVjAptY4mz2XEotLd8TtHZ9lzpIlJVUX7mA3Nk30qDel87r8vZYT5Z9drLOJr1tFXAqGbt+qyYdo1DBM+tUFteVjo05LuC2xtyNkI3mpuNutwjBod+rsVBh28KbOVWBhuxsQkW50c1YxdtSv5Ko0TW7X78RDWf396027mvQScbTG+43zay6URGo773TMJ1nKwq0xF6UhP35vklHzTZS5Vl45luB3Xv4f5br+4enMal8THlGHejkiLtWPW2tzsqhbTrfN6EpcNPLynrhC0y5/RkHn2vrmj1/vKJJPJNO8rL2ef8O5g7iiQbpTdmOLwL90b3l12NNZUYI2VLkLSjsiNP9nVyoCJn43AgOOrafke4wPcmr+H0ZPIoXT5HR29f1f8ZjdkP0ERNqnynzLeYo6BOmf7tY+4bQkub5YmVUEKGAEYCDKFP7LPVG3ktKfqzO3T32jKs2b8Y3X+/tn8967F/tr3/BqrTb+QV/dyRpwzFn5Ye53EjuLWIL7iC8iWULi3wh3kLzY6k03hrXn9ldM3x6W5vjElgQ7TJYhC0/BEpqqpX2ZcNV4kb2pj92UzHGe+Cq2S/7NJyrBFs6BOcFrfp8KYws53J6J3HI/KOrjyzm+YJKg6vnVarRvK3z20thGLrE8Y4T0OTFDwPveHA1byV84f1NiaOLQfVvIZsjlzn5X11NzNsZNtkNH+dXDUasOvxDcbDX8QCgoWlHGRppQG8XYZoXNe6VQRwAJPogBPdZ3DMLHpypCQzMjNJ2p1U3ZS2e157bqR12UTBqz9BIy+TjMaqefEIlAhregcHTgQ3AmW3vXARML9s2j0bhAMSReYa37UvSk/N5MG+HqSkj28CUu5K5C1S/pywYEFlvGfse6vprw6CYfPSFW4+/ognq/9IkF+Crz6dvZFSZ6RJf3vy1gPkY0WnmQpaAB8krytfWFCw2FTls+1ex+m2kaCrU0UYqdxlSeFN3kA8tYzZdRV+yTwZBv/bdoILFeT5vxA39p3MUf4Lw+NVLMFEBKogV/tmcCAtfwFD69CW4pmneK8DzoQbf9dNWSoRftBD6/21utrwexpOpdUvUFejdVmr3h/YsD+t4huikWSPUeik+p5afbPL3CZL1l4JbN662jTgOl/x5j9dvwn7pFb0cD6S8IH1lIELX2ozBpSnwX0ghp67PFgROnkoGiH402o5bzRb8teao0fXB7Zyt6ex2cHGQT+uX+ei8GMkpWdv6uwdd1lhy7O5sOto5LpFq1c0HU6kNNV5xn7C7YbMaB1/53kSrT2KNiTxeGYo8skTGSAWg3zph9ZrZlmnuUSeFqPdQUyVAhjDwox25inrmwtb7UZf0wg5Y5yXrxOcpcFsB8+v6x2PDfNnBvq8ecL6yyeq7ELrVcLtd68iityKTUeNa+lYI6NNqOM0vn/64sfJvykCCcGYqbYFdb0TVjWE7vOxWj9zrI6bIeH4doIU4hsuOExaGl0mvEOSRZ35ptNm+5K8/PDrm1WUsYScGe0a2pdNsTbbdY9OjePAHDQmpnrtxnAgubWB6Veblk+qeT4tVU9VyAcAXIwxOtNAFPLa5J4sbke2q3d9gdeCgfxE+2tlj3yLHTf50/SZHzjPcbupw4Qkq8e/1kflBc8+Z3pT5tyMUmjjNtDBwq6+IICaS1YbSAENnrrQBX115X7LaERe54ry/qXybNJtvpeJmUIyj2glDVM2VgVpXlGU7YHA4MXzU6Rw/ST/vVJ1kfnQysfyqFNz9WtO1I0fh/bWRw2jGItwrqddODDsACQ/mU0Kru3QyU9u0RsTa/TXTWOTlPhE6s4CpleUAbzhFEox21JzhVauhb/mhPHvUgNRT8767nLD4eUMiR49sZNhgUhLh1MjJgiqrIioLhP6V8QFuHIw8XjI6Twiq2h0nJtC2NVN5Jb0PpUg0qfbBv8cEawhXM/AwKbVhV+wJlpY7PIM/k3APhz4o7qIgtQfTRrnAvPdz2lylow97RHl5VMjFA44wQEmswA4sNq7C2uyAZ8YZHcgEif7UsXNWfOdDTYz227PlLERzU9+sKyY5X8jgzAyETpIApt34TlEdCgKg4Qj+tZq4aMbOAKyOo3wtCIZFpxVxQR+wDg932MCwR3jP35it5sUSLQosWrkbE4Jxquj8SsafvVsM3WwL1nrOKyNRRG5uCPbMt2qw8gHaY1TbMnHrehqbHTuWkedNIB6ILN4Ew7ghYloayIvaPPvbVRZPETZ7CaJ5MQbB/Cqyb8lbBRZd4yh0xnWUPkJEWiwsbLtVybWWX0qa/2abjL4ozuL2iQQNcoOIKG9QtLkrbDNzQJhBqY/H8mKZ57bZhGWW8l5p8LHW/UNUhT3iKU5R3/B2o5svUv5cuK1epWD5STfVebo3EL1URBzObX/udgeuiAkTFAIV+ytd/g5YHQrBwc+6rx8+tGeW0Wq3cmZCaK1EZrany48/fbwxHvrqfMGHPgZvmBBXTOLI+rI39lspyCwNB43ZjNKc029iRJx+t5Hx3HMqWC2A6vgp3jOTvsSfmfJRgJX69yTLrGnd0KkQso2blIUxN2mkqs2ZqUyUOfOM9+aUbmx2ENMEB3FNaC4/WroNKSBbdUk/uuGrF2j9t67pOmTJTWu45uWKrOLsoQ37zZr4/sq/CzWOl3aP3ZTViNX5t4bC8vOE7CLXf+Y4FQumCususLvXx6Um5Yy99OUH7kmd93zOp05lMuF4qNsLWVx3XculS7Fi7Po7HX1dyyz7ngf35ATGfiJpv3IFI+l76e4VajXM/jU3qEatxDk81LxXqcRVLI3afIO1kWuynDg8/fFW1fI7b1JzZSu9YuFSxH2AsjJE52PY2meNZlKLj00zwZ1CBOOmIQGFH/uZhSi1od4/Au2PcgLWQta/Hwpfn6qPhlwP9+o53qOmHW+aUTxFpisdoPARIoQoTpQ3Fbq46W+7rodvcmdebgvElMXKx3vyG1E6SeFAs36G+xVvQTgAKUG+PQaodzSST+Tjv1Xkgp3NarfsuWH9mA5BgqwwimoUT/pf7F4t/qT48UwP4vCziq6w/k8cLBTe6TEk1odP37+Hphhg8LZ2dHOkZwbReEESg/GhtHU5ujscTHniFl4m05ZXQyIDbOtEl1BELSpF8gzEC/ys4rAzW/kCSNulQO0+bygzEQrTTZicOishPMs9mFGrUW6x1x+8VxfzgWX+rUhDTdLIokUIKCXdAsRXPMiMK3Sow/Dtp7FCS0MXToE5xbF6485zerj6E0/z+lwt3da8n2EJ6CzSYGO5uhzf4xqpF4at2P00q7clsTLLmMVFaZfaCbF6fSQ2eZc8HA4qlVNSV7v7DpyGzxND/NZhF0UKD6yaMVlY8TpVN1EI9Exotq8VN+C4kV5WE6YgU/Greg7SMMK9z+on40W7G9gPBUAAGn9zqw4bHwFS/uwhFNh/t7SqI2aNVFu9Tes/ELYjW6r/MQw0x+FJzUz6yrGRxIvjJ8e8oZl4GxmvewCa+17KRt5nQ3JG5AXDZfZvono90PHb1KcqLG3zie6N/G4Q+AdcSLJbCgckP31fS5cK/wclGUxOpuR/wxr08rd2yXUPno0qd6lwyOiLSzOQ4Iv4UmU51HgWs9nVB02Tzx5uwT0RJcfiqxr7AQOqUSwM2BH2vIEH31hdmpGpGAycuZH9XHEF3RalRQj+mzq2qxfH9ct4MCrYxi5RJTQHEjichJtJZFHlN7sNVDPoD13xHWFtRtQkZkUfxYIm8XadBZIHXN2TUCp5RHzrSP38HHul4VGm6lpy2iSE/m5Q+6f8nTJ7YI2mP0pmIfSiC++5uPLXYM2KjbTM03PTfONpJ9valf91kzAZM2Wvbt6NO/eZTxnk8K3VVCmm6kvoqLUQX7XA9KGRWk4EEEDB3QzEM1+Oi4pmmO+O5CfMHglkuCtLJj8HHEQNJVa+fr4t45S3QZBl8C7BU1XHLlILsEMKcj/ZGhpwQxIDGnBwD8bc6uwLSwTkVw7k3DgOc/B6TIlLxxQWTw9tYIDKQlWdvQmlxETSaUfxLIWMLrEt6OV9QfPhMjyP6eGMgwgbSek4oWsYlcbJfFWTVMH6vSTfiOI7ORfmojVfnf6JDwzMPisYOhLEIiaf5UY5Z0Ryq5SbJ4phaPsGOuTCeG48L3arC51qpyeNTzB4PGqjybV2HQugEwXUX8PPQ9anUiwZixGQNwTL44GmERKtUp31sTUamjM2qQqWlOvqFLKGQWaqZaFnRxax09D2kcpXOis0UlfbiQtLfhsHYVerJHTLUFAsAZnRRT1bzqJWjZe/V5wADckhnE0NPZ69maaoRLwDw8UHoLiQZwfQeYzJ2wySvzY6ZHWDPmM+FFGjwvgQPkOaxYP9Gt9Kl/0OYaOmQgYyym3V1mFLwBdzTDTqXjO6aw5ysU3+hueXwrBpblS28P33252o9VPttfqw5X5WD44hlJ65zmVRW3sWy+JjTzrRl0yzGt8YpDunn/lnuR0yOX8nZWtcVX0Pt+xtY1b11xhyGskxwppUCuHHKW/j0mkOtpPtx62Z26DlOW7dJwS1aeo/joxx8Qa8fTMIce6Vew7nGk1NdEn/Ijli0rOhwNT4l2Xhe5T23qfwGs5lnDgFA4Y3UzU7znlk3I74V/iacOBOnrY+/GDK/CNO+jqFzsswKqV+y8DblW3rvEILcP9hZTDG1Hc7JtiFTMg3cKQSU3IidFrgn/qA8Nm+u449j3bf3e6ohjWNFZ1660FB7boGmbq6TubdhJhjYWQE0J5G6RCultCJeUkQwMN7ibKbZlsCZwFL3wcC0oSV5vW9y9n8Mldc2WNf1Ddl0ElzUqiGJ6OSDQjNSPPS9aXrY1ei+3Pe2sUEvq69iGP4v1Zq9qzeKKUmML60mSOThR05SFnGCWsIgM/zpV8NZvCovJK7Xt0fEVFMJ2wjfKACJfqpeXeI6mZQAEqs5MitZBKah59Kc+HnAevcA57bmRgdEsTJ/0CNH4TZEGRMlHidGgmbNVMiwjwUxmRjyVIT4OXaZNYBaWjZvgx8fbrXGmS/EGKRppXvIlGoilGnwu21x9dfwBckW7yC0pG91mUP2ZwdNWvVxZxXUxmqz5LZXJ4PVY0XiFqsa7GoBYhpGWFWMzXpm5x0n5CAkYsRUXrmgr3+Imykhg/OkHNbZ43HHGdffbvO7b/BjmFBidZudkYHG1KOoFb+yIROZxn9mJUCjyc3nWdVZauFVGmlJP0vcADNpLoFzo6WhKf0n2O68pSMLDXq/llLdp/bHzrV/pIRc4BrYbJ/R8zDTI8NkJu1mlHS2qSg/NqXavK/ba4LcqC6Mpz4ZJG4YoEELOs3OLIkHaJXbyM+NrxJuSVi9Z+ECSag5Og2v7orRG0oJ+xvk/KplOqg2GUpS4NDizSFUrlkxsQiOeFAhjI1VvLu1Jp3zXprfY3iPKVnOYYJfNnITT+oKPXzpArOFACs9JzEdRIi7hkIu26hUxBeIoFKZhz1v8du3x/gyjPMilCRiz9sf2cP7G9gEJ+o9riGXfaziKCD1W24MARQqJXliIw15lj+LtT1Xzxd9/IXV8K9n+nDwhX9U/vDorUk68wi12KMaHFV1lwoDhf8RZ1VNu3BIdTR4f2WdE2rXeeiExRsCLqXLtvVmPZpwfo2vyDWVZgMcWLpKnkK1sYz9RFslT8m9FY1gxMe0JbsUXn6i1v0Qq1Eeu53bZx+xijfuOrAwfBwIDskjLP2OqqmiAyqy+Kc/v9jjMfx0itv8VrsLyw8D06pT1BrvvELRRG08oHB95Fam2sWgmm9qagvkWZu0pY4anmTPC42lFvy4KE18/ErA4+rE1q52Dj3uHvvakDR37PdDvrbd3qPnscjmXd+llo0no5gmR7gT7ByvNNdlV1kHDbw2avvm/GBFsvbzrexLedt6q9/qorI/QlVbcpwD2Pt1LRBEo6wUgs9J1Uau6x7U0VuWuhwcNyZasDOMDVmatXqOn42urqkkIdUDc1kZRk+bmJJLYWpfhc06xdSxO8WyRcWFcPB0qb4quupztd4EBFqOe4Lak8rSC3DDGqHD9OAScZEKO6g+OLRHHlWvTIosi0LsB9AfLEQWXdEO+VGG4pd4ZfqRnV26iX2KF2HlSxoSb0npRpLS75zOnp73t3HIgpP5B+Oi2wxX6lr1gdSrguaddHzPQYeP8G4AcE7H2bt2cqiSdyp+LJ8oOk3IRHZTL6hb5WGAWowoHHEhpw4MfHiGOt49oTfjiwlr3zm0cNEDx6lJIufSdL50AHPYjayONZGYZQmnf7uwcIJJnW0//rYAhikP3PwWgUBbZC2DZMjQ3xDBUcuLbmg4VaBvxT3zGiyCMQNRwm9njrLzVai/FfC/lv+02fs7DGffAJod6+HtGq4qnZ31ryNjg7LLr7RelJwrZh5ziTeklPXdVoFD5vVntFrOtk1hrD6Iq7HklDmscna03Lx4wruJ11TbX7pCofdd6/mNMs+4xv21sjbyRJWvntrFM9qIoliPpUSvWzVZo2pFCE1cFDI1FZpu/LCaPsff8IKXslN7IOwrDFwzjdIncQdzb44tZJlOjQujMwpz9nx6NgJva4bY25cU/qK2rElyh3lJuE7ZT31L6Dm6ofO5zo6Sr4adOSa013SbUsJ5JefDCKDNBt9h8j0PnZiPL551NvKVPmUELiBY7RzeuF6d1fumWvH7wXIEF1nMj/moHFpKhKozBqNLJf/6EZBQDqxH2HkNSJh/Z7sh6ncfI67RUwcs+PjdyoYk+UuArkMZMbm4EJ/0407nr+SIPtDdqwpj1IwmSykvjU8BBkjQ/juhSyhau3mwY6YQTvbtje4kx+NAcfkfnfToNP0Iudhu722fpXl4l3FfIZz98IRcW86QgffLpge0s6/lDfvWke3JsxDF4jh+wiUH7Fk4uU+p9eyZGkcyuLoZv3I7oSuBA10zR0WBIgWtbjvg78Y1V371a1FrJ7MIqQZtwTSwO9w1yXE+UcZuRq2LSDm9q80JNCK1bxb+WUn6GqtBIjmW8ucpF9deqzilLGXym1fpd37OB0pTZSy/ZizF0TViPLfcbMKETxMN1F1XVtzOQyZ3474NWEfeQswwOuUexV4TGTHV6finGZ+SSXJ5rkDek2F5F5IO075dqs4fnWEUqoCj65UxQddmrpc5vapKQEnRV/xisVDnTFIEQj352kKGe/xH0O20u+QtGo3YJA1/luvRHUmZrwyrRAV/tu73ZFf+OPqPz0CLgXvgrJh9RCYsESiORxhEy230VsGyn1HyH5R5yQNxDAR02L6IzofI/FcGN+Yw78S6MYC5qNmEbf5Y6jnRGt5D9bWVXorpUoEZ1VrIHUJXtSYMGZqsK8AzNFw25yleEE2U3THMycOagiD3ZkuAKTNhuDn3ozT7Q7H13xgmDRnqiYsP3ED3b6tWOdWGOPN1quBBk9WV+ZqhJ/yXPha3VyCm0qirdEpVsIjqG/FQo2iObZMqgwiwgJD+D94gjFUPkdNIT7WMvM1cMDXp45iC3lbQTsA3NgYdLesva/HKHOO7FfHCEik3Wn9v/2eiHnz9cLCffhgHjy38ZyORJKnG3PFY9yucGXGHy3XggWStdLj8iHVC/2JiMWo1ugaXcDckt68n74f4wXknnGjfl/IBbmTv1rd4s79X+uL3tYTGLGeveC5MuVNT8ijB5SScElJPoHfh5nRBbOIc5wIM6BYAr6Ws7dg3Z/1LLk1jJtgTc7U8LaJniSN+P7e68R+ryr1eqcTvUYsz7Krlh9ApUH6/4Tk6eCzLoqCzsGDwI0RPiMEurT7QFnnq7t1pVZ/YqADfqgPlBsl37MyWlRvGrcS6fEGuqB00+fpZWEkvt44khV8jOqGsJDH1E7M8qqPcp5N1MYSuhu7ZBZ5l8hgwLNNWF6q6k8vuoTmu2vZyvgXH68/pUmcgr1U2iN3n54sAjX5Lbu448HGdFytSoyYbTimDAobvIQ1gnU7alC9De9xQm/5lVLtUJieVZPmwZ57JpYdxF82YHoc38H36rrdvvLsSpCcWfsp7VU4iPL505dTZX2up/VOJYYZqTF+Dvc7LJ2qnK3xttXjPSUsmmjquROapob7y99BMvWZFtEW2r/pOZ5zc9yy7XFFJ7OApqJZ7Zsbi0++ux23lXpqEv/YV1txCxKCiuE4+mXJSRfZXHy0XWzTGkidTciLfWNhvoq8wInRppIFbnEZ3t2eQqYoq0lFQ3s3ZoS1BlQ3Gm9UGa9kT6ZqkTFZDu+c5Ugmqd9DzgdxLZDX+uxeun+BG/PXpGeGuCbTgRgpRXyYS8qdH0zNxMVaPo7RFesSofkQCT6sZ2r3iblSV/nmMNSDwboCvb0hy4mqP7Ys9aZ60PXwbfe/YgnND5sfcA1RG6jwuiGA+9Jz9lxC/oyu9mS+L7pyjek6+YpHA9R+kUTlIHU4YAdHGByQUCa6hwhnBIjEOCc+vP8Uhhcd83yq/NXuWIdBddGpf1LXMG/fBfx6Hfq/+WbiGKCC18U8atgqYwe23UFJDiQ5fAMfLHa7hOmN6/D146PNb+4N17uNiGXIzVd2Lum8KVltaaFKnyVeF39PYtF6ewuKeelgylZdRUz+7l2kkgLTC0pCbdeE6Urpx3rW8DRFPnVoVsxZ8kkTxO6bJtiUFMZrXUrdgc7+TuPnEgPUDtICdeJwMtwzMX3NjIzei5kBFwob2lXaPY0t18DUzZfwcpoqMCJrHxspWGsgtDl0I+G7OWeNO2tvC069rgEIzHVOdFa+gosC7KBjxD9SxA4oPcdDmDbqoGP7400Hb4Fd2ZxXz6utZWNYWSWzp1auOCTT9jqjdIRL3AwUsnwQY2A5i/oNoQnxbnYXdozzsmRl/Hl8mwWQhXV7BFB/k4LmXsBgapp6X/yKF88xhvFGFUC3aipeUwllKxF1/K1jbapJIsUDJSpV11rAWQWKi+7uwXyCGVy6n1UF3sNm1USv7BhEHfJrmVDXfJ5IcPlp1eW2HCgQw2TZ17tyGU6IhNRSaFqm8I8CGneIsRk4FD/Yl62fx4OBPlIW9/nQMbs4SnM2r3fYmRv5GlxligzoOn6djPikGh9U3NcqDAZhlEMB4jkYQtjgYczkCWHu8kKmdQY69KHPhz1Oj2i5DzXiBbJYyd60xnJ4mGhjLUfEXuJkcLjW7xLd7qeIFZSHrSeZpZyCs7td/8KpUtpkEQQa9UwjOdBX/6Fn5E1Vpk4ZNI7DCeDvc4JFIQyURudc85x9gWLL5ZVf/CUz0vA/cGi7s4gLPVX/Rp97XMyXsivdOKrCgcJfpLdhfJis++Gj+y0+sgJckJpzQ+Ing/wGW08bTSl8RPbQ3uOHp2ra9yWrVsaXjQUI3lV9hZ/oEJYU9R02qoNoWbNJ9JR3weHvkl6T8kJQVZc1ltcHjEeNqg2YbL5eoCc1DKH2IysZmgkXAi1nGsc+IyThCiYoq+ofrYRQ5CpMhwom06s7qawmsiME3J7VRob/HSn/ygHpNpBR61Ma5cR/arFMAxbiLCZYnA9QZi3iJvMLFa2fjabySOCI2QVoTkLTAjdcicWiDMCJTRwhQd4Kw4E7vkXxycVLqbsyDtX/xvh/8djoTvLFI0wchRIknMmpMQJijG9ivSDkIZeQOSM4kp8I/Kp6I950iUBUzjQKnR3OCU6C7tlv1CFLJOOOCJ+hVJEGtZY2nvOpmWSEchmL/v1GsKzewOIUiaqDFmkrjBPwSm+kHJKvjwKgV0+hLRyIOYYjNE/7y7UYkBhhhGE0cO8VuBAoyToMHRb/3gTdHvErB4M9FGSjrR0l4eClNAkwR+5+6Jw0vZWUx6XMUWk4KG9GxYjTj4M3NZH0Bkc8CeLgLGliqIOkUpGyQmYOAuox+1Y3BOd/TYpIQmYgHAtFudr4UBzT9NFLesNe4a24iZrQg+bm/t0Fs2Wzjcfovx//2rqf9we/h8N+e7cJEb5P/+j/63d/TAQfPr/AQCW8b4="},"referFrom":"Advertisment"}
    Session Attrs = {}

Handler:
             Type = com.example.mypack.controller.PersonController
           Method = com.example.mypack.controller.PersonController#updatePerson(Person)

Async:
    Async started = false
     Async result = null

Resolved Exception:
             Type = null

ModelAndView:
        View name = null
             View = null
            Model = null

FlashMap:
       Attributes = null

MockHttpServletResponse:
           Status = 200
    Error message = null
          Headers = [Vary:"Origin", "Access-Control-Request-Method", "Access-Control-Request-Headers", Content-Type:"application/json"]
     Content type = application/json
             Body = {"personId":"FF-38","firstName":"Amanpreet","lastName":"singh","email":"abc@gmail.com","mobile":"+919335302631","weight":0.1,"height":0.1,"bmi":0.1,"bmiResult":"Not Good","gender":"Male","isTrainerRequire":"Yes","trainingPackage":"Monthly","motivations":["Burn Fat","Reduce weight"],"hasBeenToGym":"Yes","enquiryDate":"2024-05-02","age":20,"imageData":{"name":"Iphone.jpg","type":"image/jpeg","imageData":"eNqtenVUVd3W/qalRUTpg4B0SDcHQUBAWkBauqQ7j4CCtLSC0p3S3Q3S3d0hh85zfgfv+9547/3GuN83fpsx/1hr7b04c65nPvNZa2/4FHwJuC8rJSMFICEhAW8RfwB8FpAAsDAwMDHQsTDvYWJjY+Hgk9zHx8PDp3z0+AEJLRXdUxoqGmoGVoFnDEy8zNQ0nC84eYVExMTE6J5JyUmKygqAxUTuJkHCxsbGx8WnuH+fQoSRhlHkf33BmwGCe0g0SDQoSNQAMgESCgESvB0AAQASGtLvC/jjQkJGQUVDx7iHiYWNuKHiPoCMhIKCjIqChoaKihj1RowDqARoD55wPEcnVDbAoLZ/yOkbmXqPRrykhUhl+JCWy9DBDxPr0WNiEtKndPQMjEzcPLx8/AKCEi8kpaRfysiqvlZT13ijqWVkbGJqZm5h6ejk7OLq5u7h/+FjQOCnoOCo6JjYuPgvXxPS0jMys7JzcvNKy8orKquqa2pb29o7Oru6e3pHRsfGJyanpmeWV1bX1jc2t7Z3oEfHJ6dn5xeXV3d+IQEoSH9e/9EvAoRfyKioKKgYd34hIbve3UCAivaEA/3Bc2UMA3tCak7few/FI1NLWjBpuFQOiQwdhrEe0XIvP4Xeufbbs//OMb//k2d/d+wffs0AOChIiMVDIQDAwJksQ9p7rP8fxmiegpoWzAD8m4UOi6E9VEaYYTDAkP7QEHF7x0NAWZI4BTmYQxJ4qBwsqIQk+fDfDHlY5m70X43Id2WRqGXZE4lGyqw2/tNbvVt0xcqX5A4ygPqtW1e7iPykUlMjBqd2Vh/kTPP7irhocNSz888JQM84jM6yVF+Yj4xUDcxtjuOLfy6+aSrd+OtVQl6jyHgzIGEf3mJtAMqa6S0rk+MXz7ns7ivZkbfFpuDy8M+936jF0epYHRk5So6T0DarO02zlRqZiborM38iu27R+MQybovS7SBSppkVVQyyxYNxwzIbcWUFB3wM4MCKBY8QeB9XVM58zga3BnPrJRwg0Ek09/hsKNrBccVm9ab3OsmFjz2J0sXP2oPC9Yal5/YpHGhSggNQ7uTD0g3YXvL5BghGVwPak3/pXFKNGDONsZiJwvGOeotxy5Uv0xCOKdnl5Nx0WLr+570RF5oOcMBF8foYHw4Q6vhrLvoGVMXDLrJC5DpCs6fXZuZ9tIrNRH8OJokMNN/IJo78caeC4qd4hyjqcHWaItZl8DWrPdigBg4kPfBRq0uxCO74OL/36O1S2UuScBEAJfpSvTxH1qG8/MVAWnDt3Cwc+HCuvI8KB8IK6OGASbYEFN3EgHyiUjs57Fjr07T3UTooIcHPyptTyDMdd+9oIDrm/Tsk41eHXU0KjRcrBbtaUh8S7Hi1hseemgLt1loi6eTfO2tN/MIaJn5tORbI7YT0FO3YkNHNkyhMSJWFMNl/czppwUglD84EB2dV1rZUVsZO5r8gRceYSu3auJd1oWvcUMHr/hPKNZ1PeSnlpri09dpTgKjfZo7vgYzwsQ6u5vR3i3mdUwimW+mkxldWZ2ZztUzrz3P3JtEGD/m7cDwpA6dOd2clKzSF+5x5R/Gimjt5b/Hwh/z1aJa/aly/mu2FOAouB45Wn3dC7jPPnfQFsTlNGX/beEf0+ao0qgDyTF6O+BpXb2fkSIhChxkzfNazA2AJu+0CtcK+R5SsVO0+8HzRVB43oYAS6ieYj9JCuVq8rKVl3ae7ffgKDnjHb3adB2Kcor9nGZa8y5V/WDkiCZ7+Tqd/Mjf28MEr4VVYknUMHFhkgXzl+SWarHWoSC7YYzwQyDQ680M0JTUlx+tlT6dMJspCht8Tlp3AVOGE7f36x7nz4qWz2+urb++JWkYMJUzifnCmXluLOnYR7eIcyFmiJ3UMiba8Yr9gWB+L3bJ0OyCxj+yw3IGBakYM4YCcf4/NS7I2p05p1OPuzEOfMLya4szMiVWszqNSlLCLLa7ZKGaPGCLWGavuZzWZOHqUaisJysPZjZO/NtSCDRi6PMJNiuWi27Rw69+NmiulRCBNF53llexHzbnsDvKErYLwp6Yt7i9qzogkknxgJfDubc59Ekg/WiFPWqJSKkzu7aE2vlR47hN63DOZUNDsqxvxoVwXrJqsXDOe7l5YQKUpHGud2kOf271kXdgnwtU6WSX5WLLiTbwfzk9FhboqI6Lh4H4GA+48rxPOnYrLPGljd9WEUNJ9H5oLV8WhzdED7pyfSnpSax3VP1Sq1wiT6mo9X/vgjAiLXklOFK5wBvDUPIIWhLcgzeBLrkVHnyDXPWJKTMtn/frBXNRHIlJd9OTQaoi1SJRS51X3jJX2C6KvNmyGkdR2eJwZHCJHnMwJ0PBYs/TdLFbu5NI+LEVi1jpzgyHK1dCIQib+HLV4JqxqVzQHMFpjv8dy0BP1s/5w8AIc2J3k5icuim+GA0fP5OGAfqX+FYWjRKY7UVMQu7rHw0a0LXNzI5cK5M0cezgQTnqui77MdhKTwBOpIkNL9fIjsddmXpKkm/pHOPDkC3g+Gg6I8RzMcOezZqRq24evvLY1JMve1eTs5w/QiThTPMo9ccHN6uzNfG5GReAn6qgkfR5xHXj5OoG2hyfk06xrvD23dZfUg2fUn0n/ytOsCFhi/pXU9TBWXR9oPlaNtSi8J7qgWexVjAptY4mz2XEotLd8TtHZ9lzpIlJVUX7mA3Nk30qDel87r8vZYT5Z9drLOJr1tFXAqGbt+qyYdo1DBM+tUFteVjo05LuC2xtyNkI3mpuNutwjBod+rsVBh28KbOVWBhuxsQkW50c1YxdtSv5Ko0TW7X78RDWf396027mvQScbTG+43zay6URGo773TMJ1nKwq0xF6UhP35vklHzTZS5Vl45luB3Xv4f5br+4enMal8THlGHejkiLtWPW2tzsqhbTrfN6EpcNPLynrhC0y5/RkHn2vrmj1/vKJJPJNO8rL2ef8O5g7iiQbpTdmOLwL90b3l12NNZUYI2VLkLSjsiNP9nVyoCJn43AgOOrafke4wPcmr+H0ZPIoXT5HR29f1f8ZjdkP0ERNqnynzLeYo6BOmf7tY+4bQkub5YmVUEKGAEYCDKFP7LPVG3ktKfqzO3T32jKs2b8Y3X+/tn8967F/tr3/BqrTb+QV/dyRpwzFn5Ye53EjuLWIL7iC8iWULi3wh3kLzY6k03hrXn9ldM3x6W5vjElgQ7TJYhC0/BEpqqpX2ZcNV4kb2pj92UzHGe+Cq2S/7NJyrBFs6BOcFrfp8KYws53J6J3HI/KOrjyzm+YJKg6vnVarRvK3z20thGLrE8Y4T0OTFDwPveHA1byV84f1NiaOLQfVvIZsjlzn5X11NzNsZNtkNH+dXDUasOvxDcbDX8QCgoWlHGRppQG8XYZoXNe6VQRwAJPogBPdZ3DMLHpypCQzMjNJ2p1U3ZS2e157bqR12UTBqz9BIy+TjMaqefEIlAhregcHTgQ3AmW3vXARML9s2j0bhAMSReYa37UvSk/N5MG+HqSkj28CUu5K5C1S/pywYEFlvGfse6vprw6CYfPSFW4+/ognq/9IkF+Crz6dvZFSZ6RJf3vy1gPkY0WnmQpaAB8krytfWFCw2FTls+1ex+m2kaCrU0UYqdxlSeFN3kA8tYzZdRV+yTwZBv/bdoILFeT5vxA39p3MUf4Lw+NVLMFEBKogV/tmcCAtfwFD69CW4pmneK8DzoQbf9dNWSoRftBD6/21utrwexpOpdUvUFejdVmr3h/YsD+t4huikWSPUeik+p5afbPL3CZL1l4JbN662jTgOl/x5j9dvwn7pFb0cD6S8IH1lIELX2ozBpSnwX0ghp67PFgROnkoGiH402o5bzRb8teao0fXB7Zyt6ex2cHGQT+uX+ei8GMkpWdv6uwdd1lhy7O5sOto5LpFq1c0HU6kNNV5xn7C7YbMaB1/53kSrT2KNiTxeGYo8skTGSAWg3zph9ZrZlmnuUSeFqPdQUyVAhjDwox25inrmwtb7UZf0wg5Y5yXrxOcpcFsB8+v6x2PDfNnBvq8ecL6yyeq7ELrVcLtd68iityKTUeNa+lYI6NNqOM0vn/64sfJvykCCcGYqbYFdb0TVjWE7vOxWj9zrI6bIeH4doIU4hsuOExaGl0mvEOSRZ35ptNm+5K8/PDrm1WUsYScGe0a2pdNsTbbdY9OjePAHDQmpnrtxnAgubWB6Veblk+qeT4tVU9VyAcAXIwxOtNAFPLa5J4sbke2q3d9gdeCgfxE+2tlj3yLHTf50/SZHzjPcbupw4Qkq8e/1kflBc8+Z3pT5tyMUmjjNtDBwq6+IICaS1YbSAENnrrQBX115X7LaERe54ry/qXybNJtvpeJmUIyj2glDVM2VgVpXlGU7YHA4MXzU6Rw/ST/vVJ1kfnQysfyqFNz9WtO1I0fh/bWRw2jGItwrqddODDsACQ/mU0Kru3QyU9u0RsTa/TXTWOTlPhE6s4CpleUAbzhFEox21JzhVauhb/mhPHvUgNRT8767nLD4eUMiR49sZNhgUhLh1MjJgiqrIioLhP6V8QFuHIw8XjI6Twiq2h0nJtC2NVN5Jb0PpUg0qfbBv8cEawhXM/AwKbVhV+wJlpY7PIM/k3APhz4o7qIgtQfTRrnAvPdz2lylow97RHl5VMjFA44wQEmswA4sNq7C2uyAZ8YZHcgEif7UsXNWfOdDTYz227PlLERzU9+sKyY5X8jgzAyETpIApt34TlEdCgKg4Qj+tZq4aMbOAKyOo3wtCIZFpxVxQR+wDg932MCwR3jP35it5sUSLQosWrkbE4Jxquj8SsafvVsM3WwL1nrOKyNRRG5uCPbMt2qw8gHaY1TbMnHrehqbHTuWkedNIB6ILN4Ew7ghYloayIvaPPvbVRZPETZ7CaJ5MQbB/Cqyb8lbBRZd4yh0xnWUPkJEWiwsbLtVybWWX0qa/2abjL4ozuL2iQQNcoOIKG9QtLkrbDNzQJhBqY/H8mKZ57bZhGWW8l5p8LHW/UNUhT3iKU5R3/B2o5svUv5cuK1epWD5STfVebo3EL1URBzObX/udgeuiAkTFAIV+ytd/g5YHQrBwc+6rx8+tGeW0Wq3cmZCaK1EZrany48/fbwxHvrqfMGHPgZvmBBXTOLI+rI39lspyCwNB43ZjNKc029iRJx+t5Hx3HMqWC2A6vgp3jOTvsSfmfJRgJX69yTLrGnd0KkQso2blIUxN2mkqs2ZqUyUOfOM9+aUbmx2ENMEB3FNaC4/WroNKSBbdUk/uuGrF2j9t67pOmTJTWu45uWKrOLsoQ37zZr4/sq/CzWOl3aP3ZTViNX5t4bC8vOE7CLXf+Y4FQumCususLvXx6Um5Yy99OUH7kmd93zOp05lMuF4qNsLWVx3XculS7Fi7Po7HX1dyyz7ngf35ATGfiJpv3IFI+l76e4VajXM/jU3qEatxDk81LxXqcRVLI3afIO1kWuynDg8/fFW1fI7b1JzZSu9YuFSxH2AsjJE52PY2meNZlKLj00zwZ1CBOOmIQGFH/uZhSi1od4/Au2PcgLWQta/Hwpfn6qPhlwP9+o53qOmHW+aUTxFpisdoPARIoQoTpQ3Fbq46W+7rodvcmdebgvElMXKx3vyG1E6SeFAs36G+xVvQTgAKUG+PQaodzSST+Tjv1Xkgp3NarfsuWH9mA5BgqwwimoUT/pf7F4t/qT48UwP4vCziq6w/k8cLBTe6TEk1odP37+Hphhg8LZ2dHOkZwbReEESg/GhtHU5ujscTHniFl4m05ZXQyIDbOtEl1BELSpF8gzEC/ys4rAzW/kCSNulQO0+bygzEQrTTZicOishPMs9mFGrUW6x1x+8VxfzgWX+rUhDTdLIokUIKCXdAsRXPMiMK3Sow/Dtp7FCS0MXToE5xbF6485zerj6E0/z+lwt3da8n2EJ6CzSYGO5uhzf4xqpF4at2P00q7clsTLLmMVFaZfaCbF6fSQ2eZc8HA4qlVNSV7v7DpyGzxND/NZhF0UKD6yaMVlY8TpVN1EI9Exotq8VN+C4kV5WE6YgU/Greg7SMMK9z+on40W7G9gPBUAAGn9zqw4bHwFS/uwhFNh/t7SqI2aNVFu9Tes/ELYjW6r/MQw0x+FJzUz6yrGRxIvjJ8e8oZl4GxmvewCa+17KRt5nQ3JG5AXDZfZvono90PHb1KcqLG3zie6N/G4Q+AdcSLJbCgckP31fS5cK/wclGUxOpuR/wxr08rd2yXUPno0qd6lwyOiLSzOQ4Iv4UmU51HgWs9nVB02Tzx5uwT0RJcfiqxr7AQOqUSwM2BH2vIEH31hdmpGpGAycuZH9XHEF3RalRQj+mzq2qxfH9ct4MCrYxi5RJTQHEjichJtJZFHlN7sNVDPoD13xHWFtRtQkZkUfxYIm8XadBZIHXN2TUCp5RHzrSP38HHul4VGm6lpy2iSE/m5Q+6f8nTJ7YI2mP0pmIfSiC++5uPLXYM2KjbTM03PTfONpJ9valf91kzAZM2Wvbt6NO/eZTxnk8K3VVCmm6kvoqLUQX7XA9KGRWk4EEEDB3QzEM1+Oi4pmmO+O5CfMHglkuCtLJj8HHEQNJVa+fr4t45S3QZBl8C7BU1XHLlILsEMKcj/ZGhpwQxIDGnBwD8bc6uwLSwTkVw7k3DgOc/B6TIlLxxQWTw9tYIDKQlWdvQmlxETSaUfxLIWMLrEt6OV9QfPhMjyP6eGMgwgbSek4oWsYlcbJfFWTVMH6vSTfiOI7ORfmojVfnf6JDwzMPisYOhLEIiaf5UY5Z0Ryq5SbJ4phaPsGOuTCeG48L3arC51qpyeNTzB4PGqjybV2HQugEwXUX8PPQ9anUiwZixGQNwTL44GmERKtUp31sTUamjM2qQqWlOvqFLKGQWaqZaFnRxax09D2kcpXOis0UlfbiQtLfhsHYVerJHTLUFAsAZnRRT1bzqJWjZe/V5wADckhnE0NPZ69maaoRLwDw8UHoLiQZwfQeYzJ2wySvzY6ZHWDPmM+FFGjwvgQPkOaxYP9Gt9Kl/0OYaOmQgYyym3V1mFLwBdzTDTqXjO6aw5ysU3+hueXwrBpblS28P33252o9VPttfqw5X5WD44hlJ65zmVRW3sWy+JjTzrRl0yzGt8YpDunn/lnuR0yOX8nZWtcVX0Pt+xtY1b11xhyGskxwppUCuHHKW/j0mkOtpPtx62Z26DlOW7dJwS1aeo/joxx8Qa8fTMIce6Vew7nGk1NdEn/Ijli0rOhwNT4l2Xhe5T23qfwGs5lnDgFA4Y3UzU7znlk3I74V/iacOBOnrY+/GDK/CNO+jqFzsswKqV+y8DblW3rvEILcP9hZTDG1Hc7JtiFTMg3cKQSU3IidFrgn/qA8Nm+u449j3bf3e6ohjWNFZ1660FB7boGmbq6TubdhJhjYWQE0J5G6RCultCJeUkQwMN7ibKbZlsCZwFL3wcC0oSV5vW9y9n8Mldc2WNf1Ddl0ElzUqiGJ6OSDQjNSPPS9aXrY1ei+3Pe2sUEvq69iGP4v1Zq9qzeKKUmML60mSOThR05SFnGCWsIgM/zpV8NZvCovJK7Xt0fEVFMJ2wjfKACJfqpeXeI6mZQAEqs5MitZBKah59Kc+HnAevcA57bmRgdEsTJ/0CNH4TZEGRMlHidGgmbNVMiwjwUxmRjyVIT4OXaZNYBaWjZvgx8fbrXGmS/EGKRppXvIlGoilGnwu21x9dfwBckW7yC0pG91mUP2ZwdNWvVxZxXUxmqz5LZXJ4PVY0XiFqsa7GoBYhpGWFWMzXpm5x0n5CAkYsRUXrmgr3+Imykhg/OkHNbZ43HHGdffbvO7b/BjmFBidZudkYHG1KOoFb+yIROZxn9mJUCjyc3nWdVZauFVGmlJP0vcADNpLoFzo6WhKf0n2O68pSMLDXq/llLdp/bHzrV/pIRc4BrYbJ/R8zDTI8NkJu1mlHS2qSg/NqXavK/ba4LcqC6Mpz4ZJG4YoEELOs3OLIkHaJXbyM+NrxJuSVi9Z+ECSag5Og2v7orRG0oJ+xvk/KplOqg2GUpS4NDizSFUrlkxsQiOeFAhjI1VvLu1Jp3zXprfY3iPKVnOYYJfNnITT+oKPXzpArOFACs9JzEdRIi7hkIu26hUxBeIoFKZhz1v8du3x/gyjPMilCRiz9sf2cP7G9gEJ+o9riGXfaziKCD1W24MARQqJXliIw15lj+LtT1Xzxd9/IXV8K9n+nDwhX9U/vDorUk68wi12KMaHFV1lwoDhf8RZ1VNu3BIdTR4f2WdE2rXeeiExRsCLqXLtvVmPZpwfo2vyDWVZgMcWLpKnkK1sYz9RFslT8m9FY1gxMe0JbsUXn6i1v0Qq1Eeu53bZx+xijfuOrAwfBwIDskjLP2OqqmiAyqy+Kc/v9jjMfx0itv8VrsLyw8D06pT1BrvvELRRG08oHB95Fam2sWgmm9qagvkWZu0pY4anmTPC42lFvy4KE18/ErA4+rE1q52Dj3uHvvakDR37PdDvrbd3qPnscjmXd+llo0no5gmR7gT7ByvNNdlV1kHDbw2avvm/GBFsvbzrexLedt6q9/qorI/QlVbcpwD2Pt1LRBEo6wUgs9J1Uau6x7U0VuWuhwcNyZasDOMDVmatXqOn42urqkkIdUDc1kZRk+bmJJLYWpfhc06xdSxO8WyRcWFcPB0qb4quupztd4EBFqOe4Lak8rSC3DDGqHD9OAScZEKO6g+OLRHHlWvTIosi0LsB9AfLEQWXdEO+VGG4pd4ZfqRnV26iX2KF2HlSxoSb0npRpLS75zOnp73t3HIgpP5B+Oi2wxX6lr1gdSrguaddHzPQYeP8G4AcE7H2bt2cqiSdyp+LJ8oOk3IRHZTL6hb5WGAWowoHHEhpw4MfHiGOt49oTfjiwlr3zm0cNEDx6lJIufSdL50AHPYjayONZGYZQmnf7uwcIJJnW0//rYAhikP3PwWgUBbZC2DZMjQ3xDBUcuLbmg4VaBvxT3zGiyCMQNRwm9njrLzVai/FfC/lv+02fs7DGffAJod6+HtGq4qnZ31ryNjg7LLr7RelJwrZh5ziTeklPXdVoFD5vVntFrOtk1hrD6Iq7HklDmscna03Lx4wruJ11TbX7pCofdd6/mNMs+4xv21sjbyRJWvntrFM9qIoliPpUSvWzVZo2pFCE1cFDI1FZpu/LCaPsff8IKXslN7IOwrDFwzjdIncQdzb44tZJlOjQujMwpz9nx6NgJva4bY25cU/qK2rElyh3lJuE7ZT31L6Dm6ofO5zo6Sr4adOSa013SbUsJ5JefDCKDNBt9h8j0PnZiPL551NvKVPmUELiBY7RzeuF6d1fumWvH7wXIEF1nMj/moHFpKhKozBqNLJf/6EZBQDqxH2HkNSJh/Z7sh6ncfI67RUwcs+PjdyoYk+UuArkMZMbm4EJ/0407nr+SIPtDdqwpj1IwmSykvjU8BBkjQ/juhSyhau3mwY6YQTvbtje4kx+NAcfkfnfToNP0Iudhu722fpXl4l3FfIZz98IRcW86QgffLpge0s6/lDfvWke3JsxDF4jh+wiUH7Fk4uU+p9eyZGkcyuLoZv3I7oSuBA10zR0WBIgWtbjvg78Y1V371a1FrJ7MIqQZtwTSwO9w1yXE+UcZuRq2LSDm9q80JNCK1bxb+WUn6GqtBIjmW8ucpF9deqzilLGXym1fpd37OB0pTZSy/ZizF0TViPLfcbMKETxMN1F1XVtzOQyZ3474NWEfeQswwOuUexV4TGTHV6finGZ+SSXJ5rkDek2F5F5IO075dqs4fnWEUqoCj65UxQddmrpc5vapKQEnRV/xisVDnTFIEQj352kKGe/xH0O20u+QtGo3YJA1/luvRHUmZrwyrRAV/tu73ZFf+OPqPz0CLgXvgrJh9RCYsESiORxhEy230VsGyn1HyH5R5yQNxDAR02L6IzofI/FcGN+Yw78S6MYC5qNmEbf5Y6jnRGt5D9bWVXorpUoEZ1VrIHUJXtSYMGZqsK8AzNFw25yleEE2U3THMycOagiD3ZkuAKTNhuDn3ozT7Q7H13xgmDRnqiYsP3ED3b6tWOdWGOPN1quBBk9WV+ZqhJ/yXPha3VyCm0qirdEpVsIjqG/FQo2iObZMqgwiwgJD+D94gjFUPkdNIT7WMvM1cMDXp45iC3lbQTsA3NgYdLesva/HKHOO7FfHCEik3Wn9v/2eiHnz9cLCffhgHjy38ZyORJKnG3PFY9yucGXGHy3XggWStdLj8iHVC/2JiMWo1ugaXcDckt68n74f4wXknnGjfl/IBbmTv1rd4s79X+uL3tYTGLGeveC5MuVNT8ijB5SScElJPoHfh5nRBbOIc5wIM6BYAr6Ws7dg3Z/1LLk1jJtgTc7U8LaJniSN+P7e68R+ryr1eqcTvUYsz7Krlh9ApUH6/4Tk6eCzLoqCzsGDwI0RPiMEurT7QFnnq7t1pVZ/YqADfqgPlBsl37MyWlRvGrcS6fEGuqB00+fpZWEkvt44khV8jOqGsJDH1E7M8qqPcp5N1MYSuhu7ZBZ5l8hgwLNNWF6q6k8vuoTmu2vZyvgXH68/pUmcgr1U2iN3n54sAjX5Lbu448HGdFytSoyYbTimDAobvIQ1gnU7alC9De9xQm/5lVLtUJieVZPmwZ57JpYdxF82YHoc38H36rrdvvLsSpCcWfsp7VU4iPL505dTZX2up/VOJYYZqTF+Dvc7LJ2qnK3xttXjPSUsmmjquROapob7y99BMvWZFtEW2r/pOZ5zc9yy7XFFJ7OApqJZ7Zsbi0++ux23lXpqEv/YV1txCxKCiuE4+mXJSRfZXHy0XWzTGkidTciLfWNhvoq8wInRppIFbnEZ3t2eQqYoq0lFQ3s3ZoS1BlQ3Gm9UGa9kT6ZqkTFZDu+c5Ugmqd9DzgdxLZDX+uxeun+BG/PXpGeGuCbTgRgpRXyYS8qdH0zNxMVaPo7RFesSofkQCT6sZ2r3iblSV/nmMNSDwboCvb0hy4mqP7Ys9aZ60PXwbfe/YgnND5sfcA1RG6jwuiGA+9Jz9lxC/oyu9mS+L7pyjek6+YpHA9R+kUTlIHU4YAdHGByQUCa6hwhnBIjEOCc+vP8Uhhcd83yq/NXuWIdBddGpf1LXMG/fBfx6Hfq/+WbiGKCC18U8atgqYwe23UFJDiQ5fAMfLHa7hOmN6/D146PNb+4N17uNiGXIzVd2Lum8KVltaaFKnyVeF39PYtF6ewuKeelgylZdRUz+7l2kkgLTC0pCbdeE6Urpx3rW8DRFPnVoVsxZ8kkTxO6bJtiUFMZrXUrdgc7+TuPnEgPUDtICdeJwMtwzMX3NjIzei5kBFwob2lXaPY0t18DUzZfwcpoqMCJrHxspWGsgtDl0I+G7OWeNO2tvC069rgEIzHVOdFa+gosC7KBjxD9SxA4oPcdDmDbqoGP7400Hb4Fd2ZxXz6utZWNYWSWzp1auOCTT9jqjdIRL3AwUsnwQY2A5i/oNoQnxbnYXdozzsmRl/Hl8mwWQhXV7BFB/k4LmXsBgapp6X/yKF88xhvFGFUC3aipeUwllKxF1/K1jbapJIsUDJSpV11rAWQWKi+7uwXyCGVy6n1UF3sNm1USv7BhEHfJrmVDXfJ5IcPlp1eW2HCgQw2TZ17tyGU6IhNRSaFqm8I8CGneIsRk4FD/Yl62fx4OBPlIW9/nQMbs4SnM2r3fYmRv5GlxligzoOn6djPikGh9U3NcqDAZhlEMB4jkYQtjgYczkCWHu8kKmdQY69KHPhz1Oj2i5DzXiBbJYyd60xnJ4mGhjLUfEXuJkcLjW7xLd7qeIFZSHrSeZpZyCs7td/8KpUtpkEQQa9UwjOdBX/6Fn5E1Vpk4ZNI7DCeDvc4JFIQyURudc85x9gWLL5ZVf/CUz0vA/cGi7s4gLPVX/Rp97XMyXsivdOKrCgcJfpLdhfJis++Gj+y0+sgJckJpzQ+Ing/wGW08bTSl8RPbQ3uOHp2ra9yWrVsaXjQUI3lV9hZ/oEJYU9R02qoNoWbNJ9JR3weHvkl6T8kJQVZc1ltcHjEeNqg2YbL5eoCc1DKH2IysZmgkXAi1nGsc+IyThCiYoq+ofrYRQ5CpMhwom06s7qawmsiME3J7VRob/HSn/ygHpNpBR61Ma5cR/arFMAxbiLCZYnA9QZi3iJvMLFa2fjabySOCI2QVoTkLTAjdcicWiDMCJTRwhQd4Kw4E7vkXxycVLqbsyDtX/xvh/8djoTvLFI0wchRIknMmpMQJijG9ivSDkIZeQOSM4kp8I/Kp6I950iUBUzjQKnR3OCU6C7tlv1CFLJOOOCJ+hVJEGtZY2nvOpmWSEchmL/v1GsKzewOIUiaqDFmkrjBPwSm+kHJKvjwKgV0+hLRyIOYYjNE/7y7UYkBhhhGE0cO8VuBAoyToMHRb/3gTdHvErB4M9FGSjrR0l4eClNAkwR+5+6Jw0vZWUx6XMUWk4KG9GxYjTj4M3NZH0Bkc8CeLgLGliqIOkUpGyQmYOAuox+1Y3BOd/TYpIQmYgHAtFudr4UBzT9NFLesNe4a24iZrQg+bm/t0Fs2Wzjcfovx//2rqf9we/h8N+e7cJEb5P/+j/63d/TAQfPr/AQCW8b4="},"referFrom":"Advertisment"}
    Forwarded URL = null
   Redirected URL = null
          Cookies = []
]]></system-out>
  </testcase>
  <testcase name="deletePersonByIdTest" classname="com.example.mypack.controller.PersonControllerTest" time="0.02">
    <system-out><![CDATA[
MockHttpServletRequest:
      HTTP Method = DELETE
      Request URI = /v1/person/FF-1
       Parameters = {}
          Headers = []
             Body = null
    Session Attrs = {}

Handler:
             Type = com.example.mypack.controller.PersonController
           Method = com.example.mypack.controller.PersonController#deletePersonById(String)

Async:
    Async started = false
     Async result = null

Resolved Exception:
             Type = null

ModelAndView:
        View name = null
             View = null
            Model = null

FlashMap:
       Attributes = null

MockHttpServletResponse:
           Status = 200
    Error message = null
          Headers = [Vary:"Origin", "Access-Control-Request-Method", "Access-Control-Request-Headers"]
     Content type = null
             Body = 
    Forwarded URL = null
   Redirected URL = null
          Cookies = []
]]></system-out>
  </testcase>
  <testcase name="getPersonByIdTest" classname="com.example.mypack.controller.PersonControllerTest" time="0.058">
    <system-out><![CDATA[
MockHttpServletRequest:
      HTTP Method = GET
      Request URI = /v1/person/FF37
       Parameters = {}
          Headers = []
             Body = null
    Session Attrs = {}

Handler:
             Type = com.example.mypack.controller.PersonController
           Method = com.example.mypack.controller.PersonController#getPersonById(String)

Async:
    Async started = false
     Async result = null

Resolved Exception:
             Type = null

ModelAndView:
        View name = null
             View = null
            Model = null

FlashMap:
       Attributes = null

MockHttpServletResponse:
           Status = 200
    Error message = null
          Headers = [Vary:"Origin", "Access-Control-Request-Method", "Access-Control-Request-Headers", Content-Type:"application/json"]
     Content type = application/json
             Body = {"personId":"FF37","firstName":"Amanpreet","lastName":"singh","email":"abc@gmail.com","mobile":"+919335302631","weight":0.1,"height":0.1,"bmi":0.1,"bmiResult":"Not Good","gender":"Male","isTrainerRequire":"Yes","trainingPackage":"Monthly","motivations":["Burn Fat","Reduce weight"],"hasBeenToGym":"Yes","enquiryDate":"2024-05-02","age":20,"imageData":{"name":"Iphone.jpg","type":"image/jpeg","imageData":"eNqtenVUVd3W/qalRUTpg4B0SDcHQUBAWkBauqQ7j4CCtLSC0p3S3Q3S3d0hh85zfgfv+9547/3GuN83fpsx/1hr7b04c65nPvNZa2/4FHwJuC8rJSMFICEhAW8RfwB8FpAAsDAwMDHQsTDvYWJjY+Hgk9zHx8PDp3z0+AEJLRXdUxoqGmoGVoFnDEy8zNQ0nC84eYVExMTE6J5JyUmKygqAxUTuJkHCxsbGx8WnuH+fQoSRhlHkf33BmwGCe0g0SDQoSNQAMgESCgESvB0AAQASGtLvC/jjQkJGQUVDx7iHiYWNuKHiPoCMhIKCjIqChoaKihj1RowDqARoD55wPEcnVDbAoLZ/yOkbmXqPRrykhUhl+JCWy9DBDxPr0WNiEtKndPQMjEzcPLx8/AKCEi8kpaRfysiqvlZT13ijqWVkbGJqZm5h6ejk7OLq5u7h/+FjQOCnoOCo6JjYuPgvXxPS0jMys7JzcvNKy8orKquqa2pb29o7Oru6e3pHRsfGJyanpmeWV1bX1jc2t7Z3oEfHJ6dn5xeXV3d+IQEoSH9e/9EvAoRfyKioKKgYd34hIbve3UCAivaEA/3Bc2UMA3tCak7few/FI1NLWjBpuFQOiQwdhrEe0XIvP4Xeufbbs//OMb//k2d/d+wffs0AOChIiMVDIQDAwJksQ9p7rP8fxmiegpoWzAD8m4UOi6E9VEaYYTDAkP7QEHF7x0NAWZI4BTmYQxJ4qBwsqIQk+fDfDHlY5m70X43Id2WRqGXZE4lGyqw2/tNbvVt0xcqX5A4ygPqtW1e7iPykUlMjBqd2Vh/kTPP7irhocNSz888JQM84jM6yVF+Yj4xUDcxtjuOLfy6+aSrd+OtVQl6jyHgzIGEf3mJtAMqa6S0rk+MXz7ns7ivZkbfFpuDy8M+936jF0epYHRk5So6T0DarO02zlRqZiborM38iu27R+MQybovS7SBSppkVVQyyxYNxwzIbcWUFB3wM4MCKBY8QeB9XVM58zga3BnPrJRwg0Ek09/hsKNrBccVm9ab3OsmFjz2J0sXP2oPC9Yal5/YpHGhSggNQ7uTD0g3YXvL5BghGVwPak3/pXFKNGDONsZiJwvGOeotxy5Uv0xCOKdnl5Nx0WLr+570RF5oOcMBF8foYHw4Q6vhrLvoGVMXDLrJC5DpCs6fXZuZ9tIrNRH8OJokMNN/IJo78caeC4qd4hyjqcHWaItZl8DWrPdigBg4kPfBRq0uxCO74OL/36O1S2UuScBEAJfpSvTxH1qG8/MVAWnDt3Cwc+HCuvI8KB8IK6OGASbYEFN3EgHyiUjs57Fjr07T3UTooIcHPyptTyDMdd+9oIDrm/Tsk41eHXU0KjRcrBbtaUh8S7Hi1hseemgLt1loi6eTfO2tN/MIaJn5tORbI7YT0FO3YkNHNkyhMSJWFMNl/czppwUglD84EB2dV1rZUVsZO5r8gRceYSu3auJd1oWvcUMHr/hPKNZ1PeSnlpri09dpTgKjfZo7vgYzwsQ6u5vR3i3mdUwimW+mkxldWZ2ZztUzrz3P3JtEGD/m7cDwpA6dOd2clKzSF+5x5R/Gimjt5b/Hwh/z1aJa/aly/mu2FOAouB45Wn3dC7jPPnfQFsTlNGX/beEf0+ao0qgDyTF6O+BpXb2fkSIhChxkzfNazA2AJu+0CtcK+R5SsVO0+8HzRVB43oYAS6ieYj9JCuVq8rKVl3ae7ffgKDnjHb3adB2Kcor9nGZa8y5V/WDkiCZ7+Tqd/Mjf28MEr4VVYknUMHFhkgXzl+SWarHWoSC7YYzwQyDQ680M0JTUlx+tlT6dMJspCht8Tlp3AVOGE7f36x7nz4qWz2+urb++JWkYMJUzifnCmXluLOnYR7eIcyFmiJ3UMiba8Yr9gWB+L3bJ0OyCxj+yw3IGBakYM4YCcf4/NS7I2p05p1OPuzEOfMLya4szMiVWszqNSlLCLLa7ZKGaPGCLWGavuZzWZOHqUaisJysPZjZO/NtSCDRi6PMJNiuWi27Rw69+NmiulRCBNF53llexHzbnsDvKErYLwp6Yt7i9qzogkknxgJfDubc59Ekg/WiFPWqJSKkzu7aE2vlR47hN63DOZUNDsqxvxoVwXrJqsXDOe7l5YQKUpHGud2kOf271kXdgnwtU6WSX5WLLiTbwfzk9FhboqI6Lh4H4GA+48rxPOnYrLPGljd9WEUNJ9H5oLV8WhzdED7pyfSnpSax3VP1Sq1wiT6mo9X/vgjAiLXklOFK5wBvDUPIIWhLcgzeBLrkVHnyDXPWJKTMtn/frBXNRHIlJd9OTQaoi1SJRS51X3jJX2C6KvNmyGkdR2eJwZHCJHnMwJ0PBYs/TdLFbu5NI+LEVi1jpzgyHK1dCIQib+HLV4JqxqVzQHMFpjv8dy0BP1s/5w8AIc2J3k5icuim+GA0fP5OGAfqX+FYWjRKY7UVMQu7rHw0a0LXNzI5cK5M0cezgQTnqui77MdhKTwBOpIkNL9fIjsddmXpKkm/pHOPDkC3g+Gg6I8RzMcOezZqRq24evvLY1JMve1eTs5w/QiThTPMo9ccHN6uzNfG5GReAn6qgkfR5xHXj5OoG2hyfk06xrvD23dZfUg2fUn0n/ytOsCFhi/pXU9TBWXR9oPlaNtSi8J7qgWexVjAptY4mz2XEotLd8TtHZ9lzpIlJVUX7mA3Nk30qDel87r8vZYT5Z9drLOJr1tFXAqGbt+qyYdo1DBM+tUFteVjo05LuC2xtyNkI3mpuNutwjBod+rsVBh28KbOVWBhuxsQkW50c1YxdtSv5Ko0TW7X78RDWf396027mvQScbTG+43zay6URGo773TMJ1nKwq0xF6UhP35vklHzTZS5Vl45luB3Xv4f5br+4enMal8THlGHejkiLtWPW2tzsqhbTrfN6EpcNPLynrhC0y5/RkHn2vrmj1/vKJJPJNO8rL2ef8O5g7iiQbpTdmOLwL90b3l12NNZUYI2VLkLSjsiNP9nVyoCJn43AgOOrafke4wPcmr+H0ZPIoXT5HR29f1f8ZjdkP0ERNqnynzLeYo6BOmf7tY+4bQkub5YmVUEKGAEYCDKFP7LPVG3ktKfqzO3T32jKs2b8Y3X+/tn8967F/tr3/BqrTb+QV/dyRpwzFn5Ye53EjuLWIL7iC8iWULi3wh3kLzY6k03hrXn9ldM3x6W5vjElgQ7TJYhC0/BEpqqpX2ZcNV4kb2pj92UzHGe+Cq2S/7NJyrBFs6BOcFrfp8KYws53J6J3HI/KOrjyzm+YJKg6vnVarRvK3z20thGLrE8Y4T0OTFDwPveHA1byV84f1NiaOLQfVvIZsjlzn5X11NzNsZNtkNH+dXDUasOvxDcbDX8QCgoWlHGRppQG8XYZoXNe6VQRwAJPogBPdZ3DMLHpypCQzMjNJ2p1U3ZS2e157bqR12UTBqz9BIy+TjMaqefEIlAhregcHTgQ3AmW3vXARML9s2j0bhAMSReYa37UvSk/N5MG+HqSkj28CUu5K5C1S/pywYEFlvGfse6vprw6CYfPSFW4+/ognq/9IkF+Crz6dvZFSZ6RJf3vy1gPkY0WnmQpaAB8krytfWFCw2FTls+1ex+m2kaCrU0UYqdxlSeFN3kA8tYzZdRV+yTwZBv/bdoILFeT5vxA39p3MUf4Lw+NVLMFEBKogV/tmcCAtfwFD69CW4pmneK8DzoQbf9dNWSoRftBD6/21utrwexpOpdUvUFejdVmr3h/YsD+t4huikWSPUeik+p5afbPL3CZL1l4JbN662jTgOl/x5j9dvwn7pFb0cD6S8IH1lIELX2ozBpSnwX0ghp67PFgROnkoGiH402o5bzRb8teao0fXB7Zyt6ex2cHGQT+uX+ei8GMkpWdv6uwdd1lhy7O5sOto5LpFq1c0HU6kNNV5xn7C7YbMaB1/53kSrT2KNiTxeGYo8skTGSAWg3zph9ZrZlmnuUSeFqPdQUyVAhjDwox25inrmwtb7UZf0wg5Y5yXrxOcpcFsB8+v6x2PDfNnBvq8ecL6yyeq7ELrVcLtd68iityKTUeNa+lYI6NNqOM0vn/64sfJvykCCcGYqbYFdb0TVjWE7vOxWj9zrI6bIeH4doIU4hsuOExaGl0mvEOSRZ35ptNm+5K8/PDrm1WUsYScGe0a2pdNsTbbdY9OjePAHDQmpnrtxnAgubWB6Veblk+qeT4tVU9VyAcAXIwxOtNAFPLa5J4sbke2q3d9gdeCgfxE+2tlj3yLHTf50/SZHzjPcbupw4Qkq8e/1kflBc8+Z3pT5tyMUmjjNtDBwq6+IICaS1YbSAENnrrQBX115X7LaERe54ry/qXybNJtvpeJmUIyj2glDVM2VgVpXlGU7YHA4MXzU6Rw/ST/vVJ1kfnQysfyqFNz9WtO1I0fh/bWRw2jGItwrqddODDsACQ/mU0Kru3QyU9u0RsTa/TXTWOTlPhE6s4CpleUAbzhFEox21JzhVauhb/mhPHvUgNRT8767nLD4eUMiR49sZNhgUhLh1MjJgiqrIioLhP6V8QFuHIw8XjI6Twiq2h0nJtC2NVN5Jb0PpUg0qfbBv8cEawhXM/AwKbVhV+wJlpY7PIM/k3APhz4o7qIgtQfTRrnAvPdz2lylow97RHl5VMjFA44wQEmswA4sNq7C2uyAZ8YZHcgEif7UsXNWfOdDTYz227PlLERzU9+sKyY5X8jgzAyETpIApt34TlEdCgKg4Qj+tZq4aMbOAKyOo3wtCIZFpxVxQR+wDg932MCwR3jP35it5sUSLQosWrkbE4Jxquj8SsafvVsM3WwL1nrOKyNRRG5uCPbMt2qw8gHaY1TbMnHrehqbHTuWkedNIB6ILN4Ew7ghYloayIvaPPvbVRZPETZ7CaJ5MQbB/Cqyb8lbBRZd4yh0xnWUPkJEWiwsbLtVybWWX0qa/2abjL4ozuL2iQQNcoOIKG9QtLkrbDNzQJhBqY/H8mKZ57bZhGWW8l5p8LHW/UNUhT3iKU5R3/B2o5svUv5cuK1epWD5STfVebo3EL1URBzObX/udgeuiAkTFAIV+ytd/g5YHQrBwc+6rx8+tGeW0Wq3cmZCaK1EZrany48/fbwxHvrqfMGHPgZvmBBXTOLI+rI39lspyCwNB43ZjNKc029iRJx+t5Hx3HMqWC2A6vgp3jOTvsSfmfJRgJX69yTLrGnd0KkQso2blIUxN2mkqs2ZqUyUOfOM9+aUbmx2ENMEB3FNaC4/WroNKSBbdUk/uuGrF2j9t67pOmTJTWu45uWKrOLsoQ37zZr4/sq/CzWOl3aP3ZTViNX5t4bC8vOE7CLXf+Y4FQumCususLvXx6Um5Yy99OUH7kmd93zOp05lMuF4qNsLWVx3XculS7Fi7Po7HX1dyyz7ngf35ATGfiJpv3IFI+l76e4VajXM/jU3qEatxDk81LxXqcRVLI3afIO1kWuynDg8/fFW1fI7b1JzZSu9YuFSxH2AsjJE52PY2meNZlKLj00zwZ1CBOOmIQGFH/uZhSi1od4/Au2PcgLWQta/Hwpfn6qPhlwP9+o53qOmHW+aUTxFpisdoPARIoQoTpQ3Fbq46W+7rodvcmdebgvElMXKx3vyG1E6SeFAs36G+xVvQTgAKUG+PQaodzSST+Tjv1Xkgp3NarfsuWH9mA5BgqwwimoUT/pf7F4t/qT48UwP4vCziq6w/k8cLBTe6TEk1odP37+Hphhg8LZ2dHOkZwbReEESg/GhtHU5ujscTHniFl4m05ZXQyIDbOtEl1BELSpF8gzEC/ys4rAzW/kCSNulQO0+bygzEQrTTZicOishPMs9mFGrUW6x1x+8VxfzgWX+rUhDTdLIokUIKCXdAsRXPMiMK3Sow/Dtp7FCS0MXToE5xbF6485zerj6E0/z+lwt3da8n2EJ6CzSYGO5uhzf4xqpF4at2P00q7clsTLLmMVFaZfaCbF6fSQ2eZc8HA4qlVNSV7v7DpyGzxND/NZhF0UKD6yaMVlY8TpVN1EI9Exotq8VN+C4kV5WE6YgU/Greg7SMMK9z+on40W7G9gPBUAAGn9zqw4bHwFS/uwhFNh/t7SqI2aNVFu9Tes/ELYjW6r/MQw0x+FJzUz6yrGRxIvjJ8e8oZl4GxmvewCa+17KRt5nQ3JG5AXDZfZvono90PHb1KcqLG3zie6N/G4Q+AdcSLJbCgckP31fS5cK/wclGUxOpuR/wxr08rd2yXUPno0qd6lwyOiLSzOQ4Iv4UmU51HgWs9nVB02Tzx5uwT0RJcfiqxr7AQOqUSwM2BH2vIEH31hdmpGpGAycuZH9XHEF3RalRQj+mzq2qxfH9ct4MCrYxi5RJTQHEjichJtJZFHlN7sNVDPoD13xHWFtRtQkZkUfxYIm8XadBZIHXN2TUCp5RHzrSP38HHul4VGm6lpy2iSE/m5Q+6f8nTJ7YI2mP0pmIfSiC++5uPLXYM2KjbTM03PTfONpJ9valf91kzAZM2Wvbt6NO/eZTxnk8K3VVCmm6kvoqLUQX7XA9KGRWk4EEEDB3QzEM1+Oi4pmmO+O5CfMHglkuCtLJj8HHEQNJVa+fr4t45S3QZBl8C7BU1XHLlILsEMKcj/ZGhpwQxIDGnBwD8bc6uwLSwTkVw7k3DgOc/B6TIlLxxQWTw9tYIDKQlWdvQmlxETSaUfxLIWMLrEt6OV9QfPhMjyP6eGMgwgbSek4oWsYlcbJfFWTVMH6vSTfiOI7ORfmojVfnf6JDwzMPisYOhLEIiaf5UY5Z0Ryq5SbJ4phaPsGOuTCeG48L3arC51qpyeNTzB4PGqjybV2HQugEwXUX8PPQ9anUiwZixGQNwTL44GmERKtUp31sTUamjM2qQqWlOvqFLKGQWaqZaFnRxax09D2kcpXOis0UlfbiQtLfhsHYVerJHTLUFAsAZnRRT1bzqJWjZe/V5wADckhnE0NPZ69maaoRLwDw8UHoLiQZwfQeYzJ2wySvzY6ZHWDPmM+FFGjwvgQPkOaxYP9Gt9Kl/0OYaOmQgYyym3V1mFLwBdzTDTqXjO6aw5ysU3+hueXwrBpblS28P33252o9VPttfqw5X5WD44hlJ65zmVRW3sWy+JjTzrRl0yzGt8YpDunn/lnuR0yOX8nZWtcVX0Pt+xtY1b11xhyGskxwppUCuHHKW/j0mkOtpPtx62Z26DlOW7dJwS1aeo/joxx8Qa8fTMIce6Vew7nGk1NdEn/Ijli0rOhwNT4l2Xhe5T23qfwGs5lnDgFA4Y3UzU7znlk3I74V/iacOBOnrY+/GDK/CNO+jqFzsswKqV+y8DblW3rvEILcP9hZTDG1Hc7JtiFTMg3cKQSU3IidFrgn/qA8Nm+u449j3bf3e6ohjWNFZ1660FB7boGmbq6TubdhJhjYWQE0J5G6RCultCJeUkQwMN7ibKbZlsCZwFL3wcC0oSV5vW9y9n8Mldc2WNf1Ddl0ElzUqiGJ6OSDQjNSPPS9aXrY1ei+3Pe2sUEvq69iGP4v1Zq9qzeKKUmML60mSOThR05SFnGCWsIgM/zpV8NZvCovJK7Xt0fEVFMJ2wjfKACJfqpeXeI6mZQAEqs5MitZBKah59Kc+HnAevcA57bmRgdEsTJ/0CNH4TZEGRMlHidGgmbNVMiwjwUxmRjyVIT4OXaZNYBaWjZvgx8fbrXGmS/EGKRppXvIlGoilGnwu21x9dfwBckW7yC0pG91mUP2ZwdNWvVxZxXUxmqz5LZXJ4PVY0XiFqsa7GoBYhpGWFWMzXpm5x0n5CAkYsRUXrmgr3+Imykhg/OkHNbZ43HHGdffbvO7b/BjmFBidZudkYHG1KOoFb+yIROZxn9mJUCjyc3nWdVZauFVGmlJP0vcADNpLoFzo6WhKf0n2O68pSMLDXq/llLdp/bHzrV/pIRc4BrYbJ/R8zDTI8NkJu1mlHS2qSg/NqXavK/ba4LcqC6Mpz4ZJG4YoEELOs3OLIkHaJXbyM+NrxJuSVi9Z+ECSag5Og2v7orRG0oJ+xvk/KplOqg2GUpS4NDizSFUrlkxsQiOeFAhjI1VvLu1Jp3zXprfY3iPKVnOYYJfNnITT+oKPXzpArOFACs9JzEdRIi7hkIu26hUxBeIoFKZhz1v8du3x/gyjPMilCRiz9sf2cP7G9gEJ+o9riGXfaziKCD1W24MARQqJXliIw15lj+LtT1Xzxd9/IXV8K9n+nDwhX9U/vDorUk68wi12KMaHFV1lwoDhf8RZ1VNu3BIdTR4f2WdE2rXeeiExRsCLqXLtvVmPZpwfo2vyDWVZgMcWLpKnkK1sYz9RFslT8m9FY1gxMe0JbsUXn6i1v0Qq1Eeu53bZx+xijfuOrAwfBwIDskjLP2OqqmiAyqy+Kc/v9jjMfx0itv8VrsLyw8D06pT1BrvvELRRG08oHB95Fam2sWgmm9qagvkWZu0pY4anmTPC42lFvy4KE18/ErA4+rE1q52Dj3uHvvakDR37PdDvrbd3qPnscjmXd+llo0no5gmR7gT7ByvNNdlV1kHDbw2avvm/GBFsvbzrexLedt6q9/qorI/QlVbcpwD2Pt1LRBEo6wUgs9J1Uau6x7U0VuWuhwcNyZasDOMDVmatXqOn42urqkkIdUDc1kZRk+bmJJLYWpfhc06xdSxO8WyRcWFcPB0qb4quupztd4EBFqOe4Lak8rSC3DDGqHD9OAScZEKO6g+OLRHHlWvTIosi0LsB9AfLEQWXdEO+VGG4pd4ZfqRnV26iX2KF2HlSxoSb0npRpLS75zOnp73t3HIgpP5B+Oi2wxX6lr1gdSrguaddHzPQYeP8G4AcE7H2bt2cqiSdyp+LJ8oOk3IRHZTL6hb5WGAWowoHHEhpw4MfHiGOt49oTfjiwlr3zm0cNEDx6lJIufSdL50AHPYjayONZGYZQmnf7uwcIJJnW0//rYAhikP3PwWgUBbZC2DZMjQ3xDBUcuLbmg4VaBvxT3zGiyCMQNRwm9njrLzVai/FfC/lv+02fs7DGffAJod6+HtGq4qnZ31ryNjg7LLr7RelJwrZh5ziTeklPXdVoFD5vVntFrOtk1hrD6Iq7HklDmscna03Lx4wruJ11TbX7pCofdd6/mNMs+4xv21sjbyRJWvntrFM9qIoliPpUSvWzVZo2pFCE1cFDI1FZpu/LCaPsff8IKXslN7IOwrDFwzjdIncQdzb44tZJlOjQujMwpz9nx6NgJva4bY25cU/qK2rElyh3lJuE7ZT31L6Dm6ofO5zo6Sr4adOSa013SbUsJ5JefDCKDNBt9h8j0PnZiPL551NvKVPmUELiBY7RzeuF6d1fumWvH7wXIEF1nMj/moHFpKhKozBqNLJf/6EZBQDqxH2HkNSJh/Z7sh6ncfI67RUwcs+PjdyoYk+UuArkMZMbm4EJ/0407nr+SIPtDdqwpj1IwmSykvjU8BBkjQ/juhSyhau3mwY6YQTvbtje4kx+NAcfkfnfToNP0Iudhu722fpXl4l3FfIZz98IRcW86QgffLpge0s6/lDfvWke3JsxDF4jh+wiUH7Fk4uU+p9eyZGkcyuLoZv3I7oSuBA10zR0WBIgWtbjvg78Y1V371a1FrJ7MIqQZtwTSwO9w1yXE+UcZuRq2LSDm9q80JNCK1bxb+WUn6GqtBIjmW8ucpF9deqzilLGXym1fpd37OB0pTZSy/ZizF0TViPLfcbMKETxMN1F1XVtzOQyZ3474NWEfeQswwOuUexV4TGTHV6finGZ+SSXJ5rkDek2F5F5IO075dqs4fnWEUqoCj65UxQddmrpc5vapKQEnRV/xisVDnTFIEQj352kKGe/xH0O20u+QtGo3YJA1/luvRHUmZrwyrRAV/tu73ZFf+OPqPz0CLgXvgrJh9RCYsESiORxhEy230VsGyn1HyH5R5yQNxDAR02L6IzofI/FcGN+Yw78S6MYC5qNmEbf5Y6jnRGt5D9bWVXorpUoEZ1VrIHUJXtSYMGZqsK8AzNFw25yleEE2U3THMycOagiD3ZkuAKTNhuDn3ozT7Q7H13xgmDRnqiYsP3ED3b6tWOdWGOPN1quBBk9WV+ZqhJ/yXPha3VyCm0qirdEpVsIjqG/FQo2iObZMqgwiwgJD+D94gjFUPkdNIT7WMvM1cMDXp45iC3lbQTsA3NgYdLesva/HKHOO7FfHCEik3Wn9v/2eiHnz9cLCffhgHjy38ZyORJKnG3PFY9yucGXGHy3XggWStdLj8iHVC/2JiMWo1ugaXcDckt68n74f4wXknnGjfl/IBbmTv1rd4s79X+uL3tYTGLGeveC5MuVNT8ijB5SScElJPoHfh5nRBbOIc5wIM6BYAr6Ws7dg3Z/1LLk1jJtgTc7U8LaJniSN+P7e68R+ryr1eqcTvUYsz7Krlh9ApUH6/4Tk6eCzLoqCzsGDwI0RPiMEurT7QFnnq7t1pVZ/YqADfqgPlBsl37MyWlRvGrcS6fEGuqB00+fpZWEkvt44khV8jOqGsJDH1E7M8qqPcp5N1MYSuhu7ZBZ5l8hgwLNNWF6q6k8vuoTmu2vZyvgXH68/pUmcgr1U2iN3n54sAjX5Lbu448HGdFytSoyYbTimDAobvIQ1gnU7alC9De9xQm/5lVLtUJieVZPmwZ57JpYdxF82YHoc38H36rrdvvLsSpCcWfsp7VU4iPL505dTZX2up/VOJYYZqTF+Dvc7LJ2qnK3xttXjPSUsmmjquROapob7y99BMvWZFtEW2r/pOZ5zc9yy7XFFJ7OApqJZ7Zsbi0++ux23lXpqEv/YV1txCxKCiuE4+mXJSRfZXHy0XWzTGkidTciLfWNhvoq8wInRppIFbnEZ3t2eQqYoq0lFQ3s3ZoS1BlQ3Gm9UGa9kT6ZqkTFZDu+c5Ugmqd9DzgdxLZDX+uxeun+BG/PXpGeGuCbTgRgpRXyYS8qdH0zNxMVaPo7RFesSofkQCT6sZ2r3iblSV/nmMNSDwboCvb0hy4mqP7Ys9aZ60PXwbfe/YgnND5sfcA1RG6jwuiGA+9Jz9lxC/oyu9mS+L7pyjek6+YpHA9R+kUTlIHU4YAdHGByQUCa6hwhnBIjEOCc+vP8Uhhcd83yq/NXuWIdBddGpf1LXMG/fBfx6Hfq/+WbiGKCC18U8atgqYwe23UFJDiQ5fAMfLHa7hOmN6/D146PNb+4N17uNiGXIzVd2Lum8KVltaaFKnyVeF39PYtF6ewuKeelgylZdRUz+7l2kkgLTC0pCbdeE6Urpx3rW8DRFPnVoVsxZ8kkTxO6bJtiUFMZrXUrdgc7+TuPnEgPUDtICdeJwMtwzMX3NjIzei5kBFwob2lXaPY0t18DUzZfwcpoqMCJrHxspWGsgtDl0I+G7OWeNO2tvC069rgEIzHVOdFa+gosC7KBjxD9SxA4oPcdDmDbqoGP7400Hb4Fd2ZxXz6utZWNYWSWzp1auOCTT9jqjdIRL3AwUsnwQY2A5i/oNoQnxbnYXdozzsmRl/Hl8mwWQhXV7BFB/k4LmXsBgapp6X/yKF88xhvFGFUC3aipeUwllKxF1/K1jbapJIsUDJSpV11rAWQWKi+7uwXyCGVy6n1UF3sNm1USv7BhEHfJrmVDXfJ5IcPlp1eW2HCgQw2TZ17tyGU6IhNRSaFqm8I8CGneIsRk4FD/Yl62fx4OBPlIW9/nQMbs4SnM2r3fYmRv5GlxligzoOn6djPikGh9U3NcqDAZhlEMB4jkYQtjgYczkCWHu8kKmdQY69KHPhz1Oj2i5DzXiBbJYyd60xnJ4mGhjLUfEXuJkcLjW7xLd7qeIFZSHrSeZpZyCs7td/8KpUtpkEQQa9UwjOdBX/6Fn5E1Vpk4ZNI7DCeDvc4JFIQyURudc85x9gWLL5ZVf/CUz0vA/cGi7s4gLPVX/Rp97XMyXsivdOKrCgcJfpLdhfJis++Gj+y0+sgJckJpzQ+Ing/wGW08bTSl8RPbQ3uOHp2ra9yWrVsaXjQUI3lV9hZ/oEJYU9R02qoNoWbNJ9JR3weHvkl6T8kJQVZc1ltcHjEeNqg2YbL5eoCc1DKH2IysZmgkXAi1nGsc+IyThCiYoq+ofrYRQ5CpMhwom06s7qawmsiME3J7VRob/HSn/ygHpNpBR61Ma5cR/arFMAxbiLCZYnA9QZi3iJvMLFa2fjabySOCI2QVoTkLTAjdcicWiDMCJTRwhQd4Kw4E7vkXxycVLqbsyDtX/xvh/8djoTvLFI0wchRIknMmpMQJijG9ivSDkIZeQOSM4kp8I/Kp6I950iUBUzjQKnR3OCU6C7tlv1CFLJOOOCJ+hVJEGtZY2nvOpmWSEchmL/v1GsKzewOIUiaqDFmkrjBPwSm+kHJKvjwKgV0+hLRyIOYYjNE/7y7UYkBhhhGE0cO8VuBAoyToMHRb/3gTdHvErB4M9FGSjrR0l4eClNAkwR+5+6Jw0vZWUx6XMUWk4KG9GxYjTj4M3NZH0Bkc8CeLgLGliqIOkUpGyQmYOAuox+1Y3BOd/TYpIQmYgHAtFudr4UBzT9NFLesNe4a24iZrQg+bm/t0Fs2Wzjcfovx//2rqf9we/h8N+e7cJEb5P/+j/63d/TAQfPr/AQCW8b4="},"referFrom":"Advertisment"}
    Forwarded URL = null
   Redirected URL = null
          Cookies = []
]]></system-out>
  </testcase>
  <testcase name="addPersonTest" classname="com.example.mypack.controller.PersonControllerTest" time="0.423">
    <system-out><![CDATA[
MockHttpServletRequest:
      HTTP Method = POST
      Request URI = /v1/person
       Parameters = {}
          Headers = [Content-Type:"multipart/form-data;charset=UTF-8"]
             Body = null
    Session Attrs = {}

Handler:
             Type = com.example.mypack.controller.PersonController
           Method = com.example.mypack.controller.PersonController#addPerson(Person, MultipartFile)

Async:
    Async started = false
     Async result = null

Resolved Exception:
             Type = null

ModelAndView:
        View name = null
             View = null
            Model = null

FlashMap:
       Attributes = null

MockHttpServletResponse:
           Status = 201
    Error message = null
          Headers = [Vary:"Origin", "Access-Control-Request-Method", "Access-Control-Request-Headers", Content-Type:"application/json"]
     Content type = application/json
             Body = {"personId":"FF-38","firstName":"Amanpreet","lastName":"singh","email":"abc@gmail.com","mobile":"+919335302631","weight":0.1,"height":0.1,"bmi":0.1,"bmiResult":"Not Good","gender":"Male","isTrainerRequire":"Yes","trainingPackage":"Monthly","motivations":["Burn Fat","Reduce weight"],"hasBeenToGym":"Yes","enquiryDate":"2024-05-02","age":20,"imageData":{"name":"Iphone.jpg","type":"image/jpeg","imageData":"eNqtenVUVd3W/qalRUTpg4B0SDcHQUBAWkBauqQ7j4CCtLSC0p3S3Q3S3d0hh85zfgfv+9547/3GuN83fpsx/1hr7b04c65nPvNZa2/4FHwJuC8rJSMFICEhAW8RfwB8FpAAsDAwMDHQsTDvYWJjY+Hgk9zHx8PDp3z0+AEJLRXdUxoqGmoGVoFnDEy8zNQ0nC84eYVExMTE6J5JyUmKygqAxUTuJkHCxsbGx8WnuH+fQoSRhlHkf33BmwGCe0g0SDQoSNQAMgESCgESvB0AAQASGtLvC/jjQkJGQUVDx7iHiYWNuKHiPoCMhIKCjIqChoaKihj1RowDqARoD55wPEcnVDbAoLZ/yOkbmXqPRrykhUhl+JCWy9DBDxPr0WNiEtKndPQMjEzcPLx8/AKCEi8kpaRfysiqvlZT13ijqWVkbGJqZm5h6ejk7OLq5u7h/+FjQOCnoOCo6JjYuPgvXxPS0jMys7JzcvNKy8orKquqa2pb29o7Oru6e3pHRsfGJyanpmeWV1bX1jc2t7Z3oEfHJ6dn5xeXV3d+IQEoSH9e/9EvAoRfyKioKKgYd34hIbve3UCAivaEA/3Bc2UMA3tCak7few/FI1NLWjBpuFQOiQwdhrEe0XIvP4Xeufbbs//OMb//k2d/d+wffs0AOChIiMVDIQDAwJksQ9p7rP8fxmiegpoWzAD8m4UOi6E9VEaYYTDAkP7QEHF7x0NAWZI4BTmYQxJ4qBwsqIQk+fDfDHlY5m70X43Id2WRqGXZE4lGyqw2/tNbvVt0xcqX5A4ygPqtW1e7iPykUlMjBqd2Vh/kTPP7irhocNSz888JQM84jM6yVF+Yj4xUDcxtjuOLfy6+aSrd+OtVQl6jyHgzIGEf3mJtAMqa6S0rk+MXz7ns7ivZkbfFpuDy8M+936jF0epYHRk5So6T0DarO02zlRqZiborM38iu27R+MQybovS7SBSppkVVQyyxYNxwzIbcWUFB3wM4MCKBY8QeB9XVM58zga3BnPrJRwg0Ek09/hsKNrBccVm9ab3OsmFjz2J0sXP2oPC9Yal5/YpHGhSggNQ7uTD0g3YXvL5BghGVwPak3/pXFKNGDONsZiJwvGOeotxy5Uv0xCOKdnl5Nx0WLr+570RF5oOcMBF8foYHw4Q6vhrLvoGVMXDLrJC5DpCs6fXZuZ9tIrNRH8OJokMNN/IJo78caeC4qd4hyjqcHWaItZl8DWrPdigBg4kPfBRq0uxCO74OL/36O1S2UuScBEAJfpSvTxH1qG8/MVAWnDt3Cwc+HCuvI8KB8IK6OGASbYEFN3EgHyiUjs57Fjr07T3UTooIcHPyptTyDMdd+9oIDrm/Tsk41eHXU0KjRcrBbtaUh8S7Hi1hseemgLt1loi6eTfO2tN/MIaJn5tORbI7YT0FO3YkNHNkyhMSJWFMNl/czppwUglD84EB2dV1rZUVsZO5r8gRceYSu3auJd1oWvcUMHr/hPKNZ1PeSnlpri09dpTgKjfZo7vgYzwsQ6u5vR3i3mdUwimW+mkxldWZ2ZztUzrz3P3JtEGD/m7cDwpA6dOd2clKzSF+5x5R/Gimjt5b/Hwh/z1aJa/aly/mu2FOAouB45Wn3dC7jPPnfQFsTlNGX/beEf0+ao0qgDyTF6O+BpXb2fkSIhChxkzfNazA2AJu+0CtcK+R5SsVO0+8HzRVB43oYAS6ieYj9JCuVq8rKVl3ae7ffgKDnjHb3adB2Kcor9nGZa8y5V/WDkiCZ7+Tqd/Mjf28MEr4VVYknUMHFhkgXzl+SWarHWoSC7YYzwQyDQ680M0JTUlx+tlT6dMJspCht8Tlp3AVOGE7f36x7nz4qWz2+urb++JWkYMJUzifnCmXluLOnYR7eIcyFmiJ3UMiba8Yr9gWB+L3bJ0OyCxj+yw3IGBakYM4YCcf4/NS7I2p05p1OPuzEOfMLya4szMiVWszqNSlLCLLa7ZKGaPGCLWGavuZzWZOHqUaisJysPZjZO/NtSCDRi6PMJNiuWi27Rw69+NmiulRCBNF53llexHzbnsDvKErYLwp6Yt7i9qzogkknxgJfDubc59Ekg/WiFPWqJSKkzu7aE2vlR47hN63DOZUNDsqxvxoVwXrJqsXDOe7l5YQKUpHGud2kOf271kXdgnwtU6WSX5WLLiTbwfzk9FhboqI6Lh4H4GA+48rxPOnYrLPGljd9WEUNJ9H5oLV8WhzdED7pyfSnpSax3VP1Sq1wiT6mo9X/vgjAiLXklOFK5wBvDUPIIWhLcgzeBLrkVHnyDXPWJKTMtn/frBXNRHIlJd9OTQaoi1SJRS51X3jJX2C6KvNmyGkdR2eJwZHCJHnMwJ0PBYs/TdLFbu5NI+LEVi1jpzgyHK1dCIQib+HLV4JqxqVzQHMFpjv8dy0BP1s/5w8AIc2J3k5icuim+GA0fP5OGAfqX+FYWjRKY7UVMQu7rHw0a0LXNzI5cK5M0cezgQTnqui77MdhKTwBOpIkNL9fIjsddmXpKkm/pHOPDkC3g+Gg6I8RzMcOezZqRq24evvLY1JMve1eTs5w/QiThTPMo9ccHN6uzNfG5GReAn6qgkfR5xHXj5OoG2hyfk06xrvD23dZfUg2fUn0n/ytOsCFhi/pXU9TBWXR9oPlaNtSi8J7qgWexVjAptY4mz2XEotLd8TtHZ9lzpIlJVUX7mA3Nk30qDel87r8vZYT5Z9drLOJr1tFXAqGbt+qyYdo1DBM+tUFteVjo05LuC2xtyNkI3mpuNutwjBod+rsVBh28KbOVWBhuxsQkW50c1YxdtSv5Ko0TW7X78RDWf396027mvQScbTG+43zay6URGo773TMJ1nKwq0xF6UhP35vklHzTZS5Vl45luB3Xv4f5br+4enMal8THlGHejkiLtWPW2tzsqhbTrfN6EpcNPLynrhC0y5/RkHn2vrmj1/vKJJPJNO8rL2ef8O5g7iiQbpTdmOLwL90b3l12NNZUYI2VLkLSjsiNP9nVyoCJn43AgOOrafke4wPcmr+H0ZPIoXT5HR29f1f8ZjdkP0ERNqnynzLeYo6BOmf7tY+4bQkub5YmVUEKGAEYCDKFP7LPVG3ktKfqzO3T32jKs2b8Y3X+/tn8967F/tr3/BqrTb+QV/dyRpwzFn5Ye53EjuLWIL7iC8iWULi3wh3kLzY6k03hrXn9ldM3x6W5vjElgQ7TJYhC0/BEpqqpX2ZcNV4kb2pj92UzHGe+Cq2S/7NJyrBFs6BOcFrfp8KYws53J6J3HI/KOrjyzm+YJKg6vnVarRvK3z20thGLrE8Y4T0OTFDwPveHA1byV84f1NiaOLQfVvIZsjlzn5X11NzNsZNtkNH+dXDUasOvxDcbDX8QCgoWlHGRppQG8XYZoXNe6VQRwAJPogBPdZ3DMLHpypCQzMjNJ2p1U3ZS2e157bqR12UTBqz9BIy+TjMaqefEIlAhregcHTgQ3AmW3vXARML9s2j0bhAMSReYa37UvSk/N5MG+HqSkj28CUu5K5C1S/pywYEFlvGfse6vprw6CYfPSFW4+/ognq/9IkF+Crz6dvZFSZ6RJf3vy1gPkY0WnmQpaAB8krytfWFCw2FTls+1ex+m2kaCrU0UYqdxlSeFN3kA8tYzZdRV+yTwZBv/bdoILFeT5vxA39p3MUf4Lw+NVLMFEBKogV/tmcCAtfwFD69CW4pmneK8DzoQbf9dNWSoRftBD6/21utrwexpOpdUvUFejdVmr3h/YsD+t4huikWSPUeik+p5afbPL3CZL1l4JbN662jTgOl/x5j9dvwn7pFb0cD6S8IH1lIELX2ozBpSnwX0ghp67PFgROnkoGiH402o5bzRb8teao0fXB7Zyt6ex2cHGQT+uX+ei8GMkpWdv6uwdd1lhy7O5sOto5LpFq1c0HU6kNNV5xn7C7YbMaB1/53kSrT2KNiTxeGYo8skTGSAWg3zph9ZrZlmnuUSeFqPdQUyVAhjDwox25inrmwtb7UZf0wg5Y5yXrxOcpcFsB8+v6x2PDfNnBvq8ecL6yyeq7ELrVcLtd68iityKTUeNa+lYI6NNqOM0vn/64sfJvykCCcGYqbYFdb0TVjWE7vOxWj9zrI6bIeH4doIU4hsuOExaGl0mvEOSRZ35ptNm+5K8/PDrm1WUsYScGe0a2pdNsTbbdY9OjePAHDQmpnrtxnAgubWB6Veblk+qeT4tVU9VyAcAXIwxOtNAFPLa5J4sbke2q3d9gdeCgfxE+2tlj3yLHTf50/SZHzjPcbupw4Qkq8e/1kflBc8+Z3pT5tyMUmjjNtDBwq6+IICaS1YbSAENnrrQBX115X7LaERe54ry/qXybNJtvpeJmUIyj2glDVM2VgVpXlGU7YHA4MXzU6Rw/ST/vVJ1kfnQysfyqFNz9WtO1I0fh/bWRw2jGItwrqddODDsACQ/mU0Kru3QyU9u0RsTa/TXTWOTlPhE6s4CpleUAbzhFEox21JzhVauhb/mhPHvUgNRT8767nLD4eUMiR49sZNhgUhLh1MjJgiqrIioLhP6V8QFuHIw8XjI6Twiq2h0nJtC2NVN5Jb0PpUg0qfbBv8cEawhXM/AwKbVhV+wJlpY7PIM/k3APhz4o7qIgtQfTRrnAvPdz2lylow97RHl5VMjFA44wQEmswA4sNq7C2uyAZ8YZHcgEif7UsXNWfOdDTYz227PlLERzU9+sKyY5X8jgzAyETpIApt34TlEdCgKg4Qj+tZq4aMbOAKyOo3wtCIZFpxVxQR+wDg932MCwR3jP35it5sUSLQosWrkbE4Jxquj8SsafvVsM3WwL1nrOKyNRRG5uCPbMt2qw8gHaY1TbMnHrehqbHTuWkedNIB6ILN4Ew7ghYloayIvaPPvbVRZPETZ7CaJ5MQbB/Cqyb8lbBRZd4yh0xnWUPkJEWiwsbLtVybWWX0qa/2abjL4ozuL2iQQNcoOIKG9QtLkrbDNzQJhBqY/H8mKZ57bZhGWW8l5p8LHW/UNUhT3iKU5R3/B2o5svUv5cuK1epWD5STfVebo3EL1URBzObX/udgeuiAkTFAIV+ytd/g5YHQrBwc+6rx8+tGeW0Wq3cmZCaK1EZrany48/fbwxHvrqfMGHPgZvmBBXTOLI+rI39lspyCwNB43ZjNKc029iRJx+t5Hx3HMqWC2A6vgp3jOTvsSfmfJRgJX69yTLrGnd0KkQso2blIUxN2mkqs2ZqUyUOfOM9+aUbmx2ENMEB3FNaC4/WroNKSBbdUk/uuGrF2j9t67pOmTJTWu45uWKrOLsoQ37zZr4/sq/CzWOl3aP3ZTViNX5t4bC8vOE7CLXf+Y4FQumCususLvXx6Um5Yy99OUH7kmd93zOp05lMuF4qNsLWVx3XculS7Fi7Po7HX1dyyz7ngf35ATGfiJpv3IFI+l76e4VajXM/jU3qEatxDk81LxXqcRVLI3afIO1kWuynDg8/fFW1fI7b1JzZSu9YuFSxH2AsjJE52PY2meNZlKLj00zwZ1CBOOmIQGFH/uZhSi1od4/Au2PcgLWQta/Hwpfn6qPhlwP9+o53qOmHW+aUTxFpisdoPARIoQoTpQ3Fbq46W+7rodvcmdebgvElMXKx3vyG1E6SeFAs36G+xVvQTgAKUG+PQaodzSST+Tjv1Xkgp3NarfsuWH9mA5BgqwwimoUT/pf7F4t/qT48UwP4vCziq6w/k8cLBTe6TEk1odP37+Hphhg8LZ2dHOkZwbReEESg/GhtHU5ujscTHniFl4m05ZXQyIDbOtEl1BELSpF8gzEC/ys4rAzW/kCSNulQO0+bygzEQrTTZicOishPMs9mFGrUW6x1x+8VxfzgWX+rUhDTdLIokUIKCXdAsRXPMiMK3Sow/Dtp7FCS0MXToE5xbF6485zerj6E0/z+lwt3da8n2EJ6CzSYGO5uhzf4xqpF4at2P00q7clsTLLmMVFaZfaCbF6fSQ2eZc8HA4qlVNSV7v7DpyGzxND/NZhF0UKD6yaMVlY8TpVN1EI9Exotq8VN+C4kV5WE6YgU/Greg7SMMK9z+on40W7G9gPBUAAGn9zqw4bHwFS/uwhFNh/t7SqI2aNVFu9Tes/ELYjW6r/MQw0x+FJzUz6yrGRxIvjJ8e8oZl4GxmvewCa+17KRt5nQ3JG5AXDZfZvono90PHb1KcqLG3zie6N/G4Q+AdcSLJbCgckP31fS5cK/wclGUxOpuR/wxr08rd2yXUPno0qd6lwyOiLSzOQ4Iv4UmU51HgWs9nVB02Tzx5uwT0RJcfiqxr7AQOqUSwM2BH2vIEH31hdmpGpGAycuZH9XHEF3RalRQj+mzq2qxfH9ct4MCrYxi5RJTQHEjichJtJZFHlN7sNVDPoD13xHWFtRtQkZkUfxYIm8XadBZIHXN2TUCp5RHzrSP38HHul4VGm6lpy2iSE/m5Q+6f8nTJ7YI2mP0pmIfSiC++5uPLXYM2KjbTM03PTfONpJ9valf91kzAZM2Wvbt6NO/eZTxnk8K3VVCmm6kvoqLUQX7XA9KGRWk4EEEDB3QzEM1+Oi4pmmO+O5CfMHglkuCtLJj8HHEQNJVa+fr4t45S3QZBl8C7BU1XHLlILsEMKcj/ZGhpwQxIDGnBwD8bc6uwLSwTkVw7k3DgOc/B6TIlLxxQWTw9tYIDKQlWdvQmlxETSaUfxLIWMLrEt6OV9QfPhMjyP6eGMgwgbSek4oWsYlcbJfFWTVMH6vSTfiOI7ORfmojVfnf6JDwzMPisYOhLEIiaf5UY5Z0Ryq5SbJ4phaPsGOuTCeG48L3arC51qpyeNTzB4PGqjybV2HQugEwXUX8PPQ9anUiwZixGQNwTL44GmERKtUp31sTUamjM2qQqWlOvqFLKGQWaqZaFnRxax09D2kcpXOis0UlfbiQtLfhsHYVerJHTLUFAsAZnRRT1bzqJWjZe/V5wADckhnE0NPZ69maaoRLwDw8UHoLiQZwfQeYzJ2wySvzY6ZHWDPmM+FFGjwvgQPkOaxYP9Gt9Kl/0OYaOmQgYyym3V1mFLwBdzTDTqXjO6aw5ysU3+hueXwrBpblS28P33252o9VPttfqw5X5WD44hlJ65zmVRW3sWy+JjTzrRl0yzGt8YpDunn/lnuR0yOX8nZWtcVX0Pt+xtY1b11xhyGskxwppUCuHHKW/j0mkOtpPtx62Z26DlOW7dJwS1aeo/joxx8Qa8fTMIce6Vew7nGk1NdEn/Ijli0rOhwNT4l2Xhe5T23qfwGs5lnDgFA4Y3UzU7znlk3I74V/iacOBOnrY+/GDK/CNO+jqFzsswKqV+y8DblW3rvEILcP9hZTDG1Hc7JtiFTMg3cKQSU3IidFrgn/qA8Nm+u449j3bf3e6ohjWNFZ1660FB7boGmbq6TubdhJhjYWQE0J5G6RCultCJeUkQwMN7ibKbZlsCZwFL3wcC0oSV5vW9y9n8Mldc2WNf1Ddl0ElzUqiGJ6OSDQjNSPPS9aXrY1ei+3Pe2sUEvq69iGP4v1Zq9qzeKKUmML60mSOThR05SFnGCWsIgM/zpV8NZvCovJK7Xt0fEVFMJ2wjfKACJfqpeXeI6mZQAEqs5MitZBKah59Kc+HnAevcA57bmRgdEsTJ/0CNH4TZEGRMlHidGgmbNVMiwjwUxmRjyVIT4OXaZNYBaWjZvgx8fbrXGmS/EGKRppXvIlGoilGnwu21x9dfwBckW7yC0pG91mUP2ZwdNWvVxZxXUxmqz5LZXJ4PVY0XiFqsa7GoBYhpGWFWMzXpm5x0n5CAkYsRUXrmgr3+Imykhg/OkHNbZ43HHGdffbvO7b/BjmFBidZudkYHG1KOoFb+yIROZxn9mJUCjyc3nWdVZauFVGmlJP0vcADNpLoFzo6WhKf0n2O68pSMLDXq/llLdp/bHzrV/pIRc4BrYbJ/R8zDTI8NkJu1mlHS2qSg/NqXavK/ba4LcqC6Mpz4ZJG4YoEELOs3OLIkHaJXbyM+NrxJuSVi9Z+ECSag5Og2v7orRG0oJ+xvk/KplOqg2GUpS4NDizSFUrlkxsQiOeFAhjI1VvLu1Jp3zXprfY3iPKVnOYYJfNnITT+oKPXzpArOFACs9JzEdRIi7hkIu26hUxBeIoFKZhz1v8du3x/gyjPMilCRiz9sf2cP7G9gEJ+o9riGXfaziKCD1W24MARQqJXliIw15lj+LtT1Xzxd9/IXV8K9n+nDwhX9U/vDorUk68wi12KMaHFV1lwoDhf8RZ1VNu3BIdTR4f2WdE2rXeeiExRsCLqXLtvVmPZpwfo2vyDWVZgMcWLpKnkK1sYz9RFslT8m9FY1gxMe0JbsUXn6i1v0Qq1Eeu53bZx+xijfuOrAwfBwIDskjLP2OqqmiAyqy+Kc/v9jjMfx0itv8VrsLyw8D06pT1BrvvELRRG08oHB95Fam2sWgmm9qagvkWZu0pY4anmTPC42lFvy4KE18/ErA4+rE1q52Dj3uHvvakDR37PdDvrbd3qPnscjmXd+llo0no5gmR7gT7ByvNNdlV1kHDbw2avvm/GBFsvbzrexLedt6q9/qorI/QlVbcpwD2Pt1LRBEo6wUgs9J1Uau6x7U0VuWuhwcNyZasDOMDVmatXqOn42urqkkIdUDc1kZRk+bmJJLYWpfhc06xdSxO8WyRcWFcPB0qb4quupztd4EBFqOe4Lak8rSC3DDGqHD9OAScZEKO6g+OLRHHlWvTIosi0LsB9AfLEQWXdEO+VGG4pd4ZfqRnV26iX2KF2HlSxoSb0npRpLS75zOnp73t3HIgpP5B+Oi2wxX6lr1gdSrguaddHzPQYeP8G4AcE7H2bt2cqiSdyp+LJ8oOk3IRHZTL6hb5WGAWowoHHEhpw4MfHiGOt49oTfjiwlr3zm0cNEDx6lJIufSdL50AHPYjayONZGYZQmnf7uwcIJJnW0//rYAhikP3PwWgUBbZC2DZMjQ3xDBUcuLbmg4VaBvxT3zGiyCMQNRwm9njrLzVai/FfC/lv+02fs7DGffAJod6+HtGq4qnZ31ryNjg7LLr7RelJwrZh5ziTeklPXdVoFD5vVntFrOtk1hrD6Iq7HklDmscna03Lx4wruJ11TbX7pCofdd6/mNMs+4xv21sjbyRJWvntrFM9qIoliPpUSvWzVZo2pFCE1cFDI1FZpu/LCaPsff8IKXslN7IOwrDFwzjdIncQdzb44tZJlOjQujMwpz9nx6NgJva4bY25cU/qK2rElyh3lJuE7ZT31L6Dm6ofO5zo6Sr4adOSa013SbUsJ5JefDCKDNBt9h8j0PnZiPL551NvKVPmUELiBY7RzeuF6d1fumWvH7wXIEF1nMj/moHFpKhKozBqNLJf/6EZBQDqxH2HkNSJh/Z7sh6ncfI67RUwcs+PjdyoYk+UuArkMZMbm4EJ/0407nr+SIPtDdqwpj1IwmSykvjU8BBkjQ/juhSyhau3mwY6YQTvbtje4kx+NAcfkfnfToNP0Iudhu722fpXl4l3FfIZz98IRcW86QgffLpge0s6/lDfvWke3JsxDF4jh+wiUH7Fk4uU+p9eyZGkcyuLoZv3I7oSuBA10zR0WBIgWtbjvg78Y1V371a1FrJ7MIqQZtwTSwO9w1yXE+UcZuRq2LSDm9q80JNCK1bxb+WUn6GqtBIjmW8ucpF9deqzilLGXym1fpd37OB0pTZSy/ZizF0TViPLfcbMKETxMN1F1XVtzOQyZ3474NWEfeQswwOuUexV4TGTHV6finGZ+SSXJ5rkDek2F5F5IO075dqs4fnWEUqoCj65UxQddmrpc5vapKQEnRV/xisVDnTFIEQj352kKGe/xH0O20u+QtGo3YJA1/luvRHUmZrwyrRAV/tu73ZFf+OPqPz0CLgXvgrJh9RCYsESiORxhEy230VsGyn1HyH5R5yQNxDAR02L6IzofI/FcGN+Yw78S6MYC5qNmEbf5Y6jnRGt5D9bWVXorpUoEZ1VrIHUJXtSYMGZqsK8AzNFw25yleEE2U3THMycOagiD3ZkuAKTNhuDn3ozT7Q7H13xgmDRnqiYsP3ED3b6tWOdWGOPN1quBBk9WV+ZqhJ/yXPha3VyCm0qirdEpVsIjqG/FQo2iObZMqgwiwgJD+D94gjFUPkdNIT7WMvM1cMDXp45iC3lbQTsA3NgYdLesva/HKHOO7FfHCEik3Wn9v/2eiHnz9cLCffhgHjy38ZyORJKnG3PFY9yucGXGHy3XggWStdLj8iHVC/2JiMWo1ugaXcDckt68n74f4wXknnGjfl/IBbmTv1rd4s79X+uL3tYTGLGeveC5MuVNT8ijB5SScElJPoHfh5nRBbOIc5wIM6BYAr6Ws7dg3Z/1LLk1jJtgTc7U8LaJniSN+P7e68R+ryr1eqcTvUYsz7Krlh9ApUH6/4Tk6eCzLoqCzsGDwI0RPiMEurT7QFnnq7t1pVZ/YqADfqgPlBsl37MyWlRvGrcS6fEGuqB00+fpZWEkvt44khV8jOqGsJDH1E7M8qqPcp5N1MYSuhu7ZBZ5l8hgwLNNWF6q6k8vuoTmu2vZyvgXH68/pUmcgr1U2iN3n54sAjX5Lbu448HGdFytSoyYbTimDAobvIQ1gnU7alC9De9xQm/5lVLtUJieVZPmwZ57JpYdxF82YHoc38H36rrdvvLsSpCcWfsp7VU4iPL505dTZX2up/VOJYYZqTF+Dvc7LJ2qnK3xttXjPSUsmmjquROapob7y99BMvWZFtEW2r/pOZ5zc9yy7XFFJ7OApqJZ7Zsbi0++ux23lXpqEv/YV1txCxKCiuE4+mXJSRfZXHy0XWzTGkidTciLfWNhvoq8wInRppIFbnEZ3t2eQqYoq0lFQ3s3ZoS1BlQ3Gm9UGa9kT6ZqkTFZDu+c5Ugmqd9DzgdxLZDX+uxeun+BG/PXpGeGuCbTgRgpRXyYS8qdH0zNxMVaPo7RFesSofkQCT6sZ2r3iblSV/nmMNSDwboCvb0hy4mqP7Ys9aZ60PXwbfe/YgnND5sfcA1RG6jwuiGA+9Jz9lxC/oyu9mS+L7pyjek6+YpHA9R+kUTlIHU4YAdHGByQUCa6hwhnBIjEOCc+vP8Uhhcd83yq/NXuWIdBddGpf1LXMG/fBfx6Hfq/+WbiGKCC18U8atgqYwe23UFJDiQ5fAMfLHa7hOmN6/D146PNb+4N17uNiGXIzVd2Lum8KVltaaFKnyVeF39PYtF6ewuKeelgylZdRUz+7l2kkgLTC0pCbdeE6Urpx3rW8DRFPnVoVsxZ8kkTxO6bJtiUFMZrXUrdgc7+TuPnEgPUDtICdeJwMtwzMX3NjIzei5kBFwob2lXaPY0t18DUzZfwcpoqMCJrHxspWGsgtDl0I+G7OWeNO2tvC069rgEIzHVOdFa+gosC7KBjxD9SxA4oPcdDmDbqoGP7400Hb4Fd2ZxXz6utZWNYWSWzp1auOCTT9jqjdIRL3AwUsnwQY2A5i/oNoQnxbnYXdozzsmRl/Hl8mwWQhXV7BFB/k4LmXsBgapp6X/yKF88xhvFGFUC3aipeUwllKxF1/K1jbapJIsUDJSpV11rAWQWKi+7uwXyCGVy6n1UF3sNm1USv7BhEHfJrmVDXfJ5IcPlp1eW2HCgQw2TZ17tyGU6IhNRSaFqm8I8CGneIsRk4FD/Yl62fx4OBPlIW9/nQMbs4SnM2r3fYmRv5GlxligzoOn6djPikGh9U3NcqDAZhlEMB4jkYQtjgYczkCWHu8kKmdQY69KHPhz1Oj2i5DzXiBbJYyd60xnJ4mGhjLUfEXuJkcLjW7xLd7qeIFZSHrSeZpZyCs7td/8KpUtpkEQQa9UwjOdBX/6Fn5E1Vpk4ZNI7DCeDvc4JFIQyURudc85x9gWLL5ZVf/CUz0vA/cGi7s4gLPVX/Rp97XMyXsivdOKrCgcJfpLdhfJis++Gj+y0+sgJckJpzQ+Ing/wGW08bTSl8RPbQ3uOHp2ra9yWrVsaXjQUI3lV9hZ/oEJYU9R02qoNoWbNJ9JR3weHvkl6T8kJQVZc1ltcHjEeNqg2YbL5eoCc1DKH2IysZmgkXAi1nGsc+IyThCiYoq+ofrYRQ5CpMhwom06s7qawmsiME3J7VRob/HSn/ygHpNpBR61Ma5cR/arFMAxbiLCZYnA9QZi3iJvMLFa2fjabySOCI2QVoTkLTAjdcicWiDMCJTRwhQd4Kw4E7vkXxycVLqbsyDtX/xvh/8djoTvLFI0wchRIknMmpMQJijG9ivSDkIZeQOSM4kp8I/Kp6I950iUBUzjQKnR3OCU6C7tlv1CFLJOOOCJ+hVJEGtZY2nvOpmWSEchmL/v1GsKzewOIUiaqDFmkrjBPwSm+kHJKvjwKgV0+hLRyIOYYjNE/7y7UYkBhhhGE0cO8VuBAoyToMHRb/3gTdHvErB4M9FGSjrR0l4eClNAkwR+5+6Jw0vZWUx6XMUWk4KG9GxYjTj4M3NZH0Bkc8CeLgLGliqIOkUpGyQmYOAuox+1Y3BOd/TYpIQmYgHAtFudr4UBzT9NFLesNe4a24iZrQg+bm/t0Fs2Wzjcfovx//2rqf9we/h8N+e7cJEb5P/+j/63d/TAQfPr/AQCW8b4="},"referFrom":"Advertisment"}
    Forwarded URL = null
   Redirected URL = null
          Cookies = []
]]></system-out>
  </testcase>
  <testcase name="updatePersonWithMultipartTest" classname="com.example.mypack.controller.PersonControllerTest" time="0.046">
    <failure message="No value at JSON path &quot;$.firstName&quot;" type="java.lang.AssertionError"><![CDATA[java.lang.AssertionError: No value at JSON path "$.firstName"
	at org.springframework.test.util.JsonPathExpectationsHelper.evaluateJsonPath(JsonPathExpectationsHelper.java:302)
	at org.springframework.test.util.JsonPathExpectationsHelper.assertValue(JsonPathExpectationsHelper.java:73)
	at org.springframework.test.web.servlet.result.JsonPathResultMatchers.lambda$value$0(JsonPathResultMatchers.java:87)
	at org.springframework.test.web.servlet.MockMvc$1.andExpect(MockMvc.java:214)
	at com.example.mypack.controller.PersonControllerTest.updatePersonWithMultipartTest(PersonControllerTest.java:243)
	at java.base/java.lang.reflect.Method.invoke(Method.java:568)
	at java.base/java.util.ArrayList.forEach(ArrayList.java:1511)
	at java.base/java.util.ArrayList.forEach(ArrayList.java:1511)
Caused by: java.lang.IllegalArgumentException: json can not be null or empty
	at com.jayway.jsonpath.internal.Utils.notEmpty(Utils.java:401)
	at com.jayway.jsonpath.JsonPath.read(JsonPath.java:390)
	at com.jayway.jsonpath.JsonPath.read(JsonPath.java:377)
	at org.springframework.test.util.JsonPathExpectationsHelper.evaluateJsonPath(JsonPathExpectationsHelper.java:299)
	... 7 more
]]></failure>
    <system-out><![CDATA[
MockHttpServletRequest:
      HTTP Method = POST
      Request URI = /v1/person
       Parameters = {}
          Headers = [Content-Type:"multipart/form-data;charset=UTF-8"]
             Body = null
    Session Attrs = {}

Handler:
             Type = com.example.mypack.controller.PersonController
           Method = com.example.mypack.controller.PersonController#addPerson(Person, MultipartFile)

Async:
    Async started = false
     Async result = null

Resolved Exception:
             Type = null

ModelAndView:
        View name = null
             View = null
            Model = null

FlashMap:
       Attributes = null

MockHttpServletResponse:
           Status = 201
    Error message = null
          Headers = [Vary:"Origin", "Access-Control-Request-Method", "Access-Control-Request-Headers"]
     Content type = null
             Body = 
    Forwarded URL = null
   Redirected URL = null
          Cookies = []

MockHttpServletRequest:
      HTTP Method = POST
      Request URI = /v1/person
       Parameters = {}
          Headers = [Content-Type:"multipart/form-data;charset=UTF-8"]
             Body = null
    Session Attrs = {}

Handler:
             Type = com.example.mypack.controller.PersonController
           Method = com.example.mypack.controller.PersonController#addPerson(Person, MultipartFile)

Async:
    Async started = false
     Async result = null

Resolved Exception:
             Type = null

ModelAndView:
        View name = null
             View = null
            Model = null

FlashMap:
       Attributes = null

MockHttpServletResponse:
           Status = 201
    Error message = null
          Headers = [Vary:"Origin", "Access-Control-Request-Method", "Access-Control-Request-Headers"]
     Content type = null
             Body = 
    Forwarded URL = null
   Redirected URL = null
          Cookies = []
]]></system-out>
  </testcase>
</testsuite>